Using pre-set license
Built from '2022.2/staging' branch; Version is '2022.2.11f1 (621cd60d08fd) revision 6429910'; Using compiler version '192829333'; Build Type 'Release'
OS: 'Windows 10  (10.0.19045) 64bit Professional' Language: 'tr' Physical Memory: 16177 MB
BatchMode: 1, IsHumanControllingUs: 0, StartBugReporterOnCrash: 0, Is64bit: 1, IsPro: 1

COMMAND LINE ARGUMENTS:
C:\Program Files\Unity\Hub\Editor\2022.2.11f1\Editor\Unity.exe
-adb2
-batchMode
-noUpm
-name
AssetImportWorker4
-projectPath
C:/Users/PC/Desktop/jamCase/jam33/My project
-logFile
Logs/AssetImportWorker4.log
-srvPort
58804
Successfully changed project path to: C:/Users/PC/Desktop/jamCase/jam33/My project
C:/Users/PC/Desktop/jamCase/jam33/My project
[UnityMemory] Configuration Parameters - Can be set up in boot.config
    "memorysetup-bucket-allocator-granularity=16"
    "memorysetup-bucket-allocator-bucket-count=8"
    "memorysetup-bucket-allocator-block-size=33554432"
    "memorysetup-bucket-allocator-block-count=8"
    "memorysetup-main-allocator-block-size=16777216"
    "memorysetup-thread-allocator-block-size=16777216"
    "memorysetup-gfx-main-allocator-block-size=16777216"
    "memorysetup-gfx-thread-allocator-block-size=16777216"
    "memorysetup-cache-allocator-block-size=4194304"
    "memorysetup-typetree-allocator-block-size=2097152"
    "memorysetup-profiler-bucket-allocator-granularity=16"
    "memorysetup-profiler-bucket-allocator-bucket-count=8"
    "memorysetup-profiler-bucket-allocator-block-size=33554432"
    "memorysetup-profiler-bucket-allocator-block-count=8"
    "memorysetup-profiler-allocator-block-size=16777216"
    "memorysetup-profiler-editor-allocator-block-size=1048576"
    "memorysetup-temp-allocator-size-main=16777216"
    "memorysetup-job-temp-allocator-block-size=2097152"
    "memorysetup-job-temp-allocator-block-size-background=1048576"
    "memorysetup-job-temp-allocator-reduction-small-platforms=262144"
    "memorysetup-temp-allocator-size-background-worker=32768"
    "memorysetup-temp-allocator-size-job-worker=262144"
    "memorysetup-temp-allocator-size-preload-manager=33554432"
    "memorysetup-temp-allocator-size-nav-mesh-worker=65536"
    "memorysetup-temp-allocator-size-audio-worker=65536"
    "memorysetup-temp-allocator-size-cloud-worker=32768"
    "memorysetup-temp-allocator-size-gi-baking-worker=262144"
    "memorysetup-temp-allocator-size-gfx=262144"
Player connection [22844] Host "[IP] 192.168.1.4 [Port] 0 [Flags] 2 [Guid] 1200490821 [EditorId] 1200490821 [Version] 1048832 [Id] WindowsEditor(7,DESKTOP-ETJUP5C) [Debug] 1 [PackageName] WindowsEditor [ProjectName] Editor" joined multi-casting on [225.0.0.222:54997]...

Player connection [22844] Host "[IP] 192.168.1.4 [Port] 0 [Flags] 2 [Guid] 1200490821 [EditorId] 1200490821 [Version] 1048832 [Id] WindowsEditor(7,DESKTOP-ETJUP5C) [Debug] 1 [PackageName] WindowsEditor [ProjectName] Editor" joined alternative multi-casting on [225.0.0.222:34997]...

Refreshing native plugins compatible for Editor in 7.32 ms, found 3 plugins.
Preloading 0 native plugins for Editor in 0.00 ms.
Initialize engine version: 2022.2.11f1 (621cd60d08fd)
[Subsystems] Discovering subsystems at path C:/Program Files/Unity/Hub/Editor/2022.2.11f1/Editor/Data/Resources/UnitySubsystems
[Subsystems] Discovering subsystems at path C:/Users/PC/Desktop/jamCase/jam33/My project/Assets
GfxDevice: creating device client; threaded=0; jobified=0
Direct3D:
    Version:  Direct3D 11.0 [level 11.1]
    Renderer: NVIDIA GeForce RTX 3060 (ID=0x2487)
    Vendor:   NVIDIA
    VRAM:     12124 MB
    Driver:   31.0.15.3129
Initialize mono
Mono path[0] = 'C:/Program Files/Unity/Hub/Editor/2022.2.11f1/Editor/Data/Managed'
Mono path[1] = 'C:/Program Files/Unity/Hub/Editor/2022.2.11f1/Editor/Data/MonoBleedingEdge/lib/mono/unityjit-win32'
Mono config path = 'C:/Program Files/Unity/Hub/Editor/2022.2.11f1/Editor/Data/MonoBleedingEdge/etc'
Using monoOptions --debugger-agent=transport=dt_socket,embedding=1,server=y,suspend=n,address=127.0.0.1:56588
Begin MonoManager ReloadAssembly
Registering precompiled unity dll's ...
Register platform support module: C:/Program Files/Unity/Hub/Editor/2022.2.11f1/Editor/Data/PlaybackEngines/WebGLSupport/UnityEditor.WebGL.Extensions.dll
Register platform support module: C:/Program Files/Unity/Hub/Editor/2022.2.11f1/Editor/Data/PlaybackEngines/AndroidPlayer/UnityEditor.Android.Extensions.dll
Register platform support module: C:/Program Files/Unity/Hub/Editor/2022.2.11f1/Editor/Data/PlaybackEngines/WindowsStandaloneSupport/UnityEditor.WindowsStandalone.Extensions.dll
Registered in 0.011167 seconds.
- Loaded All Assemblies, in  0.286 seconds
Native extension for WindowsStandalone target not found
Native extension for Android target not found
Android Extension - Scanning For ADB Devices 214 ms
Native extension for WebGL target not found
Mono: successfully reloaded assembly
- Finished resetting the current domain, in  0.458 seconds
Domain Reload Profiling:
	ReloadAssembly (175ms)
		BeginReloadAssembly (80ms)
			ExecutionOrderSort (0ms)
			DisableScriptedObjects (0ms)
			BackupInstance (0ms)
			ReleaseScriptingObjects (0ms)
			CreateAndSetChildDomain (1ms)
		LoadAllAssembliesAndSetupDomain (0ms)
			LoadAssemblies (78ms)
			RebuildTransferFunctionScriptingTraits (0ms)
			SetupTypeCache (103ms)
				TypeCache.Initialize (103ms)
					TypeCache.ScanAssembly (101ms)
				ResolveRequiredComponents (0ms)
		FinalizeReload (0ms)
			ReleaseScriptCaches (0ms)
			RebuildScriptCaches (0ms)
			SetupLoadedEditorAssemblies (410ms)
				LogAssemblyErrors (0ms)
				InitializePlatformSupportModulesInManaged (287ms)
				SetLoadedEditorAssemblies (4ms)
				RefreshPlugins (0ms)
				BeforeProcessingInitializeOnLoad (1ms)
				ProcessInitializeOnLoadAttributes (81ms)
				ProcessInitializeOnLoadMethodAttributes (38ms)
				AfterProcessingInitializeOnLoad (0ms)
				EditorAssembliesLoaded (0ms)
			ExecutionOrderSort2 (0ms)
			AwakeInstancesAfterBackupRestoration (0ms)
========================================================================
Worker process is ready to serve import requests
Begin MonoManager ReloadAssembly
Symbol file LoadedFromMemory doesn't match image C:\Users\PC\Desktop\jamCase\jam33\My project\Library\PackageCache\com.unity.visualscripting@1.8.0\Editor\VisualScripting.Core\Dependencies\YamlDotNet\Unity.VisualScripting.YamlDotNet.dll
Symbol file LoadedFromMemory doesn't match image C:\Users\PC\Desktop\jamCase\jam33\My project\Library\PackageCache\com.unity.visualscripting@1.8.0\Editor\VisualScripting.Core\Dependencies\DotNetZip\Unity.VisualScripting.IonicZip.dll
- Loaded All Assemblies, in  0.623 seconds
Refreshing native plugins compatible for Editor in 3.26 ms, found 3 plugins.
Native extension for WindowsStandalone target not found
Native extension for Android target not found
Native extension for WebGL target not found
Mono: successfully reloaded assembly
- Finished resetting the current domain, in  0.450 seconds
Domain Reload Profiling:
	ReloadAssembly (197ms)
		BeginReloadAssembly (116ms)
			ExecutionOrderSort (0ms)
			DisableScriptedObjects (6ms)
			BackupInstance (0ms)
			ReleaseScriptingObjects (0ms)
			CreateAndSetChildDomain (21ms)
		LoadAllAssembliesAndSetupDomain (423ms)
			LoadAssemblies (238ms)
			RebuildTransferFunctionScriptingTraits (0ms)
			SetupTypeCache (239ms)
				TypeCache.Initialize (224ms)
					TypeCache.ScanAssembly (220ms)
				ResolveRequiredComponents (3ms)
		FinalizeReload (0ms)
			ReleaseScriptCaches (0ms)
			RebuildScriptCaches (0ms)
			SetupLoadedEditorAssemblies (321ms)
				LogAssemblyErrors (0ms)
				InitializePlatformSupportModulesInManaged (21ms)
				SetLoadedEditorAssemblies (3ms)
				RefreshPlugins (0ms)
				BeforeProcessingInitializeOnLoad (56ms)
				ProcessInitializeOnLoadAttributes (214ms)
				ProcessInitializeOnLoadMethodAttributes (18ms)
				AfterProcessingInitializeOnLoad (9ms)
				EditorAssembliesLoaded (0ms)
			ExecutionOrderSort2 (0ms)
			AwakeInstancesAfterBackupRestoration (6ms)
Launched and connected shader compiler UnityShaderCompiler.exe after 0.03 seconds
Refreshing native plugins compatible for Editor in 2.80 ms, found 3 plugins.
Preloading 0 native plugins for Editor in 0.00 ms.
Unloading 3147 Unused Serialized files (Serialized files now loaded: 0)
Unloading 34 unused Assets / (66.3 KB). Loaded Objects now: 3617.
Memory consumption went from 110.7 MB to 110.6 MB.
Total: 2.746900 ms (FindLiveObjects: 0.201900 ms CreateObjectMapping: 0.139400 ms MarkObjects: 2.306900 ms  DeleteObjects: 0.097900 ms)

AssetImportParameters requested are different than current active one (requested -> active):
  custom:container-demuxer-ogg: 62fdf1f143b41e24485cea50d1cbac27 -> 
  custom:video-decoder-ogg-theora: a1e56fd34408186e4bbccfd4996cb3dc -> 
  custom:framework-win-MediaFoundation: 216162199b28c13a410421893ffa2e32 -> 
  custom:container-demuxer-webm: 4f35f7cbe854078d1ac9338744f61a02 -> 
  custom:container-muxer-webm: aa71ff27fc2769a1b78a27578f13a17b -> 
  custom:video-decoder-webm-vp8: 9c59270c3fd7afecdb556c50c9e8de78 -> 
  custom:AudioImporter_EditorPlatform: d09bf68614088b80899f8185d706f6e7 -> 
  custom:video-encoder-webm-vp8: eb34c28f22e8b96e1ab97ce403110664 -> 
  custom:audio-decoder-ogg-vorbis: bf7c407c2cedff20999df2af8eb42d56 -> 
  custom:audio-encoder-webm-vorbis: bf7c407c2cedff20999df2af8eb42d56 -> 
========================================================================
Received Import Request.
  Time since last request: 2170288.697297 seconds.
  path: Assets/Materials/fish robot.mat
  artifactKey: Guid(b245be756fc4faa4db6fcf7746917bad) Importer(815301076,1909f56bfc062723c751e8b465ee728b)
Start importing Assets/Materials/fish robot.mat using Guid(b245be756fc4faa4db6fcf7746917bad) Importer(815301076,1909f56bfc062723c751e8b465ee728b)  -> (artifact id: 'f0a65bbe1a6f0f853eebb704439f86f7') in 0.111254 seconds 
Number of updated asset objects reloaded before import = 0
Number of asset objects unloaded after import = 3
========================================================================
Received Import Request.
  Time since last request: 3.316258 seconds.
  path: Assets/Materials/GlowBlack.001.mat
  artifactKey: Guid(25932f862836c29478029a010fbb3d74) Importer(815301076,1909f56bfc062723c751e8b465ee728b)
Start importing Assets/Materials/GlowBlack.001.mat using Guid(25932f862836c29478029a010fbb3d74) Importer(815301076,1909f56bfc062723c751e8b465ee728b)  -> (artifact id: '5187d71e9bacb04cf978f4f6ecbd0904') in 0.010932 seconds 
Number of updated asset objects reloaded before import = 0
Number of asset objects unloaded after import = 1
========================================================================
Received Import Request.
  Time since last request: 0.000017 seconds.
  path: Assets/Materials/gun1.png
  artifactKey: Guid(e9da09a1bc2ef95439546848f5250d60) Importer(815301076,1909f56bfc062723c751e8b465ee728b)
Start importing Assets/Materials/gun1.png using Guid(e9da09a1bc2ef95439546848f5250d60) Importer(815301076,1909f56bfc062723c751e8b465ee728b)  -> (artifact id: 'd60405ec5d8ff0037eb4f54de1424b6b') in 0.022672 seconds 
Number of updated asset objects reloaded before import = 0
Number of asset objects unloaded after import = 2
========================================================================
Received Import Request.
  Time since last request: 6.255428 seconds.
  path: Assets/Materials/gun2.png
  artifactKey: Guid(5a1c5d7fae23a26428ef22e2cc45b612) Importer(815301076,1909f56bfc062723c751e8b465ee728b)
Start importing Assets/Materials/gun2.png using Guid(5a1c5d7fae23a26428ef22e2cc45b612) Importer(815301076,1909f56bfc062723c751e8b465ee728b)  -> (artifact id: '10572a9c80da149ed3038d17e046c85b') in 0.013242 seconds 
Number of updated asset objects reloaded before import = 0
Number of asset objects unloaded after import = 2
========================================================================
Received Import Request.
  Time since last request: 0.000020 seconds.
  path: Assets/Materials/IMref4_kopf01.001 1.mat
  artifactKey: Guid(7021ff803f846a54d9aaaea4164dab59) Importer(815301076,1909f56bfc062723c751e8b465ee728b)
Start importing Assets/Materials/IMref4_kopf01.001 1.mat using Guid(7021ff803f846a54d9aaaea4164dab59) Importer(815301076,1909f56bfc062723c751e8b465ee728b)  -> (artifact id: 'ed6e4a14f3b40c944d44daf292a25c77') in 0.014186 seconds 
Number of updated asset objects reloaded before import = 0
Number of asset objects unloaded after import = 2
========================================================================
Received Import Request.
  Time since last request: 0.000014 seconds.
  path: Assets/Materials/initialShadingGroup.mat
  artifactKey: Guid(bf0d282b6c4a68c419e70733fe188741) Importer(815301076,1909f56bfc062723c751e8b465ee728b)
Start importing Assets/Materials/initialShadingGroup.mat using Guid(bf0d282b6c4a68c419e70733fe188741) Importer(815301076,1909f56bfc062723c751e8b465ee728b)  -> (artifact id: '85e2e95c0662d3a77031691efd1c98bc') in 0.032963 seconds 
Number of updated asset objects reloaded before import = 0
Number of asset objects unloaded after import = 4
========================================================================
Received Import Request.
  Time since last request: 0.124258 seconds.
  path: Assets/Materials/lambert1.mat
  artifactKey: Guid(5f322478cf644a94eb66f3f8299d7f80) Importer(815301076,1909f56bfc062723c751e8b465ee728b)
Start importing Assets/Materials/lambert1.mat using Guid(5f322478cf644a94eb66f3f8299d7f80) Importer(815301076,1909f56bfc062723c751e8b465ee728b)  -> (artifact id: 'aef381d34f824c53c5344233760f29d1') in 0.012223 seconds 
Number of updated asset objects reloaded before import = 0
Number of asset objects unloaded after import = 1
========================================================================
Received Import Request.
  Time since last request: 0.000018 seconds.
  path: Assets/Materials/mat_base.mat
  artifactKey: Guid(7bfb19e6b3446f74686e62a41dce755c) Importer(815301076,1909f56bfc062723c751e8b465ee728b)
Start importing Assets/Materials/mat_base.mat using Guid(7bfb19e6b3446f74686e62a41dce755c) Importer(815301076,1909f56bfc062723c751e8b465ee728b)  -> (artifact id: '17316f4c6f56c4673b587bc3784a7a00') in 0.011503 seconds 
Number of updated asset objects reloaded before import = 0
Number of asset objects unloaded after import = 1
========================================================================
Received Import Request.
  Time since last request: 3.521454 seconds.
  path: Assets/Materials/Material.001.mat
  artifactKey: Guid(5c4a792a42257a84197b67ffc266fa23) Importer(815301076,1909f56bfc062723c751e8b465ee728b)
Start importing Assets/Materials/Material.001.mat using Guid(5c4a792a42257a84197b67ffc266fa23) Importer(815301076,1909f56bfc062723c751e8b465ee728b)  -> (artifact id: '3d27265ff5a2d97da8e37926d6500bb7') in 0.010920 seconds 
Number of updated asset objects reloaded before import = 0
Number of asset objects unloaded after import = 1
========================================================================
Received Import Request.
  Time since last request: 0.000016 seconds.
  path: Assets/Materials/Material.003.mat
  artifactKey: Guid(443e2f4da31fa8e46a2d407e9e56de8e) Importer(815301076,1909f56bfc062723c751e8b465ee728b)
Start importing Assets/Materials/Material.003.mat using Guid(443e2f4da31fa8e46a2d407e9e56de8e) Importer(815301076,1909f56bfc062723c751e8b465ee728b)  -> (artifact id: '9b2effeabdd881d85c9055f16ed6bc99') in 0.013049 seconds 
Number of updated asset objects reloaded before import = 0
Number of asset objects unloaded after import = 1
========================================================================
Received Import Request.
  Time since last request: 15.356898 seconds.
  path: Assets/Materials/Material.007.mat
  artifactKey: Guid(534bbc03b63d02f41b9110e207e1dc8e) Importer(815301076,1909f56bfc062723c751e8b465ee728b)
Start importing Assets/Materials/Material.007.mat using Guid(534bbc03b63d02f41b9110e207e1dc8e) Importer(815301076,1909f56bfc062723c751e8b465ee728b)  -> (artifact id: '2135f9943c9a1fca97be0fc4235d39aa') in 0.010916 seconds 
Number of updated asset objects reloaded before import = 0
Number of asset objects unloaded after import = 2
========================================================================
Received Import Request.
  Time since last request: 0.000019 seconds.
  path: Assets/Materials/Material.010.mat
  artifactKey: Guid(8da882242f499ae4586736c42832de61) Importer(815301076,1909f56bfc062723c751e8b465ee728b)
Start importing Assets/Materials/Material.010.mat using Guid(8da882242f499ae4586736c42832de61) Importer(815301076,1909f56bfc062723c751e8b465ee728b)  -> (artifact id: '9bd45e2adcbea847990210e4f1993c16') in 0.010375 seconds 
Number of updated asset objects reloaded before import = 0
Number of asset objects unloaded after import = 1
========================================================================
Received Import Request.
  Time since last request: 0.120636 seconds.
  path: Assets/Materials/Material.011 1.mat
  artifactKey: Guid(85ee416f13ac41642a1074310ea0e270) Importer(815301076,1909f56bfc062723c751e8b465ee728b)
Start importing Assets/Materials/Material.011 1.mat using Guid(85ee416f13ac41642a1074310ea0e270) Importer(815301076,1909f56bfc062723c751e8b465ee728b)  -> (artifact id: '344f539635de454e7bb062993284cb5d') in 0.010560 seconds 
Number of updated asset objects reloaded before import = 0
Number of asset objects unloaded after import = 1
========================================================================
Received Import Request.
  Time since last request: 0.000015 seconds.
  path: Assets/Materials/Material.015.mat
  artifactKey: Guid(590ecb930c45b2840bc4e1b0ac11707c) Importer(815301076,1909f56bfc062723c751e8b465ee728b)
Start importing Assets/Materials/Material.015.mat using Guid(590ecb930c45b2840bc4e1b0ac11707c) Importer(815301076,1909f56bfc062723c751e8b465ee728b)  -> (artifact id: '2dc6e0b93e7948b323065fa2170880aa') in 0.012645 seconds 
Number of updated asset objects reloaded before import = 0
Number of asset objects unloaded after import = 1
========================================================================
Received Import Request.
  Time since last request: 11.350080 seconds.
  path: Assets/Materials/Material.016.mat
  artifactKey: Guid(6f0d846118d756c4ea3f65331adc3004) Importer(815301076,1909f56bfc062723c751e8b465ee728b)
Start importing Assets/Materials/Material.016.mat using Guid(6f0d846118d756c4ea3f65331adc3004) Importer(815301076,1909f56bfc062723c751e8b465ee728b)  -> (artifact id: '10343d1baf8bd6355a562702adc7d681') in 0.010447 seconds 
Number of updated asset objects reloaded before import = 0
Number of asset objects unloaded after import = 1
========================================================================
Received Import Request.
  Time since last request: 0.000014 seconds.
  path: Assets/Materials/Material.023.mat
  artifactKey: Guid(9dd480efef7c37b42965828660de891d) Importer(815301076,1909f56bfc062723c751e8b465ee728b)
Start importing Assets/Materials/Material.023.mat using Guid(9dd480efef7c37b42965828660de891d) Importer(815301076,1909f56bfc062723c751e8b465ee728b)  -> (artifact id: '81c277254d592c09d28dfc4bf69789ca') in 0.010797 seconds 
Number of updated asset objects reloaded before import = 0
Number of asset objects unloaded after import = 2
========================================================================
Received Import Request.
  Time since last request: 0.000014 seconds.
  path: Assets/Materials/Material.022.mat
  artifactKey: Guid(63a5ad2a79afa004783664adc31486fd) Importer(815301076,1909f56bfc062723c751e8b465ee728b)
Start importing Assets/Materials/Material.022.mat using Guid(63a5ad2a79afa004783664adc31486fd) Importer(815301076,1909f56bfc062723c751e8b465ee728b)  -> (artifact id: 'e8018db90a15cd884379ba5f0e0d813b') in 0.011660 seconds 
Number of updated asset objects reloaded before import = 0
Number of asset objects unloaded after import = 2
========================================================================
Received Import Request.
  Time since last request: 0.690780 seconds.
  path: Assets/Materials/Material.024.mat
  artifactKey: Guid(057fdad1c56eff74592f520c8dc094f7) Importer(815301076,1909f56bfc062723c751e8b465ee728b)
Start importing Assets/Materials/Material.024.mat using Guid(057fdad1c56eff74592f520c8dc094f7) Importer(815301076,1909f56bfc062723c751e8b465ee728b)  -> (artifact id: '04cd82db5476c1bfcc23aff61cd18ce5') in 0.010601 seconds 
Number of updated asset objects reloaded before import = 0
Number of asset objects unloaded after import = 2
========================================================================
Received Import Request.
  Time since last request: 0.000013 seconds.
  path: Assets/Materials/Material.025.mat
  artifactKey: Guid(20f40acf3265d4a4b8cc794425d177b4) Importer(815301076,1909f56bfc062723c751e8b465ee728b)
Start importing Assets/Materials/Material.025.mat using Guid(20f40acf3265d4a4b8cc794425d177b4) Importer(815301076,1909f56bfc062723c751e8b465ee728b)  -> (artifact id: '229be02d351db7a4715fb61c3ef472e8') in 0.013683 seconds 
Number of updated asset objects reloaded before import = 0
Number of asset objects unloaded after import = 2
========================================================================
Received Import Request.
  Time since last request: 0.020134 seconds.
  path: Assets/Materials/Material.026 1.mat
  artifactKey: Guid(6cc35cbd370aef24c865c1a9a4bec24c) Importer(815301076,1909f56bfc062723c751e8b465ee728b)
Start importing Assets/Materials/Material.026 1.mat using Guid(6cc35cbd370aef24c865c1a9a4bec24c) Importer(815301076,1909f56bfc062723c751e8b465ee728b)  -> (artifact id: '26b9cc39096f52f9c65ac42e127eee72') in 0.010617 seconds 
Number of updated asset objects reloaded before import = 0
Number of asset objects unloaded after import = 1
========================================================================
Received Import Request.
  Time since last request: 0.000016 seconds.
  path: Assets/Materials/Material.027 2.mat
  artifactKey: Guid(5fc4ab730d40f334a9a77afa3cc7d4df) Importer(815301076,1909f56bfc062723c751e8b465ee728b)
Start importing Assets/Materials/Material.027 2.mat using Guid(5fc4ab730d40f334a9a77afa3cc7d4df) Importer(815301076,1909f56bfc062723c751e8b465ee728b)  -> (artifact id: '7ffe17bed7b06a1760371abb33c54cea') in 0.011595 seconds 
Number of updated asset objects reloaded before import = 0
Number of asset objects unloaded after import = 1
========================================================================
Received Import Request.
  Time since last request: 0.000015 seconds.
  path: Assets/Materials/Material.028.mat
  artifactKey: Guid(81b7183f60ecb984896561f8253aed3a) Importer(815301076,1909f56bfc062723c751e8b465ee728b)
Start importing Assets/Materials/Material.028.mat using Guid(81b7183f60ecb984896561f8253aed3a) Importer(815301076,1909f56bfc062723c751e8b465ee728b)  -> (artifact id: 'dc352b7669190959333c652fe9d38576') in 0.010974 seconds 
Number of updated asset objects reloaded before import = 0
Number of asset objects unloaded after import = 2
========================================================================
Received Import Request.
  Time since last request: 2.929764 seconds.
  path: Assets/Materials/Material.028 2.mat
  artifactKey: Guid(64b1df7e9bc3b4249b6bbce5fc88029d) Importer(815301076,1909f56bfc062723c751e8b465ee728b)
Start importing Assets/Materials/Material.028 2.mat using Guid(64b1df7e9bc3b4249b6bbce5fc88029d) Importer(815301076,1909f56bfc062723c751e8b465ee728b)  -> (artifact id: '731fecaa52bfa7e667bf48a61b50beb1') in 0.011017 seconds 
Number of updated asset objects reloaded before import = 0
Number of asset objects unloaded after import = 1
========================================================================
Received Import Request.
  Time since last request: 0.000013 seconds.
  path: Assets/Materials/Material.030 2.mat
  artifactKey: Guid(762d55fa395bdc742a274faab547f7dc) Importer(815301076,1909f56bfc062723c751e8b465ee728b)
Start importing Assets/Materials/Material.030 2.mat using Guid(762d55fa395bdc742a274faab547f7dc) Importer(815301076,1909f56bfc062723c751e8b465ee728b)  -> (artifact id: '458e0078b68fb34d6c867d9bb45dc114') in 0.019660 seconds 
Number of updated asset objects reloaded before import = 0
Number of asset objects unloaded after import = 1
========================================================================
Received Import Request.
  Time since last request: 0.000014 seconds.
  path: Assets/Materials/Material.030 1.mat
  artifactKey: Guid(e4af90f8cb56f874d8185e1413f304c5) Importer(815301076,1909f56bfc062723c751e8b465ee728b)
Start importing Assets/Materials/Material.030 1.mat using Guid(e4af90f8cb56f874d8185e1413f304c5) Importer(815301076,1909f56bfc062723c751e8b465ee728b)  -> (artifact id: 'dbd3d9ea4d1f71b8197673ce2401ad2f') in 0.009238 seconds 
Number of updated asset objects reloaded before import = 0
Number of asset objects unloaded after import = 1
========================================================================
Received Import Request.
  Time since last request: 0.007879 seconds.
  path: Assets/Materials/Material.031.mat
  artifactKey: Guid(6b57396dd1bd7e84fb980ac88faf394d) Importer(815301076,1909f56bfc062723c751e8b465ee728b)
Start importing Assets/Materials/Material.031.mat using Guid(6b57396dd1bd7e84fb980ac88faf394d) Importer(815301076,1909f56bfc062723c751e8b465ee728b)  -> (artifact id: '71f1fb962d40b415dbb90ab4278fdcc5') in 0.012943 seconds 
Number of updated asset objects reloaded before import = 0
Number of asset objects unloaded after import = 1
========================================================================
Received Import Request.
  Time since last request: 0.000014 seconds.
  path: Assets/Materials/Material.032 1.mat
  artifactKey: Guid(1e7a45f5b837fb049b9120d6515ef3f8) Importer(815301076,1909f56bfc062723c751e8b465ee728b)
Start importing Assets/Materials/Material.032 1.mat using Guid(1e7a45f5b837fb049b9120d6515ef3f8) Importer(815301076,1909f56bfc062723c751e8b465ee728b)  -> (artifact id: '84363e4f2641620c661e3a2d05dff343') in 0.010284 seconds 
Number of updated asset objects reloaded before import = 0
Number of asset objects unloaded after import = 1
========================================================================
Received Import Request.
  Time since last request: 2.744284 seconds.
  path: Assets/Materials/Material.033 1.mat
  artifactKey: Guid(37975e50a2716e74aaf12d719f762b6e) Importer(815301076,1909f56bfc062723c751e8b465ee728b)
Start importing Assets/Materials/Material.033 1.mat using Guid(37975e50a2716e74aaf12d719f762b6e) Importer(815301076,1909f56bfc062723c751e8b465ee728b)  -> (artifact id: '2a6929df6cbb08da5dd35e0c23ada6de') in 0.011020 seconds 
Number of updated asset objects reloaded before import = 0
Number of asset objects unloaded after import = 2
========================================================================
Received Import Request.
  Time since last request: 0.000017 seconds.
  path: Assets/Materials/Material.034 2.mat
  artifactKey: Guid(9c2bf257912d838418a65b0cb5c90f7b) Importer(815301076,1909f56bfc062723c751e8b465ee728b)
Start importing Assets/Materials/Material.034 2.mat using Guid(9c2bf257912d838418a65b0cb5c90f7b) Importer(815301076,1909f56bfc062723c751e8b465ee728b)  -> (artifact id: '5bf86e1665cb4d03ba4f7a37577858ba') in 0.012961 seconds 
Number of updated asset objects reloaded before import = 0
Number of asset objects unloaded after import = 2
========================================================================
Received Import Request.
  Time since last request: 0.031702 seconds.
  path: Assets/Materials/Material.035 2.mat
  artifactKey: Guid(2ce970200a98cf94fbc1ec530df3d4a3) Importer(815301076,1909f56bfc062723c751e8b465ee728b)
Start importing Assets/Materials/Material.035 2.mat using Guid(2ce970200a98cf94fbc1ec530df3d4a3) Importer(815301076,1909f56bfc062723c751e8b465ee728b)  -> (artifact id: '025efd748616ea9aa168254fad200b0d') in 0.011578 seconds 
Number of updated asset objects reloaded before import = 0
Number of asset objects unloaded after import = 2
========================================================================
Received Import Request.
  Time since last request: 0.000012 seconds.
  path: Assets/Materials/Material.037 2.mat
  artifactKey: Guid(0a342ca644f73124eaf10000eca9fd98) Importer(815301076,1909f56bfc062723c751e8b465ee728b)
Start importing Assets/Materials/Material.037 2.mat using Guid(0a342ca644f73124eaf10000eca9fd98) Importer(815301076,1909f56bfc062723c751e8b465ee728b)  -> (artifact id: '6a8fd588279326e6bf7a800d5b006837') in 0.009733 seconds 
Number of updated asset objects reloaded before import = 0
Number of asset objects unloaded after import = 1
========================================================================
Received Import Request.
  Time since last request: 14.812409 seconds.
  path: Assets/Materials/Material.038.mat
  artifactKey: Guid(00468d5588ed8d44db08138a3ea7bba2) Importer(815301076,1909f56bfc062723c751e8b465ee728b)
Start importing Assets/Materials/Material.038.mat using Guid(00468d5588ed8d44db08138a3ea7bba2) Importer(815301076,1909f56bfc062723c751e8b465ee728b)  -> (artifact id: 'b893d3aea8854bee8546cf4e23f3ca19') in 0.011929 seconds 
Number of updated asset objects reloaded before import = 0
Number of asset objects unloaded after import = 1
========================================================================
Received Import Request.
  Time since last request: 0.000029 seconds.
  path: Assets/Materials/Material.039.mat
  artifactKey: Guid(c8932ffd01069dd4f81013c3e5c03f1a) Importer(815301076,1909f56bfc062723c751e8b465ee728b)
Start importing Assets/Materials/Material.039.mat using Guid(c8932ffd01069dd4f81013c3e5c03f1a) Importer(815301076,1909f56bfc062723c751e8b465ee728b)  -> (artifact id: '947c003aee4462e0a88d4d3c3dae9aad') in 0.011879 seconds 
Number of updated asset objects reloaded before import = 0
Number of asset objects unloaded after import = 1
========================================================================
Received Import Request.
  Time since last request: 0.000015 seconds.
  path: Assets/Materials/Material.039 2.mat
  artifactKey: Guid(abb546ea9d87b334798593f0cbe4d95a) Importer(815301076,1909f56bfc062723c751e8b465ee728b)
Start importing Assets/Materials/Material.039 2.mat using Guid(abb546ea9d87b334798593f0cbe4d95a) Importer(815301076,1909f56bfc062723c751e8b465ee728b)  -> (artifact id: 'a47b1e662a7e1554d9af7fe53fc59697') in 0.011901 seconds 
Number of updated asset objects reloaded before import = 0
Number of asset objects unloaded after import = 2
========================================================================
Received Import Request.
  Time since last request: 0.568771 seconds.
  path: Assets/Materials/Material.040 1.mat
  artifactKey: Guid(c49ee13c2c2724247bddc3fd2eaa8ae3) Importer(815301076,1909f56bfc062723c751e8b465ee728b)
Start importing Assets/Materials/Material.040 1.mat using Guid(c49ee13c2c2724247bddc3fd2eaa8ae3) Importer(815301076,1909f56bfc062723c751e8b465ee728b)  -> (artifact id: '27f4729804331ef63b5e2db5e321ad43') in 0.016611 seconds 
Number of updated asset objects reloaded before import = 0
Number of asset objects unloaded after import = 2
========================================================================
Received Import Request.
  Time since last request: 0.000013 seconds.
  path: Assets/Materials/Material.042 1.mat
  artifactKey: Guid(2f2264b68f54bdf4082f4338d7ade47f) Importer(815301076,1909f56bfc062723c751e8b465ee728b)
Start importing Assets/Materials/Material.042 1.mat using Guid(2f2264b68f54bdf4082f4338d7ade47f) Importer(815301076,1909f56bfc062723c751e8b465ee728b)  -> (artifact id: 'bd22f4e169142b1abf01e20c4c0f1887') in 0.012319 seconds 
Number of updated asset objects reloaded before import = 0
Number of asset objects unloaded after import = 2
========================================================================
Received Import Request.
  Time since last request: 0.408708 seconds.
  path: Assets/Materials/Material.043 1.mat
  artifactKey: Guid(8242a5a41de598a42a1abc82ab0ce4c1) Importer(815301076,1909f56bfc062723c751e8b465ee728b)
Start importing Assets/Materials/Material.043 1.mat using Guid(8242a5a41de598a42a1abc82ab0ce4c1) Importer(815301076,1909f56bfc062723c751e8b465ee728b)  -> (artifact id: 'c5d163156e2b6953ae967037d53687a5') in 0.014557 seconds 
Number of updated asset objects reloaded before import = 0
Number of asset objects unloaded after import = 2
========================================================================
Received Import Request.
  Time since last request: 0.000013 seconds.
  path: Assets/Materials/Material.045.mat
  artifactKey: Guid(873391d6d118e6c41a3ac1bbcc3b1f31) Importer(815301076,1909f56bfc062723c751e8b465ee728b)
Start importing Assets/Materials/Material.045.mat using Guid(873391d6d118e6c41a3ac1bbcc3b1f31) Importer(815301076,1909f56bfc062723c751e8b465ee728b)  -> (artifact id: '2139b166fe1de6b9de312f38618fc4c5') in 0.013816 seconds 
Number of updated asset objects reloaded before import = 0
Number of asset objects unloaded after import = 1
========================================================================
Received Import Request.
  Time since last request: 0.086662 seconds.
  path: Assets/Materials/Material.045 2.mat
  artifactKey: Guid(424e67ba923e26143ae734149cbdc1c5) Importer(815301076,1909f56bfc062723c751e8b465ee728b)
Start importing Assets/Materials/Material.045 2.mat using Guid(424e67ba923e26143ae734149cbdc1c5) Importer(815301076,1909f56bfc062723c751e8b465ee728b)  -> (artifact id: 'c705b299263d842dbe4aab548e1e0100') in 0.013837 seconds 
Number of updated asset objects reloaded before import = 0
Number of asset objects unloaded after import = 2
========================================================================
Received Import Request.
  Time since last request: 0.000017 seconds.
  path: Assets/Materials/Material.048.mat
  artifactKey: Guid(1522253d17e5688428e0744239e71843) Importer(815301076,1909f56bfc062723c751e8b465ee728b)
Start importing Assets/Materials/Material.048.mat using Guid(1522253d17e5688428e0744239e71843) Importer(815301076,1909f56bfc062723c751e8b465ee728b)  -> (artifact id: 'e6df547efe10ded361e8f1ab8f43bb89') in 0.014993 seconds 
Number of updated asset objects reloaded before import = 0
Number of asset objects unloaded after import = 1
========================================================================
Received Import Request.
  Time since last request: 0.000021 seconds.
  path: Assets/Materials/Material.047.mat
  artifactKey: Guid(87c2d613f0b4142419560c170f9462ad) Importer(815301076,1909f56bfc062723c751e8b465ee728b)
Start importing Assets/Materials/Material.047.mat using Guid(87c2d613f0b4142419560c170f9462ad) Importer(815301076,1909f56bfc062723c751e8b465ee728b)  -> (artifact id: 'ec1b7e7206182f685a0ef098bb24bca7') in 0.012477 seconds 
Number of updated asset objects reloaded before import = 0
Number of asset objects unloaded after import = 1
========================================================================
Received Import Request.
  Time since last request: 6.049098 seconds.
  path: Assets/Materials/Material.049.mat
  artifactKey: Guid(f275235d1febaeb4da70ac503439a8a2) Importer(815301076,1909f56bfc062723c751e8b465ee728b)
Start importing Assets/Materials/Material.049.mat using Guid(f275235d1febaeb4da70ac503439a8a2) Importer(815301076,1909f56bfc062723c751e8b465ee728b)  -> (artifact id: 'e8c950ef9c6bfa1b3f144243be93a610') in 0.013753 seconds 
Number of updated asset objects reloaded before import = 0
Number of asset objects unloaded after import = 1
========================================================================
Received Import Request.
  Time since last request: 0.000014 seconds.
  path: Assets/Materials/Material.051.mat
  artifactKey: Guid(a8d82383ee0d5e748981bcbfe19cc6e1) Importer(815301076,1909f56bfc062723c751e8b465ee728b)
Start importing Assets/Materials/Material.051.mat using Guid(a8d82383ee0d5e748981bcbfe19cc6e1) Importer(815301076,1909f56bfc062723c751e8b465ee728b)  -> (artifact id: '7716d82fd87245c6410625ef19efaeb1') in 0.011369 seconds 
Number of updated asset objects reloaded before import = 0
Number of asset objects unloaded after import = 1
========================================================================
Received Import Request.
  Time since last request: 2.554629 seconds.
  path: Assets/Materials/Material.052 1.mat
  artifactKey: Guid(98347c6ccbabc874c8686d218c0d91ca) Importer(815301076,1909f56bfc062723c751e8b465ee728b)
Start importing Assets/Materials/Material.052 1.mat using Guid(98347c6ccbabc874c8686d218c0d91ca) Importer(815301076,1909f56bfc062723c751e8b465ee728b)  -> (artifact id: '9ef46f9514e356c5846b11dcb8574631') in 0.010018 seconds 
Number of updated asset objects reloaded before import = 0
Number of asset objects unloaded after import = 1
========================================================================
Received Import Request.
  Time since last request: 0.000019 seconds.
  path: Assets/Materials/Material.058 1.mat
  artifactKey: Guid(336177ea87925374abe9fe1058b34047) Importer(815301076,1909f56bfc062723c751e8b465ee728b)
Start importing Assets/Materials/Material.058 1.mat using Guid(336177ea87925374abe9fe1058b34047) Importer(815301076,1909f56bfc062723c751e8b465ee728b)  -> (artifact id: '0b7182bd14237d622ee4af84c6b3435b') in 0.010105 seconds 
Number of updated asset objects reloaded before import = 0
Number of asset objects unloaded after import = 1
========================================================================
Received Import Request.
  Time since last request: 0.070530 seconds.
  path: Assets/Materials/Material.060.mat
  artifactKey: Guid(0707a066f8d407c49ad90ff9fd37dced) Importer(815301076,1909f56bfc062723c751e8b465ee728b)
Start importing Assets/Materials/Material.060.mat using Guid(0707a066f8d407c49ad90ff9fd37dced) Importer(815301076,1909f56bfc062723c751e8b465ee728b)  -> (artifact id: 'aa3f2ff1a693a7af5253a7769ab13be6') in 0.010351 seconds 
Number of updated asset objects reloaded before import = 0
Number of asset objects unloaded after import = 1
========================================================================
Received Import Request.
  Time since last request: 0.000014 seconds.
  path: Assets/Materials/Material.061 1.mat
  artifactKey: Guid(b60341e5071867d4f89c0eb05ac4cb02) Importer(815301076,1909f56bfc062723c751e8b465ee728b)
Start importing Assets/Materials/Material.061 1.mat using Guid(b60341e5071867d4f89c0eb05ac4cb02) Importer(815301076,1909f56bfc062723c751e8b465ee728b)  -> (artifact id: 'b61d53c930f3b3d76fd7bf456496009a') in 0.012045 seconds 
Number of updated asset objects reloaded before import = 0
Number of asset objects unloaded after import = 1
========================================================================
Received Import Request.
  Time since last request: 0.000019 seconds.
  path: Assets/Materials/Material.063.mat
  artifactKey: Guid(2b389c789912a764a9b11c514c47476f) Importer(815301076,1909f56bfc062723c751e8b465ee728b)
Start importing Assets/Materials/Material.063.mat using Guid(2b389c789912a764a9b11c514c47476f) Importer(815301076,1909f56bfc062723c751e8b465ee728b)  -> (artifact id: '264d2376c027ea38649d5c7e852ad5c3') in 0.010639 seconds 
Number of updated asset objects reloaded before import = 0
Number of asset objects unloaded after import = 1
========================================================================
Received Import Request.
  Time since last request: 0.017827 seconds.
  path: Assets/Materials/Material.063 1.mat
  artifactKey: Guid(59bc8b9badcae074489e9f49b6053fb6) Importer(815301076,1909f56bfc062723c751e8b465ee728b)
Start importing Assets/Materials/Material.063 1.mat using Guid(59bc8b9badcae074489e9f49b6053fb6) Importer(815301076,1909f56bfc062723c751e8b465ee728b)  -> (artifact id: 'c4448ecb0eb8b2a69c86767058dc8ef1') in 0.010483 seconds 
Number of updated asset objects reloaded before import = 0
Number of asset objects unloaded after import = 1
========================================================================
Received Import Request.
  Time since last request: 0.000017 seconds.
  path: Assets/Materials/Material.066 1.mat
  artifactKey: Guid(cdabb0d86f010f14d8a4bb83e809fb11) Importer(815301076,1909f56bfc062723c751e8b465ee728b)
Start importing Assets/Materials/Material.066 1.mat using Guid(cdabb0d86f010f14d8a4bb83e809fb11) Importer(815301076,1909f56bfc062723c751e8b465ee728b)  -> (artifact id: 'a96878d9f6b1fb3811c27bbc57cbb7d1') in 0.010639 seconds 
Number of updated asset objects reloaded before import = 0
Number of asset objects unloaded after import = 1
========================================================================
Received Import Request.
  Time since last request: 0.000046 seconds.
  path: Assets/Materials/Material.066.mat
  artifactKey: Guid(34dc80e15ae3cce46a861d38cd25334e) Importer(815301076,1909f56bfc062723c751e8b465ee728b)
Start importing Assets/Materials/Material.066.mat using Guid(34dc80e15ae3cce46a861d38cd25334e) Importer(815301076,1909f56bfc062723c751e8b465ee728b)  -> (artifact id: 'fd936be145e06d8bd5926251991a8e5a') in 0.009798 seconds 
Number of updated asset objects reloaded before import = 0
Number of asset objects unloaded after import = 1
========================================================================
Received Import Request.
  Time since last request: 0.493428 seconds.
  path: Assets/Materials/Material.067.mat
  artifactKey: Guid(078336d3d17c40b4a88254b3c7f87f35) Importer(815301076,1909f56bfc062723c751e8b465ee728b)
Start importing Assets/Materials/Material.067.mat using Guid(078336d3d17c40b4a88254b3c7f87f35) Importer(815301076,1909f56bfc062723c751e8b465ee728b)  -> (artifact id: '36102019c0fd0b34486ad8fb501947a9') in 0.010123 seconds 
Number of updated asset objects reloaded before import = 0
Number of asset objects unloaded after import = 1
========================================================================
Received Import Request.
  Time since last request: 0.000013 seconds.
  path: Assets/Materials/Material.070.mat
  artifactKey: Guid(2ff19d4816e94774cabd63912247eee8) Importer(815301076,1909f56bfc062723c751e8b465ee728b)
Start importing Assets/Materials/Material.070.mat using Guid(2ff19d4816e94774cabd63912247eee8) Importer(815301076,1909f56bfc062723c751e8b465ee728b)  -> (artifact id: 'a1e227bbd0beac0ce797bd2872b97234') in 0.009854 seconds 
Number of updated asset objects reloaded before import = 0
Number of asset objects unloaded after import = 1
========================================================================
Received Import Request.
  Time since last request: 0.000014 seconds.
  path: Assets/Materials/Material.069.mat
  artifactKey: Guid(8fb390079d0f0814ba04a48a906a56ad) Importer(815301076,1909f56bfc062723c751e8b465ee728b)
Start importing Assets/Materials/Material.069.mat using Guid(8fb390079d0f0814ba04a48a906a56ad) Importer(815301076,1909f56bfc062723c751e8b465ee728b)  -> (artifact id: '514a8f2e47f7c9b3991942cb99652d00') in 0.011385 seconds 
Number of updated asset objects reloaded before import = 0
Number of asset objects unloaded after import = 1
========================================================================
Received Import Request.
  Time since last request: 0.037039 seconds.
  path: Assets/Materials/Material.070 1.mat
  artifactKey: Guid(b748b36f59d66074a8c883f6595aa1fa) Importer(815301076,1909f56bfc062723c751e8b465ee728b)
Start importing Assets/Materials/Material.070 1.mat using Guid(b748b36f59d66074a8c883f6595aa1fa) Importer(815301076,1909f56bfc062723c751e8b465ee728b)  -> (artifact id: '3f01f3e794c3a93c4b2bbdc2b060755d') in 0.010146 seconds 
Number of updated asset objects reloaded before import = 0
Number of asset objects unloaded after import = 1
========================================================================
Received Import Request.
  Time since last request: 0.000018 seconds.
  path: Assets/Materials/Material.072.mat
  artifactKey: Guid(3bdf307e04407334fb43d801b2722034) Importer(815301076,1909f56bfc062723c751e8b465ee728b)
Start importing Assets/Materials/Material.072.mat using Guid(3bdf307e04407334fb43d801b2722034) Importer(815301076,1909f56bfc062723c751e8b465ee728b)  -> (artifact id: '556a766c7955d0ab48cfedcf9e6d8588') in 0.012362 seconds 
Number of updated asset objects reloaded before import = 0
Number of asset objects unloaded after import = 1
========================================================================
Received Import Request.
  Time since last request: 0.410784 seconds.
  path: Assets/Materials/Material.074.mat
  artifactKey: Guid(03f363e8e7e302645a91736b9260c528) Importer(815301076,1909f56bfc062723c751e8b465ee728b)
Start importing Assets/Materials/Material.074.mat using Guid(03f363e8e7e302645a91736b9260c528) Importer(815301076,1909f56bfc062723c751e8b465ee728b)  -> (artifact id: '7d759397f13380076c51daeb1a42a3c6') in 0.010176 seconds 
Number of updated asset objects reloaded before import = 0
Number of asset objects unloaded after import = 1
========================================================================
Received Import Request.
  Time since last request: 0.000017 seconds.
  path: Assets/Materials/Material.122.mat
  artifactKey: Guid(40b428c312f1fef41a8abb679eb5f7e7) Importer(815301076,1909f56bfc062723c751e8b465ee728b)
Start importing Assets/Materials/Material.122.mat using Guid(40b428c312f1fef41a8abb679eb5f7e7) Importer(815301076,1909f56bfc062723c751e8b465ee728b)  -> (artifact id: '746109b214ebbd3611e6174b15338068') in 0.012010 seconds 
Number of updated asset objects reloaded before import = 0
Number of asset objects unloaded after import = 1
========================================================================
Received Import Request.
  Time since last request: 0.018219 seconds.
  path: Assets/Materials/Material.125.mat
  artifactKey: Guid(37b1ed9a33f846b40a0cdcbc11c0fb27) Importer(815301076,1909f56bfc062723c751e8b465ee728b)
Start importing Assets/Materials/Material.125.mat using Guid(37b1ed9a33f846b40a0cdcbc11c0fb27) Importer(815301076,1909f56bfc062723c751e8b465ee728b)  -> (artifact id: 'a77f50f572df177f7b9638b0c396a086') in 0.012856 seconds 
Number of updated asset objects reloaded before import = 0
Number of asset objects unloaded after import = 1
========================================================================
Received Import Request.
  Time since last request: 0.000017 seconds.
  path: Assets/Materials/Material.131.mat
  artifactKey: Guid(c6cadc18beb739d47aa9a7411ccfb375) Importer(815301076,1909f56bfc062723c751e8b465ee728b)
Start importing Assets/Materials/Material.131.mat using Guid(c6cadc18beb739d47aa9a7411ccfb375) Importer(815301076,1909f56bfc062723c751e8b465ee728b)  -> (artifact id: '9d9e3fc527acb9e3a5fab48b4d8f2205') in 0.011461 seconds 
Number of updated asset objects reloaded before import = 0
Number of asset objects unloaded after import = 2
========================================================================
Received Import Request.
  Time since last request: 0.877938 seconds.
  path: Assets/Materials/Material.132.mat
  artifactKey: Guid(09e7c8ba192f3db478b1bef29ca62096) Importer(815301076,1909f56bfc062723c751e8b465ee728b)
Start importing Assets/Materials/Material.132.mat using Guid(09e7c8ba192f3db478b1bef29ca62096) Importer(815301076,1909f56bfc062723c751e8b465ee728b)  -> (artifact id: '6a14d82d055b52c5e47e401a5cb6e321') in 0.011500 seconds 
Number of updated asset objects reloaded before import = 0
Number of asset objects unloaded after import = 2
========================================================================
Received Import Request.
  Time since last request: 0.000014 seconds.
  path: Assets/Materials/Material.136.mat
  artifactKey: Guid(6487c3137f1bb7544b9bfb234ce6252f) Importer(815301076,1909f56bfc062723c751e8b465ee728b)
Start importing Assets/Materials/Material.136.mat using Guid(6487c3137f1bb7544b9bfb234ce6252f) Importer(815301076,1909f56bfc062723c751e8b465ee728b)  -> (artifact id: '1b5f31769c9a939d5893085e5adc5b6c') in 0.012154 seconds 
Number of updated asset objects reloaded before import = 0
Number of asset objects unloaded after import = 2
========================================================================
Received Import Request.
  Time since last request: 0.034096 seconds.
  path: Assets/Materials/Material.139.mat
  artifactKey: Guid(03235000620283c4cae69a5f321d684a) Importer(815301076,1909f56bfc062723c751e8b465ee728b)
Start importing Assets/Materials/Material.139.mat using Guid(03235000620283c4cae69a5f321d684a) Importer(815301076,1909f56bfc062723c751e8b465ee728b)  -> (artifact id: '04ee36b6030ecea64bc78c576865663b') in 0.017847 seconds 
Number of updated asset objects reloaded before import = 0
Number of asset objects unloaded after import = 2
========================================================================
Received Import Request.
  Time since last request: 0.000012 seconds.
  path: Assets/Materials/Material.145.mat
  artifactKey: Guid(7b98c25e2cee0a74484700c85e4293bb) Importer(815301076,1909f56bfc062723c751e8b465ee728b)
Start importing Assets/Materials/Material.145.mat using Guid(7b98c25e2cee0a74484700c85e4293bb) Importer(815301076,1909f56bfc062723c751e8b465ee728b)  -> (artifact id: '053371175e780df02626ac46fa30fc28') in 0.011944 seconds 
Number of updated asset objects reloaded before import = 0
Number of asset objects unloaded after import = 2
========================================================================
Received Import Request.
  Time since last request: 0.000023 seconds.
  path: Assets/Materials/Material.143.mat
  artifactKey: Guid(8864e019875c2a74b996bb273e82afe1) Importer(815301076,1909f56bfc062723c751e8b465ee728b)
Start importing Assets/Materials/Material.143.mat using Guid(8864e019875c2a74b996bb273e82afe1) Importer(815301076,1909f56bfc062723c751e8b465ee728b)  -> (artifact id: 'a1eb8d754897b9f07389b5b033c35372') in 0.016826 seconds 
Number of updated asset objects reloaded before import = 0
Number of asset objects unloaded after import = 2
========================================================================
Received Import Request.
  Time since last request: 0.027988 seconds.
  path: Assets/Materials/Material.146.mat
  artifactKey: Guid(bba53e9f813868c4bba2ff897ac4eb0f) Importer(815301076,1909f56bfc062723c751e8b465ee728b)
Start importing Assets/Materials/Material.146.mat using Guid(bba53e9f813868c4bba2ff897ac4eb0f) Importer(815301076,1909f56bfc062723c751e8b465ee728b)  -> (artifact id: '61bbc7bb3961f6590c3a7bdbb8854e46') in 0.012697 seconds 
Number of updated asset objects reloaded before import = 0
Number of asset objects unloaded after import = 2
========================================================================
Received Import Request.
  Time since last request: 0.000013 seconds.
  path: Assets/Materials/Material.150.mat
  artifactKey: Guid(d448c86854ebd454ead07a45c24ba5ff) Importer(815301076,1909f56bfc062723c751e8b465ee728b)
Start importing Assets/Materials/Material.150.mat using Guid(d448c86854ebd454ead07a45c24ba5ff) Importer(815301076,1909f56bfc062723c751e8b465ee728b)  -> (artifact id: 'b04714246651e2488f276c30b9d3b941') in 0.011581 seconds 
Number of updated asset objects reloaded before import = 0
Number of asset objects unloaded after import = 2
========================================================================
Received Import Request.
  Time since last request: 0.433348 seconds.
  path: Assets/Materials/Material.153.mat
  artifactKey: Guid(965ac36bf8baef447849a16dd6528b82) Importer(815301076,1909f56bfc062723c751e8b465ee728b)
Start importing Assets/Materials/Material.153.mat using Guid(965ac36bf8baef447849a16dd6528b82) Importer(815301076,1909f56bfc062723c751e8b465ee728b)  -> (artifact id: '8a9a883b0bb6f834bc5cc665c0794fd2') in 0.011225 seconds 
Number of updated asset objects reloaded before import = 0
Number of asset objects unloaded after import = 2
========================================================================
Received Import Request.
  Time since last request: 0.000013 seconds.
  path: Assets/Materials/Material.158.mat
  artifactKey: Guid(a679d498c5c24594fb4e0fbb87c510d6) Importer(815301076,1909f56bfc062723c751e8b465ee728b)
Start importing Assets/Materials/Material.158.mat using Guid(a679d498c5c24594fb4e0fbb87c510d6) Importer(815301076,1909f56bfc062723c751e8b465ee728b)  -> (artifact id: '3577138df70c2a9869e55644858cf228') in 0.011228 seconds 
Number of updated asset objects reloaded before import = 0
Number of asset objects unloaded after import = 2
========================================================================
Received Import Request.
  Time since last request: 0.000018 seconds.
  path: Assets/Materials/Material.159.mat
  artifactKey: Guid(86e6da91c3cd99349b0a7653baddf75e) Importer(815301076,1909f56bfc062723c751e8b465ee728b)
Start importing Assets/Materials/Material.159.mat using Guid(86e6da91c3cd99349b0a7653baddf75e) Importer(815301076,1909f56bfc062723c751e8b465ee728b)  -> (artifact id: '7c6a029a0a28dface1df22b635c5936c') in 0.010773 seconds 
Number of updated asset objects reloaded before import = 0
Number of asset objects unloaded after import = 2
========================================================================
Received Import Request.
  Time since last request: 0.066757 seconds.
  path: Assets/Materials/Material.160.mat
  artifactKey: Guid(47cf921b96f10c24a80084f6866b412d) Importer(815301076,1909f56bfc062723c751e8b465ee728b)
Start importing Assets/Materials/Material.160.mat using Guid(47cf921b96f10c24a80084f6866b412d) Importer(815301076,1909f56bfc062723c751e8b465ee728b)  -> (artifact id: '494af801c7ab56aefac5a7a5b632cc6c') in 0.012415 seconds 
Number of updated asset objects reloaded before import = 0
Number of asset objects unloaded after import = 2
========================================================================
Received Import Request.
  Time since last request: 0.000017 seconds.
  path: Assets/Materials/monitor_buttons.001.mat
  artifactKey: Guid(c9a9011776219c34d999c47d326d2849) Importer(815301076,1909f56bfc062723c751e8b465ee728b)
Start importing Assets/Materials/monitor_buttons.001.mat using Guid(c9a9011776219c34d999c47d326d2849) Importer(815301076,1909f56bfc062723c751e8b465ee728b)  -> (artifact id: 'b16e2b161114906661a188cf590de940') in 0.008831 seconds 
Number of updated asset objects reloaded before import = 0
Number of asset objects unloaded after import = 1
========================================================================
Received Import Request.
  Time since last request: 2.758467 seconds.
  path: Assets/Materials/monitor_metal 01.001.mat
  artifactKey: Guid(477b325546256c342890b42f676014e6) Importer(815301076,1909f56bfc062723c751e8b465ee728b)
Start importing Assets/Materials/monitor_metal 01.001.mat using Guid(477b325546256c342890b42f676014e6) Importer(815301076,1909f56bfc062723c751e8b465ee728b)  -> (artifact id: '1c9d2191e25cb98a7cdeebf36fab528e') in 0.012322 seconds 
Number of updated asset objects reloaded before import = 0
Number of asset objects unloaded after import = 1
========================================================================
Received Import Request.
  Time since last request: 0.000014 seconds.
  path: Assets/Materials/Motor_schwarz.002.mat
  artifactKey: Guid(f9c777779fbdb50448afc9f13035ff6b) Importer(815301076,1909f56bfc062723c751e8b465ee728b)
Start importing Assets/Materials/Motor_schwarz.002.mat using Guid(f9c777779fbdb50448afc9f13035ff6b) Importer(815301076,1909f56bfc062723c751e8b465ee728b)  -> (artifact id: '8952ec66bd4f0fd70d92891f8c62a737') in 0.012199 seconds 
Number of updated asset objects reloaded before import = 0
Number of asset objects unloaded after import = 2
========================================================================
Received Import Request.
  Time since last request: 0.032917 seconds.
  path: Assets/Materials/Motor_schwarz.002 1.mat
  artifactKey: Guid(08fc412428cdc7d4197a435eae89c0c9) Importer(815301076,1909f56bfc062723c751e8b465ee728b)
Start importing Assets/Materials/Motor_schwarz.002 1.mat using Guid(08fc412428cdc7d4197a435eae89c0c9) Importer(815301076,1909f56bfc062723c751e8b465ee728b)  -> (artifact id: '35495e1f0f76e733b77bfdb1b7e4a481') in 0.012339 seconds 
Number of updated asset objects reloaded before import = 0
Number of asset objects unloaded after import = 2
========================================================================
Received Import Request.
  Time since last request: 0.000018 seconds.
  path: Assets/Materials/Mouse - Mat Grey.mat
  artifactKey: Guid(c2ad096059e829345938748534b5136e) Importer(815301076,1909f56bfc062723c751e8b465ee728b)
Start importing Assets/Materials/Mouse - Mat Grey.mat using Guid(c2ad096059e829345938748534b5136e) Importer(815301076,1909f56bfc062723c751e8b465ee728b)  -> (artifact id: 'a032199da8ddb5d902a27857e96d67e6') in 0.024016 seconds 
Number of updated asset objects reloaded before import = 0
Number of asset objects unloaded after import = 1
========================================================================
Received Import Request.
  Time since last request: 0.000018 seconds.
  path: Assets/Materials/Plaste.002 1.mat
  artifactKey: Guid(d9d39328f8417f243ad264a654425132) Importer(815301076,1909f56bfc062723c751e8b465ee728b)
Start importing Assets/Materials/Plaste.002 1.mat using Guid(d9d39328f8417f243ad264a654425132) Importer(815301076,1909f56bfc062723c751e8b465ee728b)  -> (artifact id: 'f9a83ec08860858dd10ab15f4967b5b0') in 0.012735 seconds 
Number of updated asset objects reloaded before import = 0
Number of asset objects unloaded after import = 2
========================================================================
Received Import Request.
  Time since last request: 0.000020 seconds.
  path: Assets/Materials/mnitr 1.mat
  artifactKey: Guid(e592681df6e7b6e409584bebc432dfd1) Importer(815301076,1909f56bfc062723c751e8b465ee728b)
Start importing Assets/Materials/mnitr 1.mat using Guid(e592681df6e7b6e409584bebc432dfd1) Importer(815301076,1909f56bfc062723c751e8b465ee728b)  -> (artifact id: '7741fbe878fa5508a2ebcd4503ca1ad1') in 0.010739 seconds 
Number of updated asset objects reloaded before import = 0
Number of asset objects unloaded after import = 1
========================================================================
Received Import Request.
  Time since last request: 0.000016 seconds.
  path: Assets/Materials/Parken.002.mat
  artifactKey: Guid(521e9672fc8a2ed4b95ed2b2fc6afbea) Importer(815301076,1909f56bfc062723c751e8b465ee728b)
Start importing Assets/Materials/Parken.002.mat using Guid(521e9672fc8a2ed4b95ed2b2fc6afbea) Importer(815301076,1909f56bfc062723c751e8b465ee728b)  -> (artifact id: '788a9a721afb883fe232e1f681a2bd70') in 0.027962 seconds 
Number of updated asset objects reloaded before import = 0
Number of asset objects unloaded after import = 1
========================================================================
Received Import Request.
  Time since last request: 0.702271 seconds.
  path: Assets/Materials/Polygon_XSIPOLYCLS.material.mat
  artifactKey: Guid(1c226ad4efb55f144bdce716f0a10607) Importer(815301076,1909f56bfc062723c751e8b465ee728b)
Start importing Assets/Materials/Polygon_XSIPOLYCLS.material.mat using Guid(1c226ad4efb55f144bdce716f0a10607) Importer(815301076,1909f56bfc062723c751e8b465ee728b)  -> (artifact id: 'dda6711e20337fd2abc779ff8fa08ba1') in 0.010113 seconds 
Number of updated asset objects reloaded before import = 0
Number of asset objects unloaded after import = 1
========================================================================
Received Import Request.
  Time since last request: 0.000032 seconds.
  path: Assets/Materials/ref4_hinten.002.mat
  artifactKey: Guid(9d850c87a1a4b5d40bcd3b7fcc96f187) Importer(815301076,1909f56bfc062723c751e8b465ee728b)
Start importing Assets/Materials/ref4_hinten.002.mat using Guid(9d850c87a1a4b5d40bcd3b7fcc96f187) Importer(815301076,1909f56bfc062723c751e8b465ee728b)  -> (artifact id: 'cd83882352a6cb5ff45b3cf8bbd0fd76') in 0.012626 seconds 
Number of updated asset objects reloaded before import = 0
Number of asset objects unloaded after import = 1
========================================================================
Received Import Request.
  Time since last request: 0.000019 seconds.
  path: Assets/Materials/ref4_hinten.002 1.mat
  artifactKey: Guid(093526c57df807f4bae0fbc22f40b59d) Importer(815301076,1909f56bfc062723c751e8b465ee728b)
Start importing Assets/Materials/ref4_hinten.002 1.mat using Guid(093526c57df807f4bae0fbc22f40b59d) Importer(815301076,1909f56bfc062723c751e8b465ee728b)  -> (artifact id: 'a0f55dded9ca07672ee132a189c18cd4') in 0.011994 seconds 
Number of updated asset objects reloaded before import = 0
Number of asset objects unloaded after import = 1
========================================================================
Received Import Request.
  Time since last request: 3.252801 seconds.
  path: Assets/Materials/ref4_hinten.003.mat
  artifactKey: Guid(0cb343d77bcd29645a7f0e4739e55783) Importer(815301076,1909f56bfc062723c751e8b465ee728b)
Start importing Assets/Materials/ref4_hinten.003.mat using Guid(0cb343d77bcd29645a7f0e4739e55783) Importer(815301076,1909f56bfc062723c751e8b465ee728b)  -> (artifact id: 'b085233fb15c3068414f4ea7cfcddd50') in 0.031534 seconds 
Number of updated asset objects reloaded before import = 0
Number of asset objects unloaded after import = 1
========================================================================
Received Import Request.
  Time since last request: 0.056883 seconds.
  path: Assets/Materials/ref4_lehr_vorne.007 1.mat
  artifactKey: Guid(1f2f10fbfb32c504d889ea2dbeec8516) Importer(815301076,1909f56bfc062723c751e8b465ee728b)
Start importing Assets/Materials/ref4_lehr_vorne.007 1.mat using Guid(1f2f10fbfb32c504d889ea2dbeec8516) Importer(815301076,1909f56bfc062723c751e8b465ee728b)  -> (artifact id: '88aa6f661b34abca079eb2c72a0732f1') in 0.012459 seconds 
Number of updated asset objects reloaded before import = 0
Number of asset objects unloaded after import = 1
========================================================================
Received Import Request.
  Time since last request: 0.000014 seconds.
  path: Assets/Materials/scene_material.001.mat
  artifactKey: Guid(aafb1eb913578294a8b4561c986ce7e2) Importer(815301076,1909f56bfc062723c751e8b465ee728b)
Start importing Assets/Materials/scene_material.001.mat using Guid(aafb1eb913578294a8b4561c986ce7e2) Importer(815301076,1909f56bfc062723c751e8b465ee728b)  -> (artifact id: '463348a3ef55f229f79e0772068a9a0e') in 0.006076 seconds 
Number of updated asset objects reloaded before import = 0
Number of asset objects unloaded after import = 1
========================================================================
Received Import Request.
  Time since last request: 0.000015 seconds.
  path: Assets/Materials/steel.mat
  artifactKey: Guid(11f00019cff6ca3479df77045a2f8ff4) Importer(815301076,1909f56bfc062723c751e8b465ee728b)
Start importing Assets/Materials/steel.mat using Guid(11f00019cff6ca3479df77045a2f8ff4) Importer(815301076,1909f56bfc062723c751e8b465ee728b)  -> (artifact id: '82b90feee2c9820b9ae0b64e59d97910') in 0.010284 seconds 
Number of updated asset objects reloaded before import = 0
Number of asset objects unloaded after import = 1
========================================================================
Received Import Request.
  Time since last request: 0.073971 seconds.
  path: Assets/Materials/Widerstand_braun.001.mat
  artifactKey: Guid(59d2ad7345fb6ab4593bfc9eda97eeaf) Importer(815301076,1909f56bfc062723c751e8b465ee728b)
Start importing Assets/Materials/Widerstand_braun.001.mat using Guid(59d2ad7345fb6ab4593bfc9eda97eeaf) Importer(815301076,1909f56bfc062723c751e8b465ee728b)  -> (artifact id: 'ffb61d3616e73b5900ca79c57803738b') in 0.012092 seconds 
Number of updated asset objects reloaded before import = 0
Number of asset objects unloaded after import = 1
========================================================================
Received Import Request.
  Time since last request: 0.000018 seconds.
  path: Assets/Materials/ereve 1.mat
  artifactKey: Guid(59860ef1d5592e04e9bb13dc554b142d) Importer(815301076,1909f56bfc062723c751e8b465ee728b)
Start importing Assets/Materials/ereve 1.mat using Guid(59860ef1d5592e04e9bb13dc554b142d) Importer(815301076,1909f56bfc062723c751e8b465ee728b)  -> (artifact id: '2be286bdde58cc2f930582c414ded330') in 0.009177 seconds 
Number of updated asset objects reloaded before import = 0
Number of asset objects unloaded after import = 1
========================================================================
Received Import Request.
  Time since last request: 69.797266 seconds.
  path: Assets/Materials/Materials
  artifactKey: Guid(59c5c0f221ae3544288d6a685f4edcae) Importer(815301076,1909f56bfc062723c751e8b465ee728b)
Start importing Assets/Materials/Materials using Guid(59c5c0f221ae3544288d6a685f4edcae) Importer(815301076,1909f56bfc062723c751e8b465ee728b)  -> (artifact id: 'e234133b730705815bffbb42793c78c2') in 0.000487 seconds 
Number of updated asset objects reloaded before import = 0
Number of asset objects unloaded after import = 0
========================================================================
Received Import Request.
  Time since last request: 0.044658 seconds.
  path: Assets/Materials/Materials/gun2.mat
  artifactKey: Guid(7128ff3e6b820e44b9330f284e71b3cb) Importer(815301076,1909f56bfc062723c751e8b465ee728b)
Start importing Assets/Materials/Materials/gun2.mat using Guid(7128ff3e6b820e44b9330f284e71b3cb) Importer(815301076,1909f56bfc062723c751e8b465ee728b)  -> (artifact id: '8e4c87a00b1fa3f84d5f96b7e9e28274') in 0.011071 seconds 
Number of updated asset objects reloaded before import = 0
Number of asset objects unloaded after import = 2
========================================================================
Received Import Request.
  Time since last request: 5.476399 seconds.
  path: Assets/Materials/Materials/TexturesCom_SolarCells_512_albedo.tif
  artifactKey: Guid(97a88c0d47a9c4c4db46c93fa5d4df97) Importer(815301076,1909f56bfc062723c751e8b465ee728b)
Start importing Assets/Materials/Materials/TexturesCom_SolarCells_512_albedo.tif using Guid(97a88c0d47a9c4c4db46c93fa5d4df97) Importer(815301076,1909f56bfc062723c751e8b465ee728b)  -> (artifact id: '2b7f7ad1a392b17bd0c5e12b58bc03a2') in 0.011399 seconds 
Number of updated asset objects reloaded before import = 0
Number of asset objects unloaded after import = 2
========================================================================
Received Import Request.
  Time since last request: 0.000022 seconds.
  path: Assets/Materials/Materials/TexturesCom_SolarCells_512_metallic.tif
  artifactKey: Guid(90fdd32362e29734ea4d7dab5c12d27a) Importer(815301076,1909f56bfc062723c751e8b465ee728b)
Start importing Assets/Materials/Materials/TexturesCom_SolarCells_512_metallic.tif using Guid(90fdd32362e29734ea4d7dab5c12d27a) Importer(815301076,1909f56bfc062723c751e8b465ee728b)  -> (artifact id: '3ffb207fe9b00013731a35a1491f258e') in 0.020066 seconds 
Number of updated asset objects reloaded before import = 0
Number of asset objects unloaded after import = 2
========================================================================
Received Import Request.
  Time since last request: 9.071300 seconds.
  path: Assets/Materials/Materials/enemy.mat
  artifactKey: Guid(65fc6e100bc75464da9943fbcd0cf1ba) Importer(815301076,1909f56bfc062723c751e8b465ee728b)
Start importing Assets/Materials/Materials/enemy.mat using Guid(65fc6e100bc75464da9943fbcd0cf1ba) Importer(815301076,1909f56bfc062723c751e8b465ee728b)  -> (artifact id: 'e338afa77b9499deb943e01e5b05561f') in 0.011992 seconds 
Number of updated asset objects reloaded before import = 0
Number of asset objects unloaded after import = 1
========================================================================
Received Import Request.
  Time since last request: 344.248998 seconds.
  path: Assets/Materials/Materials/TexturesCom_SolarCells_2K_albedo.tif
  artifactKey: Guid(808d4f51d0cb1114b9d798c32ffe3825) Importer(815301076,1909f56bfc062723c751e8b465ee728b)
Start importing Assets/Materials/Materials/TexturesCom_SolarCells_2K_albedo.tif using Guid(808d4f51d0cb1114b9d798c32ffe3825) Importer(815301076,1909f56bfc062723c751e8b465ee728b)  -> (artifact id: '631c29561ae205a791a6e3820e0f7404') in 0.016671 seconds 
Number of updated asset objects reloaded before import = 0
Number of asset objects unloaded after import = 2
========================================================================
Received Import Request.
  Time since last request: 0.000020 seconds.
  path: Assets/Materials/Materials/TexturesCom_SolarCells_2K_normal.tif
  artifactKey: Guid(7c3d6032e85b5d24983528ba23764a0b) Importer(815301076,1909f56bfc062723c751e8b465ee728b)
Start importing Assets/Materials/Materials/TexturesCom_SolarCells_2K_normal.tif using Guid(7c3d6032e85b5d24983528ba23764a0b) Importer(815301076,1909f56bfc062723c751e8b465ee728b)  -> (artifact id: 'd476dac637b80721d77ca61d81108d94') in 0.010687 seconds 
Number of updated asset objects reloaded before import = 0
Number of asset objects unloaded after import = 2
========================================================================
Received Import Request.
  Time since last request: 0.000020 seconds.
  path: Assets/Materials/Materials/TexturesCom_SolarCells_2K_roughness.tif
  artifactKey: Guid(e244d8d3d2a79b64f8d5faa0fdd91654) Importer(815301076,1909f56bfc062723c751e8b465ee728b)
Start importing Assets/Materials/Materials/TexturesCom_SolarCells_2K_roughness.tif using Guid(e244d8d3d2a79b64f8d5faa0fdd91654) Importer(815301076,1909f56bfc062723c751e8b465ee728b)  -> (artifact id: '5d4fc3dd6dbeb66b32c24576be11cb6b') in 0.015907 seconds 
Number of updated asset objects reloaded before import = 0
Number of asset objects unloaded after import = 2
========================================================================
Received Import Request.
  Time since last request: 0.000022 seconds.
  path: Assets/Materials/Materials/TexturesCom_SolarCells_2K_normal (1).tif
  artifactKey: Guid(c26d3529abb58c24e90ab0a0696a42a6) Importer(815301076,1909f56bfc062723c751e8b465ee728b)
Start importing Assets/Materials/Materials/TexturesCom_SolarCells_2K_normal (1).tif using Guid(c26d3529abb58c24e90ab0a0696a42a6) Importer(815301076,1909f56bfc062723c751e8b465ee728b)  -> (artifact id: '14fab15da8782ae40fe5f1c1c173227e') in 0.007650 seconds 
Number of updated asset objects reloaded before import = 0
Number of asset objects unloaded after import = 2
========================================================================
Received Import Request.
  Time since last request: 0.000021 seconds.
  path: Assets/Materials/Materials/TexturesCom_SolarCells_2K_metallic.tif
  artifactKey: Guid(fceedda757bfb3b45a388171fc5a2553) Importer(815301076,1909f56bfc062723c751e8b465ee728b)
Start importing Assets/Materials/Materials/TexturesCom_SolarCells_2K_metallic.tif using Guid(fceedda757bfb3b45a388171fc5a2553) Importer(815301076,1909f56bfc062723c751e8b465ee728b)  -> (artifact id: 'd06523eed1da4840ae689b9a3f699ada') in 0.010033 seconds 
Number of updated asset objects reloaded before import = 0
Number of asset objects unloaded after import = 2
========================================================================
Received Import Request.
  Time since last request: 4.013591 seconds.
  path: Assets/Textures/+.png
  artifactKey: Guid(c3ddc72fa978cb04d88d29eb33983e71) Importer(815301076,1909f56bfc062723c751e8b465ee728b)
Start importing Assets/Textures/+.png using Guid(c3ddc72fa978cb04d88d29eb33983e71) Importer(815301076,1909f56bfc062723c751e8b465ee728b)  -> (artifact id: '8ed2593dc4b130f01d7ec2e1d3c832b4') in 0.009714 seconds 
Number of updated asset objects reloaded before import = 0
Number of asset objects unloaded after import = 2
========================================================================
Received Import Request.
  Time since last request: 0.000017 seconds.
  path: Assets/Textures/94e9035a11b4869bec9266f730084bac.png
  artifactKey: Guid(7c7338e9d6372d74e9d38d1174f4f4fd) Importer(815301076,1909f56bfc062723c751e8b465ee728b)
Start importing Assets/Textures/94e9035a11b4869bec9266f730084bac.png using Guid(7c7338e9d6372d74e9d38d1174f4f4fd) Importer(815301076,1909f56bfc062723c751e8b465ee728b)  -> (artifact id: 'cd70f3c3e98078abf97b668fbb9ae704') in 0.011341 seconds 
Number of updated asset objects reloaded before import = 0
Number of asset objects unloaded after import = 2
========================================================================
Received Import Request.
  Time since last request: 0.000030 seconds.
  path: Assets/Textures/6874.5_01c91ebc_custom-19a59dc2b8d087677aaed0ebf4055fc5e11a1f80-s800-c85 3.png
  artifactKey: Guid(8e94ca8420f2dde4f9aa534a61bfe853) Importer(815301076,1909f56bfc062723c751e8b465ee728b)
Start importing Assets/Textures/6874.5_01c91ebc_custom-19a59dc2b8d087677aaed0ebf4055fc5e11a1f80-s800-c85 3.png using Guid(8e94ca8420f2dde4f9aa534a61bfe853) Importer(815301076,1909f56bfc062723c751e8b465ee728b)  -> (artifact id: 'ee3da7477f70490efabc5270559476a6') in 0.011513 seconds 
Number of updated asset objects reloaded before import = 0
Number of asset objects unloaded after import = 2
========================================================================
Received Import Request.
  Time since last request: 0.000018 seconds.
  path: Assets/Textures/94e9035a11b4869bec9266f730084bac 1.png
  artifactKey: Guid(536e518142589ab46a2dd3f3c3cf65c9) Importer(815301076,1909f56bfc062723c751e8b465ee728b)
Start importing Assets/Textures/94e9035a11b4869bec9266f730084bac 1.png using Guid(536e518142589ab46a2dd3f3c3cf65c9) Importer(815301076,1909f56bfc062723c751e8b465ee728b)  -> (artifact id: '5e8b58f8a5e02d5059c5881d1d8c6aca') in 0.007723 seconds 
Number of updated asset objects reloaded before import = 0
Number of asset objects unloaded after import = 2
========================================================================
Received Import Request.
  Time since last request: 0.000016 seconds.
  path: Assets/Textures/94e9035a11b4869bec9266f730084bac 2.png
  artifactKey: Guid(ad4a2e5c51880af49af7816b644bc5a4) Importer(815301076,1909f56bfc062723c751e8b465ee728b)
Start importing Assets/Textures/94e9035a11b4869bec9266f730084bac 2.png using Guid(ad4a2e5c51880af49af7816b644bc5a4) Importer(815301076,1909f56bfc062723c751e8b465ee728b)  -> (artifact id: '9c2b553698909f4346f0349f8bcd7ebf') in 0.006346 seconds 
Number of updated asset objects reloaded before import = 0
Number of asset objects unloaded after import = 2
Editor requested this worker to shutdown with reason: Scaling down because of idle timeout
TcpMessagingSession - receive error: operation aborted. errorcode: 995, details: Bir i parac k veya bir uygulama istei nedeniyle G/ ilemi iptal edildi.
AssetImportWorker is now disconnected from the server
Process exiting
Exiting without the bug reporter. Application will terminate with return code 0