Using pre-set license
Built from '2022.2/staging' branch; Version is '2022.2.11f1 (621cd60d08fd) revision 6429910'; Using compiler version '192829333'; Build Type 'Release'
OS: 'Windows 11  (10.0.22621) 64bit Professional' Language: 'tr' Physical Memory: 16163 MB
BatchMode: 1, IsHumanControllingUs: 0, StartBugReporterOnCrash: 0, Is64bit: 1, IsPro: 1

COMMAND LINE ARGUMENTS:
C:\Program Files\Unity\Hub\Editor\2022.2.11f1\Editor\Unity.exe
-adb2
-batchMode
-noUpm
-name
AssetImportWorker1
-projectPath
C:/Users/omert/Documents/Github/jam33/My project
-logFile
Logs/AssetImportWorker1.log
-srvPort
50220
Successfully changed project path to: C:/Users/omert/Documents/Github/jam33/My project
C:/Users/omert/Documents/Github/jam33/My project
[UnityMemory] Configuration Parameters - Can be set up in boot.config
    "memorysetup-bucket-allocator-granularity=16"
    "memorysetup-bucket-allocator-bucket-count=8"
    "memorysetup-bucket-allocator-block-size=33554432"
    "memorysetup-bucket-allocator-block-count=8"
    "memorysetup-main-allocator-block-size=16777216"
    "memorysetup-thread-allocator-block-size=16777216"
    "memorysetup-gfx-main-allocator-block-size=16777216"
    "memorysetup-gfx-thread-allocator-block-size=16777216"
    "memorysetup-cache-allocator-block-size=4194304"
    "memorysetup-typetree-allocator-block-size=2097152"
    "memorysetup-profiler-bucket-allocator-granularity=16"
    "memorysetup-profiler-bucket-allocator-bucket-count=8"
    "memorysetup-profiler-bucket-allocator-block-size=33554432"
    "memorysetup-profiler-bucket-allocator-block-count=8"
    "memorysetup-profiler-allocator-block-size=16777216"
    "memorysetup-profiler-editor-allocator-block-size=1048576"
    "memorysetup-temp-allocator-size-main=16777216"
    "memorysetup-job-temp-allocator-block-size=2097152"
    "memorysetup-job-temp-allocator-block-size-background=1048576"
    "memorysetup-job-temp-allocator-reduction-small-platforms=262144"
    "memorysetup-temp-allocator-size-background-worker=32768"
    "memorysetup-temp-allocator-size-job-worker=262144"
    "memorysetup-temp-allocator-size-preload-manager=33554432"
    "memorysetup-temp-allocator-size-nav-mesh-worker=65536"
    "memorysetup-temp-allocator-size-audio-worker=65536"
    "memorysetup-temp-allocator-size-cloud-worker=32768"
    "memorysetup-temp-allocator-size-gi-baking-worker=262144"
    "memorysetup-temp-allocator-size-gfx=262144"
Player connection [15436] Host "[IP] 192.168.1.35 [Port] 0 [Flags] 2 [Guid] 1847848897 [EditorId] 1847848897 [Version] 1048832 [Id] WindowsEditor(7,omers) [Debug] 1 [PackageName] WindowsEditor [ProjectName] Editor" joined multi-casting on [225.0.0.222:54997]...

Player connection [15436] Host "[IP] 192.168.1.35 [Port] 0 [Flags] 2 [Guid] 1847848897 [EditorId] 1847848897 [Version] 1048832 [Id] WindowsEditor(7,omers) [Debug] 1 [PackageName] WindowsEditor [ProjectName] Editor" joined alternative multi-casting on [225.0.0.222:34997]...

Refreshing native plugins compatible for Editor in 6.55 ms, found 3 plugins.
Preloading 0 native plugins for Editor in 0.00 ms.
Initialize engine version: 2022.2.11f1 (621cd60d08fd)
[Subsystems] Discovering subsystems at path C:/Program Files/Unity/Hub/Editor/2022.2.11f1/Editor/Data/Resources/UnitySubsystems
[Subsystems] Discovering subsystems at path C:/Users/omert/Documents/Github/jam33/My project/Assets
GfxDevice: creating device client; threaded=0; jobified=0
Direct3D:
    Version:  Direct3D 11.0 [level 11.1]
    Renderer: NVIDIA GeForce RTX 3050 Ti Laptop GPU (ID=0x25a0)
    Vendor:   NVIDIA
    VRAM:     3976 MB
    Driver:   31.0.15.3129
Initialize mono
Mono path[0] = 'C:/Program Files/Unity/Hub/Editor/2022.2.11f1/Editor/Data/Managed'
Mono path[1] = 'C:/Program Files/Unity/Hub/Editor/2022.2.11f1/Editor/Data/MonoBleedingEdge/lib/mono/unityjit-win32'
Mono config path = 'C:/Program Files/Unity/Hub/Editor/2022.2.11f1/Editor/Data/MonoBleedingEdge/etc'
Using monoOptions --debugger-agent=transport=dt_socket,embedding=1,server=y,suspend=n,address=127.0.0.1:56916
Begin MonoManager ReloadAssembly
Registering precompiled unity dll's ...
Register platform support module: C:/Program Files/Unity/Hub/Editor/2022.2.11f1/Editor/Data/PlaybackEngines/AndroidPlayer/UnityEditor.Android.Extensions.dll
Register platform support module: C:/Program Files/Unity/Hub/Editor/2022.2.11f1/Editor/Data/PlaybackEngines/WindowsStandaloneSupport/UnityEditor.WindowsStandalone.Extensions.dll
Registered in 0.006288 seconds.
- Loaded All Assemblies, in  0.357 seconds
Native extension for WindowsStandalone target not found
Native extension for Android target not found
Android Extension - Scanning For ADB Devices 289 ms
Mono: successfully reloaded assembly
- Finished resetting the current domain, in  0.609 seconds
Domain Reload Profiling:
	ReloadAssembly (193ms)
		BeginReloadAssembly (89ms)
			ExecutionOrderSort (0ms)
			DisableScriptedObjects (0ms)
			BackupInstance (0ms)
			ReleaseScriptingObjects (0ms)
			CreateAndSetChildDomain (1ms)
		LoadAllAssembliesAndSetupDomain (0ms)
			LoadAssemblies (87ms)
			RebuildTransferFunctionScriptingTraits (0ms)
			SetupTypeCache (157ms)
				TypeCache.Initialize (157ms)
					TypeCache.ScanAssembly (155ms)
				ResolveRequiredComponents (1ms)
		FinalizeReload (0ms)
			ReleaseScriptCaches (0ms)
			RebuildScriptCaches (0ms)
			SetupLoadedEditorAssemblies (547ms)
				LogAssemblyErrors (0ms)
				InitializePlatformSupportModulesInManaged (374ms)
				SetLoadedEditorAssemblies (6ms)
				RefreshPlugins (0ms)
				BeforeProcessingInitializeOnLoad (1ms)
				ProcessInitializeOnLoadAttributes (115ms)
				ProcessInitializeOnLoadMethodAttributes (51ms)
				AfterProcessingInitializeOnLoad (0ms)
				EditorAssembliesLoaded (0ms)
			ExecutionOrderSort2 (0ms)
			AwakeInstancesAfterBackupRestoration (0ms)
========================================================================
Worker process is ready to serve import requests
Begin MonoManager ReloadAssembly
Symbol file LoadedFromMemory doesn't match image C:\Users\omert\Documents\Github\jam33\My project\Library\PackageCache\com.unity.visualscripting@1.8.0\Editor\VisualScripting.Core\Dependencies\YamlDotNet\Unity.VisualScripting.YamlDotNet.dll
Symbol file LoadedFromMemory doesn't match image C:\Users\omert\Documents\Github\jam33\My project\Library\PackageCache\com.unity.visualscripting@1.8.0\Editor\VisualScripting.Core\Dependencies\DotNetZip\Unity.VisualScripting.IonicZip.dll
- Loaded All Assemblies, in  0.841 seconds
Refreshing native plugins compatible for Editor in 5.10 ms, found 3 plugins.
Native extension for WindowsStandalone target not found
Native extension for Android target not found
Mono: successfully reloaded assembly
- Finished resetting the current domain, in  0.604 seconds
Domain Reload Profiling:
	ReloadAssembly (231ms)
		BeginReloadAssembly (142ms)
			ExecutionOrderSort (0ms)
			DisableScriptedObjects (5ms)
			BackupInstance (0ms)
			ReleaseScriptingObjects (0ms)
			CreateAndSetChildDomain (29ms)
		LoadAllAssembliesAndSetupDomain (608ms)
			LoadAssemblies (295ms)
			RebuildTransferFunctionScriptingTraits (0ms)
			SetupTypeCache (375ms)
				TypeCache.Initialize (351ms)
					TypeCache.ScanAssembly (343ms)
				ResolveRequiredComponents (5ms)
		FinalizeReload (0ms)
			ReleaseScriptCaches (0ms)
			RebuildScriptCaches (0ms)
			SetupLoadedEditorAssemblies (413ms)
				LogAssemblyErrors (0ms)
				InitializePlatformSupportModulesInManaged (24ms)
				SetLoadedEditorAssemblies (5ms)
				RefreshPlugins (0ms)
				BeforeProcessingInitializeOnLoad (66ms)
				ProcessInitializeOnLoadAttributes (288ms)
				ProcessInitializeOnLoadMethodAttributes (25ms)
				AfterProcessingInitializeOnLoad (5ms)
				EditorAssembliesLoaded (0ms)
			ExecutionOrderSort2 (0ms)
			AwakeInstancesAfterBackupRestoration (8ms)
Launched and connected shader compiler UnityShaderCompiler.exe after 0.04 seconds
Refreshing native plugins compatible for Editor in 3.69 ms, found 3 plugins.
Preloading 0 native plugins for Editor in 0.00 ms.
Unloading 3148 Unused Serialized files (Serialized files now loaded: 0)
Unloading 34 unused Assets / (66.3 KB). Loaded Objects now: 3617.
Memory consumption went from 110.7 MB to 110.6 MB.
Total: 5.508800 ms (FindLiveObjects: 0.498500 ms CreateObjectMapping: 0.431900 ms MarkObjects: 4.434300 ms  DeleteObjects: 0.141400 ms)

AssetImportParameters requested are different than current active one (requested -> active):
  custom:container-demuxer-ogg: 62fdf1f143b41e24485cea50d1cbac27 -> 
  custom:video-decoder-ogg-theora: a1e56fd34408186e4bbccfd4996cb3dc -> 
  custom:framework-win-MediaFoundation: 216162199b28c13a410421893ffa2e32 -> 
  custom:container-demuxer-webm: 4f35f7cbe854078d1ac9338744f61a02 -> 
  custom:container-muxer-webm: aa71ff27fc2769a1b78a27578f13a17b -> 
  custom:video-decoder-webm-vp8: 9c59270c3fd7afecdb556c50c9e8de78 -> 
  custom:AudioImporter_EditorPlatform: d09bf68614088b80899f8185d706f6e7 -> 
  custom:video-encoder-webm-vp8: eb34c28f22e8b96e1ab97ce403110664 -> 
  custom:audio-decoder-ogg-vorbis: bf7c407c2cedff20999df2af8eb42d56 -> 
  custom:audio-encoder-webm-vorbis: bf7c407c2cedff20999df2af8eb42d56 -> 
========================================================================
Received Import Request.
  Time since last request: 7227.535712 seconds.
  path: Assets/Scenes/Level1.unity
  artifactKey: Guid(9fc0d4010bbf28b4594072e72b8655ab) Importer(815301076,1909f56bfc062723c751e8b465ee728b)
Start importing Assets/Scenes/Level1.unity using Guid(9fc0d4010bbf28b4594072e72b8655ab) Importer(815301076,1909f56bfc062723c751e8b465ee728b)  -> (artifact id: '578252db1621078b26b567753a6301d8') in 0.003465 seconds 
Number of updated asset objects reloaded before import = 0
Number of asset objects unloaded after import = 0
========================================================================
Received Import Request.
  Time since last request: 672.992230 seconds.
  path: Assets/Videos/Video1.renderTexture
  artifactKey: Guid(f4860c7e4466dbb488bc1dec2a07e479) Importer(815301076,1909f56bfc062723c751e8b465ee728b)
Start importing Assets/Videos/Video1.renderTexture using Guid(f4860c7e4466dbb488bc1dec2a07e479) Importer(815301076,1909f56bfc062723c751e8b465ee728b)  -> (artifact id: 'd92e301cec5ff7eab6b5a6a8da230ba4') in 0.081507 seconds 
Number of updated asset objects reloaded before import = 0
Number of asset objects unloaded after import = 2
========================================================================
Received Import Request.
  Time since last request: 0.912352 seconds.
  path: Assets/Textures/+ 1.png
  artifactKey: Guid(5fae9d8fe7814d04b9cc8112612c6ebf) Importer(815301076,1909f56bfc062723c751e8b465ee728b)
Start importing Assets/Textures/+ 1.png using Guid(5fae9d8fe7814d04b9cc8112612c6ebf) Importer(815301076,1909f56bfc062723c751e8b465ee728b)  -> (artifact id: 'd4f5cf352b85876b7645d1b507bc0f1a') in 0.015989 seconds 
Number of updated asset objects reloaded before import = 0
Number of asset objects unloaded after import = 2
========================================================================
Received Import Request.
  Time since last request: 0.000021 seconds.
  path: Assets/Textures/94e9035a11b4869bec9266f730084bac.png
  artifactKey: Guid(7c7338e9d6372d74e9d38d1174f4f4fd) Importer(815301076,1909f56bfc062723c751e8b465ee728b)
Start importing Assets/Textures/94e9035a11b4869bec9266f730084bac.png using Guid(7c7338e9d6372d74e9d38d1174f4f4fd) Importer(815301076,1909f56bfc062723c751e8b465ee728b)  -> (artifact id: 'c09e786ede348b095b4f3ee3cc5d2e8f') in 0.013396 seconds 
Number of updated asset objects reloaded before import = 0
Number of asset objects unloaded after import = 2
========================================================================
Received Import Request.
  Time since last request: 0.000021 seconds.
  path: Assets/Textures/_normal.jpg
  artifactKey: Guid(6c07730010371b64e878091c77a5b58d) Importer(815301076,1909f56bfc062723c751e8b465ee728b)
Start importing Assets/Textures/_normal.jpg using Guid(6c07730010371b64e878091c77a5b58d) Importer(815301076,1909f56bfc062723c751e8b465ee728b)  -> (artifact id: 'e870c4e9cf1e1da854c01bfb533d2fe3') in 0.055363 seconds 
Number of updated asset objects reloaded before import = 0
Number of asset objects unloaded after import = 2
========================================================================
Received Import Request.
  Time since last request: 0.000030 seconds.
  path: Assets/Textures/_metalness.jpg
  artifactKey: Guid(0cc2b09b424cde5419b0a925644f23b9) Importer(815301076,1909f56bfc062723c751e8b465ee728b)
Start importing Assets/Textures/_metalness.jpg using Guid(0cc2b09b424cde5419b0a925644f23b9) Importer(815301076,1909f56bfc062723c751e8b465ee728b)  -> (artifact id: 'ecc82ce5314519eb3162816b0b7ff7de') in 0.016282 seconds 
Number of updated asset objects reloaded before import = 0
Number of asset objects unloaded after import = 2
========================================================================
Received Import Request.
  Time since last request: 0.000089 seconds.
  path: Assets/Textures/_metalness 2.jpg
  artifactKey: Guid(abf5c5a189884494796b0ac665a81d1e) Importer(815301076,1909f56bfc062723c751e8b465ee728b)
Start importing Assets/Textures/_metalness 2.jpg using Guid(abf5c5a189884494796b0ac665a81d1e) Importer(815301076,1909f56bfc062723c751e8b465ee728b)  -> (artifact id: '99bb698fbfd117376f1753c65e6cfd68') in 0.015264 seconds 
Number of updated asset objects reloaded before import = 0
Number of asset objects unloaded after import = 2
========================================================================
Received Import Request.
  Time since last request: 0.000041 seconds.
  path: Assets/Textures/_normal 2.jpg
  artifactKey: Guid(3a243eb3361be244fab082cadf7711d4) Importer(815301076,1909f56bfc062723c751e8b465ee728b)
Start importing Assets/Textures/_normal 2.jpg using Guid(3a243eb3361be244fab082cadf7711d4) Importer(815301076,1909f56bfc062723c751e8b465ee728b)  -> (artifact id: '89b2c3541839c872d4d8255356457b42') in 0.014743 seconds 
Number of updated asset objects reloaded before import = 0
Number of asset objects unloaded after import = 2
========================================================================
Received Import Request.
  Time since last request: 0.000035 seconds.
  path: Assets/Textures/_albedo 1.jpg
  artifactKey: Guid(0d17a1adedd7568468c969ef21c50f5d) Importer(815301076,1909f56bfc062723c751e8b465ee728b)
Start importing Assets/Textures/_albedo 1.jpg using Guid(0d17a1adedd7568468c969ef21c50f5d) Importer(815301076,1909f56bfc062723c751e8b465ee728b)  -> (artifact id: '56ef1807741ecf82ab9de3e7dc90fc20') in 0.016733 seconds 
Number of updated asset objects reloaded before import = 0
Number of asset objects unloaded after import = 2
========================================================================
Received Import Request.
  Time since last request: 0.000023 seconds.
  path: Assets/Textures/6874.5_01c91ebc_custom-19a59dc2b8d087677aaed0ebf4055fc5e11a1f80-s800-c85 1.png
  artifactKey: Guid(7b686cbdc2a21f145ab260f9e7691630) Importer(815301076,1909f56bfc062723c751e8b465ee728b)
Start importing Assets/Textures/6874.5_01c91ebc_custom-19a59dc2b8d087677aaed0ebf4055fc5e11a1f80-s800-c85 1.png using Guid(7b686cbdc2a21f145ab260f9e7691630) Importer(815301076,1909f56bfc062723c751e8b465ee728b)  -> (artifact id: '90ef1ca5f58699a3bb83864603101b1b') in 0.015354 seconds 
Number of updated asset objects reloaded before import = 0
Number of asset objects unloaded after import = 2
========================================================================
Received Import Request.
  Time since last request: 0.000020 seconds.
  path: Assets/Textures/A 1.png
  artifactKey: Guid(6c844bb95166dfb46ab91856e436b471) Importer(815301076,1909f56bfc062723c751e8b465ee728b)
Start importing Assets/Textures/A 1.png using Guid(6c844bb95166dfb46ab91856e436b471) Importer(815301076,1909f56bfc062723c751e8b465ee728b)  -> (artifact id: '07851c7b16d20980525be729cfc52052') in 0.015611 seconds 
Number of updated asset objects reloaded before import = 0
Number of asset objects unloaded after import = 2
========================================================================
Received Import Request.
  Time since last request: 0.000022 seconds.
  path: Assets/Textures/6874.5_01c91ebc_custom-19a59dc2b8d087677aaed0ebf4055fc5e11a1f80-s800-c85.png
  artifactKey: Guid(4164d2a0573985d4b889463b4c25917e) Importer(815301076,1909f56bfc062723c751e8b465ee728b)
Start importing Assets/Textures/6874.5_01c91ebc_custom-19a59dc2b8d087677aaed0ebf4055fc5e11a1f80-s800-c85.png using Guid(4164d2a0573985d4b889463b4c25917e) Importer(815301076,1909f56bfc062723c751e8b465ee728b)  -> (artifact id: '9e1d4e0f8cf694b00d4410718e1adcab') in 0.014868 seconds 
Number of updated asset objects reloaded before import = 0
Number of asset objects unloaded after import = 2
========================================================================
Received Import Request.
  Time since last request: 0.000016 seconds.
  path: Assets/Textures/94e9035a11b4869bec9266f730084bac 1.png
  artifactKey: Guid(536e518142589ab46a2dd3f3c3cf65c9) Importer(815301076,1909f56bfc062723c751e8b465ee728b)
Start importing Assets/Textures/94e9035a11b4869bec9266f730084bac 1.png using Guid(536e518142589ab46a2dd3f3c3cf65c9) Importer(815301076,1909f56bfc062723c751e8b465ee728b)  -> (artifact id: '1eebdbe566816ece35e72c4bf9ad01d6') in 0.006440 seconds 
Number of updated asset objects reloaded before import = 0
Number of asset objects unloaded after import = 2
========================================================================
Received Import Request.
  Time since last request: 0.000035 seconds.
  path: Assets/Textures/94e9035a11b4869bec9266f730084bac 4.png
  artifactKey: Guid(47f72f710a862994982e543d413e18af) Importer(815301076,1909f56bfc062723c751e8b465ee728b)
Start importing Assets/Textures/94e9035a11b4869bec9266f730084bac 4.png using Guid(47f72f710a862994982e543d413e18af) Importer(815301076,1909f56bfc062723c751e8b465ee728b)  -> (artifact id: '597225453da5545641f67cffa1187cc3') in 0.007295 seconds 
Number of updated asset objects reloaded before import = 0
Number of asset objects unloaded after import = 2
========================================================================
Received Import Request.
  Time since last request: 0.000051 seconds.
  path: Assets/Textures/_albedo.jpg
  artifactKey: Guid(3d344b468fde83d4399caa605108f2d2) Importer(815301076,1909f56bfc062723c751e8b465ee728b)
Start importing Assets/Textures/_albedo.jpg using Guid(3d344b468fde83d4399caa605108f2d2) Importer(815301076,1909f56bfc062723c751e8b465ee728b)  -> (artifact id: '6fc62d115e91ad6a54b946a3ced77c30') in 0.016390 seconds 
Number of updated asset objects reloaded before import = 0
Number of asset objects unloaded after import = 2
========================================================================
Received Import Request.
  Time since last request: 0.000021 seconds.
  path: Assets/Textures/A.png
  artifactKey: Guid(4a613c192209bf047ac148867cefbd85) Importer(815301076,1909f56bfc062723c751e8b465ee728b)
Start importing Assets/Textures/A.png using Guid(4a613c192209bf047ac148867cefbd85) Importer(815301076,1909f56bfc062723c751e8b465ee728b)  -> (artifact id: 'cbcbd604febdc9d77b5f3a8e0fbca2ed') in 0.008596 seconds 
Number of updated asset objects reloaded before import = 0
Number of asset objects unloaded after import = 2
========================================================================
Received Import Request.
  Time since last request: 0.000028 seconds.
  path: Assets/Textures/_roughness 1.jpg
  artifactKey: Guid(3316f4c398e7b864b9fef9df84c81321) Importer(815301076,1909f56bfc062723c751e8b465ee728b)
Start importing Assets/Textures/_roughness 1.jpg using Guid(3316f4c398e7b864b9fef9df84c81321) Importer(815301076,1909f56bfc062723c751e8b465ee728b)  -> (artifact id: 'fa3588b95facd6440f1029da5af14fb4') in 0.014353 seconds 
Number of updated asset objects reloaded before import = 0
Number of asset objects unloaded after import = 2
========================================================================
Received Import Request.
  Time since last request: 0.000028 seconds.
  path: Assets/Textures/_roughness.jpg
  artifactKey: Guid(020f31d411380e54baed42b93240a2b7) Importer(815301076,1909f56bfc062723c751e8b465ee728b)
Start importing Assets/Textures/_roughness.jpg using Guid(020f31d411380e54baed42b93240a2b7) Importer(815301076,1909f56bfc062723c751e8b465ee728b)  -> (artifact id: '152b1a15acb5f160875ff4f1174811e9') in 0.011790 seconds 
Number of updated asset objects reloaded before import = 0
Number of asset objects unloaded after import = 2
========================================================================
Received Import Request.
  Time since last request: 0.000026 seconds.
  path: Assets/Textures/94e9035a11b4869bec9266f730084bac 2.png
  artifactKey: Guid(ad4a2e5c51880af49af7816b644bc5a4) Importer(815301076,1909f56bfc062723c751e8b465ee728b)
Start importing Assets/Textures/94e9035a11b4869bec9266f730084bac 2.png using Guid(ad4a2e5c51880af49af7816b644bc5a4) Importer(815301076,1909f56bfc062723c751e8b465ee728b)  -> (artifact id: 'f7acdd2db1b05ada5ef933b02c9c5d06') in 0.008297 seconds 
Number of updated asset objects reloaded before import = 0
Number of asset objects unloaded after import = 2
Editor requested this worker to shutdown with reason: Scaling down because of idle timeout
TcpMessagingSession - receive error: operation aborted. errorcode: 995, details: Bir iþ parçacýðý çýkýþý veya bir uygulama isteði nedeniyle G/Ç iþlemi iptal edildi.
AssetImportWorker is now disconnected from the server
Process exiting
Exiting without the bug reporter. Application will terminate with return code 0