Using pre-set license
Built from '2022.2/staging' branch; Version is '2022.2.11f1 (621cd60d08fd) revision 6429910'; Using compiler version '192829333'; Build Type 'Release'
OS: 'Windows 11  (10.0.22621) 64bit Professional' Language: 'tr' Physical Memory: 16163 MB
BatchMode: 1, IsHumanControllingUs: 0, StartBugReporterOnCrash: 0, Is64bit: 1, IsPro: 1

COMMAND LINE ARGUMENTS:
C:\Program Files\Unity\Hub\Editor\2022.2.11f1\Editor\Unity.exe
-adb2
-batchMode
-noUpm
-name
AssetImportWorker0
-projectPath
C:/Users/omert/Documents/Github/jam33/My project
-logFile
Logs/AssetImportWorker0.log
-srvPort
50220
Successfully changed project path to: C:/Users/omert/Documents/Github/jam33/My project
C:/Users/omert/Documents/Github/jam33/My project
[UnityMemory] Configuration Parameters - Can be set up in boot.config
    "memorysetup-bucket-allocator-granularity=16"
    "memorysetup-bucket-allocator-bucket-count=8"
    "memorysetup-bucket-allocator-block-size=33554432"
    "memorysetup-bucket-allocator-block-count=8"
    "memorysetup-main-allocator-block-size=16777216"
    "memorysetup-thread-allocator-block-size=16777216"
    "memorysetup-gfx-main-allocator-block-size=16777216"
    "memorysetup-gfx-thread-allocator-block-size=16777216"
    "memorysetup-cache-allocator-block-size=4194304"
    "memorysetup-typetree-allocator-block-size=2097152"
    "memorysetup-profiler-bucket-allocator-granularity=16"
    "memorysetup-profiler-bucket-allocator-bucket-count=8"
    "memorysetup-profiler-bucket-allocator-block-size=33554432"
    "memorysetup-profiler-bucket-allocator-block-count=8"
    "memorysetup-profiler-allocator-block-size=16777216"
    "memorysetup-profiler-editor-allocator-block-size=1048576"
    "memorysetup-temp-allocator-size-main=16777216"
    "memorysetup-job-temp-allocator-block-size=2097152"
    "memorysetup-job-temp-allocator-block-size-background=1048576"
    "memorysetup-job-temp-allocator-reduction-small-platforms=262144"
    "memorysetup-temp-allocator-size-background-worker=32768"
    "memorysetup-temp-allocator-size-job-worker=262144"
    "memorysetup-temp-allocator-size-preload-manager=33554432"
    "memorysetup-temp-allocator-size-nav-mesh-worker=65536"
    "memorysetup-temp-allocator-size-audio-worker=65536"
    "memorysetup-temp-allocator-size-cloud-worker=32768"
    "memorysetup-temp-allocator-size-gi-baking-worker=262144"
    "memorysetup-temp-allocator-size-gfx=262144"
Player connection [12472] Host "[IP] 192.168.1.35 [Port] 0 [Flags] 2 [Guid] 1389419687 [EditorId] 1389419687 [Version] 1048832 [Id] WindowsEditor(7,omers) [Debug] 1 [PackageName] WindowsEditor [ProjectName] Editor" joined multi-casting on [225.0.0.222:54997]...

Player connection [12472] Host "[IP] 192.168.1.35 [Port] 0 [Flags] 2 [Guid] 1389419687 [EditorId] 1389419687 [Version] 1048832 [Id] WindowsEditor(7,omers) [Debug] 1 [PackageName] WindowsEditor [ProjectName] Editor" joined alternative multi-casting on [225.0.0.222:34997]...

Refreshing native plugins compatible for Editor in 6.34 ms, found 3 plugins.
Preloading 0 native plugins for Editor in 0.00 ms.
Initialize engine version: 2022.2.11f1 (621cd60d08fd)
[Subsystems] Discovering subsystems at path C:/Program Files/Unity/Hub/Editor/2022.2.11f1/Editor/Data/Resources/UnitySubsystems
[Subsystems] Discovering subsystems at path C:/Users/omert/Documents/Github/jam33/My project/Assets
GfxDevice: creating device client; threaded=0; jobified=0
Direct3D:
    Version:  Direct3D 11.0 [level 11.1]
    Renderer: NVIDIA GeForce RTX 3050 Ti Laptop GPU (ID=0x25a0)
    Vendor:   NVIDIA
    VRAM:     3976 MB
    Driver:   31.0.15.3129
Initialize mono
Mono path[0] = 'C:/Program Files/Unity/Hub/Editor/2022.2.11f1/Editor/Data/Managed'
Mono path[1] = 'C:/Program Files/Unity/Hub/Editor/2022.2.11f1/Editor/Data/MonoBleedingEdge/lib/mono/unityjit-win32'
Mono config path = 'C:/Program Files/Unity/Hub/Editor/2022.2.11f1/Editor/Data/MonoBleedingEdge/etc'
Using monoOptions --debugger-agent=transport=dt_socket,embedding=1,server=y,suspend=n,address=127.0.0.1:56712
Begin MonoManager ReloadAssembly
Registering precompiled unity dll's ...
Register platform support module: C:/Program Files/Unity/Hub/Editor/2022.2.11f1/Editor/Data/PlaybackEngines/AndroidPlayer/UnityEditor.Android.Extensions.dll
Register platform support module: C:/Program Files/Unity/Hub/Editor/2022.2.11f1/Editor/Data/PlaybackEngines/WindowsStandaloneSupport/UnityEditor.WindowsStandalone.Extensions.dll
Registered in 0.005736 seconds.
- Loaded All Assemblies, in  0.348 seconds
Native extension for WindowsStandalone target not found
Native extension for Android target not found
Android Extension - Scanning For ADB Devices 285 ms
Mono: successfully reloaded assembly
- Finished resetting the current domain, in  0.609 seconds
Domain Reload Profiling:
	ReloadAssembly (186ms)
		BeginReloadAssembly (83ms)
			ExecutionOrderSort (0ms)
			DisableScriptedObjects (0ms)
			BackupInstance (0ms)
			ReleaseScriptingObjects (0ms)
			CreateAndSetChildDomain (1ms)
		LoadAllAssembliesAndSetupDomain (0ms)
			LoadAssemblies (82ms)
			RebuildTransferFunctionScriptingTraits (0ms)
			SetupTypeCache (154ms)
				TypeCache.Initialize (153ms)
					TypeCache.ScanAssembly (152ms)
				ResolveRequiredComponents (1ms)
		FinalizeReload (0ms)
			ReleaseScriptCaches (0ms)
			RebuildScriptCaches (0ms)
			SetupLoadedEditorAssemblies (539ms)
				LogAssemblyErrors (0ms)
				InitializePlatformSupportModulesInManaged (373ms)
				SetLoadedEditorAssemblies (4ms)
				RefreshPlugins (0ms)
				BeforeProcessingInitializeOnLoad (1ms)
				ProcessInitializeOnLoadAttributes (115ms)
				ProcessInitializeOnLoadMethodAttributes (45ms)
				AfterProcessingInitializeOnLoad (0ms)
				EditorAssembliesLoaded (0ms)
			ExecutionOrderSort2 (0ms)
			AwakeInstancesAfterBackupRestoration (0ms)
========================================================================
Worker process is ready to serve import requests
Begin MonoManager ReloadAssembly
Symbol file LoadedFromMemory doesn't match image C:\Users\omert\Documents\Github\jam33\My project\Library\PackageCache\com.unity.visualscripting@1.8.0\Editor\VisualScripting.Core\Dependencies\YamlDotNet\Unity.VisualScripting.YamlDotNet.dll
Symbol file LoadedFromMemory doesn't match image C:\Users\omert\Documents\Github\jam33\My project\Library\PackageCache\com.unity.visualscripting@1.8.0\Editor\VisualScripting.Core\Dependencies\DotNetZip\Unity.VisualScripting.IonicZip.dll
- Loaded All Assemblies, in  0.866 seconds
Refreshing native plugins compatible for Editor in 3.07 ms, found 3 plugins.
Native extension for WindowsStandalone target not found
Native extension for Android target not found
Mono: successfully reloaded assembly
- Finished resetting the current domain, in  0.602 seconds
Domain Reload Profiling:
	ReloadAssembly (257ms)
		BeginReloadAssembly (158ms)
			ExecutionOrderSort (0ms)
			DisableScriptedObjects (5ms)
			BackupInstance (0ms)
			ReleaseScriptingObjects (0ms)
			CreateAndSetChildDomain (30ms)
		LoadAllAssembliesAndSetupDomain (606ms)
			LoadAssemblies (294ms)
			RebuildTransferFunctionScriptingTraits (0ms)
			SetupTypeCache (377ms)
				TypeCache.Initialize (350ms)
					TypeCache.ScanAssembly (343ms)
				ResolveRequiredComponents (6ms)
		FinalizeReload (0ms)
			ReleaseScriptCaches (0ms)
			RebuildScriptCaches (0ms)
			SetupLoadedEditorAssemblies (417ms)
				LogAssemblyErrors (0ms)
				InitializePlatformSupportModulesInManaged (25ms)
				SetLoadedEditorAssemblies (5ms)
				RefreshPlugins (0ms)
				BeforeProcessingInitializeOnLoad (64ms)
				ProcessInitializeOnLoadAttributes (291ms)
				ProcessInitializeOnLoadMethodAttributes (25ms)
				AfterProcessingInitializeOnLoad (6ms)
				EditorAssembliesLoaded (0ms)
			ExecutionOrderSort2 (0ms)
			AwakeInstancesAfterBackupRestoration (7ms)
Launched and connected shader compiler UnityShaderCompiler.exe after 0.06 seconds
Refreshing native plugins compatible for Editor in 2.51 ms, found 3 plugins.
Preloading 0 native plugins for Editor in 0.00 ms.
Unloading 3148 Unused Serialized files (Serialized files now loaded: 0)
Unloading 34 unused Assets / (66.3 KB). Loaded Objects now: 3617.
Memory consumption went from 110.7 MB to 110.6 MB.
Total: 2.695900 ms (FindLiveObjects: 0.236400 ms CreateObjectMapping: 0.091800 ms MarkObjects: 2.224500 ms  DeleteObjects: 0.141900 ms)

AssetImportParameters requested are different than current active one (requested -> active):
  custom:container-demuxer-ogg: 62fdf1f143b41e24485cea50d1cbac27 -> 
  custom:video-decoder-ogg-theora: a1e56fd34408186e4bbccfd4996cb3dc -> 
  custom:framework-win-MediaFoundation: 216162199b28c13a410421893ffa2e32 -> 
  custom:container-demuxer-webm: 4f35f7cbe854078d1ac9338744f61a02 -> 
  custom:container-muxer-webm: aa71ff27fc2769a1b78a27578f13a17b -> 
  custom:video-decoder-webm-vp8: 9c59270c3fd7afecdb556c50c9e8de78 -> 
  custom:AudioImporter_EditorPlatform: d09bf68614088b80899f8185d706f6e7 -> 
  custom:video-encoder-webm-vp8: eb34c28f22e8b96e1ab97ce403110664 -> 
  custom:audio-decoder-ogg-vorbis: bf7c407c2cedff20999df2af8eb42d56 -> 
  custom:audio-encoder-webm-vorbis: bf7c407c2cedff20999df2af8eb42d56 -> 
========================================================================
Received Import Request.
  Time since last request: 7867.726116 seconds.
  path: Assets/Scenes/Level1.unity
  artifactKey: Guid(9fc0d4010bbf28b4594072e72b8655ab) Importer(815301076,1909f56bfc062723c751e8b465ee728b)
Start importing Assets/Scenes/Level1.unity using Guid(9fc0d4010bbf28b4594072e72b8655ab) Importer(815301076,1909f56bfc062723c751e8b465ee728b)  -> (artifact id: '2bf50d3aa9f03a8e7aaf8ecf574e7e42') in 0.002509 seconds 
Number of updated asset objects reloaded before import = 0
Number of asset objects unloaded after import = 0
========================================================================
Received Import Request.
  Time since last request: 4.509189 seconds.
  path: Assets/Scenes/Level2.unity
  artifactKey: Guid(9fc0d4010bbf28b4594072e72b8655ab) Importer(815301076,1909f56bfc062723c751e8b465ee728b)
Start importing Assets/Scenes/Level2.unity using Guid(9fc0d4010bbf28b4594072e72b8655ab) Importer(815301076,1909f56bfc062723c751e8b465ee728b)  -> (artifact id: '81f8445df7c576270ab454dec9462e15') in 0.000881 seconds 
Number of updated asset objects reloaded before import = 0
Number of asset objects unloaded after import = 0
========================================================================
Received Import Request.
  Time since last request: 5.305480 seconds.
  path: Assets/Scenes/Level3.unity
  artifactKey: Guid(72b5043edd5dfd340ba5e1d503e21801) Importer(815301076,1909f56bfc062723c751e8b465ee728b)
Start importing Assets/Scenes/Level3.unity using Guid(72b5043edd5dfd340ba5e1d503e21801) Importer(815301076,1909f56bfc062723c751e8b465ee728b)  -> (artifact id: 'b22706ad54f4527e9a27f349eefdd450') in 0.002255 seconds 
Number of updated asset objects reloaded before import = 0
Number of asset objects unloaded after import = 0
========================================================================
Received Import Request.
  Time since last request: 3.913716 seconds.
  path: Assets/Scenes/Level1.unity
  artifactKey: Guid(72b5043edd5dfd340ba5e1d503e21801) Importer(815301076,1909f56bfc062723c751e8b465ee728b)
Start importing Assets/Scenes/Level1.unity using Guid(72b5043edd5dfd340ba5e1d503e21801) Importer(815301076,1909f56bfc062723c751e8b465ee728b)  -> (artifact id: 'c9e27c15fbb6fbd82e2501dc218812c9') in 0.000505 seconds 
Number of updated asset objects reloaded before import = 0
Number of asset objects unloaded after import = 0
========================================================================
Received Import Request.
  Time since last request: 19.068087 seconds.
  path: Assets/Videos/Giris_Animasyon.mp4
  artifactKey: Guid(bfe6615a8d1055144a9d1a6e5dc8a397) Importer(815301076,1909f56bfc062723c751e8b465ee728b)
Start importing Assets/Videos/Giris_Animasyon.mp4 using Guid(bfe6615a8d1055144a9d1a6e5dc8a397) Importer(815301076,1909f56bfc062723c751e8b465ee728b)  -> (artifact id: '4c8ffa1314251ca9a121a8996218eedc') in 0.012302 seconds 
Number of updated asset objects reloaded before import = 0
Number of asset objects unloaded after import = 1
========================================================================
Received Import Request.
  Time since last request: 0.983073 seconds.
  path: Assets/Textures/+.png
  artifactKey: Guid(c3ddc72fa978cb04d88d29eb33983e71) Importer(815301076,1909f56bfc062723c751e8b465ee728b)
Start importing Assets/Textures/+.png using Guid(c3ddc72fa978cb04d88d29eb33983e71) Importer(815301076,1909f56bfc062723c751e8b465ee728b)  -> (artifact id: '7d32eb4839ba3d12b732382c18a7f795') in 0.052051 seconds 
Number of updated asset objects reloaded before import = 0
Number of asset objects unloaded after import = 2
========================================================================
Received Import Request.
  Time since last request: 0.000020 seconds.
  path: Assets/Textures/6874.5_01c91ebc_custom-19a59dc2b8d087677aaed0ebf4055fc5e11a1f80-s800-c85 4.png
  artifactKey: Guid(02506ce9c83a55445aa768fca0a3e8a0) Importer(815301076,1909f56bfc062723c751e8b465ee728b)
Start importing Assets/Textures/6874.5_01c91ebc_custom-19a59dc2b8d087677aaed0ebf4055fc5e11a1f80-s800-c85 4.png using Guid(02506ce9c83a55445aa768fca0a3e8a0) Importer(815301076,1909f56bfc062723c751e8b465ee728b)  -> (artifact id: 'b68968b8f5b13f7571290377f62e44c1') in 0.089163 seconds 
Number of updated asset objects reloaded before import = 0
Number of asset objects unloaded after import = 2
========================================================================
Received Import Request.
  Time since last request: 0.000021 seconds.
  path: Assets/Textures/_metalness 1.jpg
  artifactKey: Guid(c789f1cdd188d164da5c9316c4e12d78) Importer(815301076,1909f56bfc062723c751e8b465ee728b)
Start importing Assets/Textures/_metalness 1.jpg using Guid(c789f1cdd188d164da5c9316c4e12d78) Importer(815301076,1909f56bfc062723c751e8b465ee728b)  -> (artifact id: '7a1ba28190d70bc7e9e4bcb77712445c') in 0.022563 seconds 
Number of updated asset objects reloaded before import = 0
Number of asset objects unloaded after import = 2
========================================================================
Received Import Request.
  Time since last request: 0.000026 seconds.
  path: Assets/Textures/_normal 1.jpg
  artifactKey: Guid(34c7a66f8179c54449729986578296b4) Importer(815301076,1909f56bfc062723c751e8b465ee728b)
Start importing Assets/Textures/_normal 1.jpg using Guid(34c7a66f8179c54449729986578296b4) Importer(815301076,1909f56bfc062723c751e8b465ee728b)  -> (artifact id: 'ba2b45ac67d74b6a426e3c396a4882b9') in 0.014638 seconds 
Number of updated asset objects reloaded before import = 0
Number of asset objects unloaded after import = 2
========================================================================
Received Import Request.
  Time since last request: 0.000020 seconds.
  path: Assets/Textures/6874.5_01c91ebc_custom-19a59dc2b8d087677aaed0ebf4055fc5e11a1f80-s800-c85 3.png
  artifactKey: Guid(8e94ca8420f2dde4f9aa534a61bfe853) Importer(815301076,1909f56bfc062723c751e8b465ee728b)
Start importing Assets/Textures/6874.5_01c91ebc_custom-19a59dc2b8d087677aaed0ebf4055fc5e11a1f80-s800-c85 3.png using Guid(8e94ca8420f2dde4f9aa534a61bfe853) Importer(815301076,1909f56bfc062723c751e8b465ee728b)  -> (artifact id: 'f73e26ba7feaefda6003e030ef7ca1ad') in 0.012034 seconds 
Number of updated asset objects reloaded before import = 0
Number of asset objects unloaded after import = 2
========================================================================
Received Import Request.
  Time since last request: 0.000023 seconds.
  path: Assets/Textures/+ 2.png
  artifactKey: Guid(26e428e8cdb810d419f874eb083ec925) Importer(815301076,1909f56bfc062723c751e8b465ee728b)
Start importing Assets/Textures/+ 2.png using Guid(26e428e8cdb810d419f874eb083ec925) Importer(815301076,1909f56bfc062723c751e8b465ee728b)  -> (artifact id: 'fba5395ff1f909873b1bc14a783a362f') in 0.006182 seconds 
Number of updated asset objects reloaded before import = 0
Number of asset objects unloaded after import = 2
========================================================================
Received Import Request.
  Time since last request: 0.000015 seconds.
  path: Assets/Textures/A 2.png
  artifactKey: Guid(bdb85f8b18f63564482bd7484255d98f) Importer(815301076,1909f56bfc062723c751e8b465ee728b)
Start importing Assets/Textures/A 2.png using Guid(bdb85f8b18f63564482bd7484255d98f) Importer(815301076,1909f56bfc062723c751e8b465ee728b)  -> (artifact id: 'a23de8d84b9518074ce78ff67e9da4a1') in 0.007276 seconds 
Number of updated asset objects reloaded before import = 0
Number of asset objects unloaded after import = 2
========================================================================
Received Import Request.
  Time since last request: 0.000023 seconds.
  path: Assets/Textures/94e9035a11b4869bec9266f730084bac 3.png
  artifactKey: Guid(9b6c7ede106009444b8c93f827023d5a) Importer(815301076,1909f56bfc062723c751e8b465ee728b)
Start importing Assets/Textures/94e9035a11b4869bec9266f730084bac 3.png using Guid(9b6c7ede106009444b8c93f827023d5a) Importer(815301076,1909f56bfc062723c751e8b465ee728b)  -> (artifact id: '7e9f54f924c41f96593c63bf1caad67a') in 0.007379 seconds 
Number of updated asset objects reloaded before import = 0
Number of asset objects unloaded after import = 2
========================================================================
Received Import Request.
  Time since last request: 0.000033 seconds.
  path: Assets/Textures/_albedo 2.jpg
  artifactKey: Guid(36646dae52a2be54d96cc604d35c3046) Importer(815301076,1909f56bfc062723c751e8b465ee728b)
Start importing Assets/Textures/_albedo 2.jpg using Guid(36646dae52a2be54d96cc604d35c3046) Importer(815301076,1909f56bfc062723c751e8b465ee728b)  -> (artifact id: '547def269c872edb57237397031d1b31') in 0.015122 seconds 
Number of updated asset objects reloaded before import = 0
Number of asset objects unloaded after import = 2
========================================================================
Received Import Request.
  Time since last request: 0.000035 seconds.
  path: Assets/Textures/Adobe_Illustrator_CC_icon.svg.png
  artifactKey: Guid(28af4214653ff1346bc2d700cd8546ed) Importer(815301076,1909f56bfc062723c751e8b465ee728b)
Start importing Assets/Textures/Adobe_Illustrator_CC_icon.svg.png using Guid(28af4214653ff1346bc2d700cd8546ed) Importer(815301076,1909f56bfc062723c751e8b465ee728b)  -> (artifact id: 'dc8013d08deddd1b9e0bbe827fe81a03') in 0.013932 seconds 
Number of updated asset objects reloaded before import = 0
Number of asset objects unloaded after import = 2
========================================================================
Received Import Request.
  Time since last request: 0.000020 seconds.
  path: Assets/Textures/Adobe_Illustrator_CC_icon.svg 1.png
  artifactKey: Guid(9d0bccdc709f2784999626e3f715dcd3) Importer(815301076,1909f56bfc062723c751e8b465ee728b)
Start importing Assets/Textures/Adobe_Illustrator_CC_icon.svg 1.png using Guid(9d0bccdc709f2784999626e3f715dcd3) Importer(815301076,1909f56bfc062723c751e8b465ee728b)  -> (artifact id: '594f940da2b6919f93816bf731bc8181') in 0.008198 seconds 
Number of updated asset objects reloaded before import = 0
Number of asset objects unloaded after import = 2
========================================================================
Received Import Request.
  Time since last request: 0.000043 seconds.
  path: Assets/Textures/_roughness 2.jpg
  artifactKey: Guid(fe92906a10ce37c4787887581f0b0608) Importer(815301076,1909f56bfc062723c751e8b465ee728b)
Start importing Assets/Textures/_roughness 2.jpg using Guid(fe92906a10ce37c4787887581f0b0608) Importer(815301076,1909f56bfc062723c751e8b465ee728b)  -> (artifact id: 'bb1c6c308343ed6c1b43d38e07597c53') in 0.013638 seconds 
Number of updated asset objects reloaded before import = 0
Number of asset objects unloaded after import = 2
========================================================================
Received Import Request.
  Time since last request: 0.000019 seconds.
  path: Assets/Textures/6874.5_01c91ebc_custom-19a59dc2b8d087677aaed0ebf4055fc5e11a1f80-s800-c85 2.png
  artifactKey: Guid(d9892918fe753d14c84359d207f6a004) Importer(815301076,1909f56bfc062723c751e8b465ee728b)
Start importing Assets/Textures/6874.5_01c91ebc_custom-19a59dc2b8d087677aaed0ebf4055fc5e11a1f80-s800-c85 2.png using Guid(d9892918fe753d14c84359d207f6a004) Importer(815301076,1909f56bfc062723c751e8b465ee728b)  -> (artifact id: 'f497890929e4085dbc065b86cd44c866') in 0.012964 seconds 
Number of updated asset objects reloaded before import = 0
Number of asset objects unloaded after import = 2
