Using pre-set license
Built from '2022.2/staging' branch; Version is '2022.2.11f1 (621cd60d08fd) revision 6429910'; Using compiler version '192829333'; Build Type 'Release'
OS: 'Windows 10  (10.0.19045) 64bit Professional' Language: 'tr' Physical Memory: 16177 MB
BatchMode: 1, IsHumanControllingUs: 0, StartBugReporterOnCrash: 0, Is64bit: 1, IsPro: 1

COMMAND LINE ARGUMENTS:
C:\Program Files\Unity\Hub\Editor\2022.2.11f1\Editor\Unity.exe
-adb2
-batchMode
-noUpm
-name
AssetImportWorker6
-projectPath
C:/Users/PC/Desktop/jamCase/jam33/My project
-logFile
Logs/AssetImportWorker6.log
-srvPort
58804
Successfully changed project path to: C:/Users/PC/Desktop/jamCase/jam33/My project
C:/Users/PC/Desktop/jamCase/jam33/My project
[UnityMemory] Configuration Parameters - Can be set up in boot.config
    "memorysetup-bucket-allocator-granularity=16"
    "memorysetup-bucket-allocator-bucket-count=8"
    "memorysetup-bucket-allocator-block-size=33554432"
    "memorysetup-bucket-allocator-block-count=8"
    "memorysetup-main-allocator-block-size=16777216"
    "memorysetup-thread-allocator-block-size=16777216"
    "memorysetup-gfx-main-allocator-block-size=16777216"
    "memorysetup-gfx-thread-allocator-block-size=16777216"
    "memorysetup-cache-allocator-block-size=4194304"
    "memorysetup-typetree-allocator-block-size=2097152"
    "memorysetup-profiler-bucket-allocator-granularity=16"
    "memorysetup-profiler-bucket-allocator-bucket-count=8"
    "memorysetup-profiler-bucket-allocator-block-size=33554432"
    "memorysetup-profiler-bucket-allocator-block-count=8"
    "memorysetup-profiler-allocator-block-size=16777216"
    "memorysetup-profiler-editor-allocator-block-size=1048576"
    "memorysetup-temp-allocator-size-main=16777216"
    "memorysetup-job-temp-allocator-block-size=2097152"
    "memorysetup-job-temp-allocator-block-size-background=1048576"
    "memorysetup-job-temp-allocator-reduction-small-platforms=262144"
    "memorysetup-temp-allocator-size-background-worker=32768"
    "memorysetup-temp-allocator-size-job-worker=262144"
    "memorysetup-temp-allocator-size-preload-manager=33554432"
    "memorysetup-temp-allocator-size-nav-mesh-worker=65536"
    "memorysetup-temp-allocator-size-audio-worker=65536"
    "memorysetup-temp-allocator-size-cloud-worker=32768"
    "memorysetup-temp-allocator-size-gi-baking-worker=262144"
    "memorysetup-temp-allocator-size-gfx=262144"
Player connection [5220] Host "[IP] 192.168.1.4 [Port] 0 [Flags] 2 [Guid] 997087829 [EditorId] 997087829 [Version] 1048832 [Id] WindowsEditor(7,DESKTOP-ETJUP5C) [Debug] 1 [PackageName] WindowsEditor [ProjectName] Editor" joined multi-casting on [225.0.0.222:54997]...

Player connection [5220] Host "[IP] 192.168.1.4 [Port] 0 [Flags] 2 [Guid] 997087829 [EditorId] 997087829 [Version] 1048832 [Id] WindowsEditor(7,DESKTOP-ETJUP5C) [Debug] 1 [PackageName] WindowsEditor [ProjectName] Editor" joined alternative multi-casting on [225.0.0.222:34997]...

Refreshing native plugins compatible for Editor in 7.40 ms, found 3 plugins.
Preloading 0 native plugins for Editor in 0.00 ms.
Initialize engine version: 2022.2.11f1 (621cd60d08fd)
[Subsystems] Discovering subsystems at path C:/Program Files/Unity/Hub/Editor/2022.2.11f1/Editor/Data/Resources/UnitySubsystems
[Subsystems] Discovering subsystems at path C:/Users/PC/Desktop/jamCase/jam33/My project/Assets
GfxDevice: creating device client; threaded=0; jobified=0
Direct3D:
    Version:  Direct3D 11.0 [level 11.1]
    Renderer: NVIDIA GeForce RTX 3060 (ID=0x2487)
    Vendor:   NVIDIA
    VRAM:     12124 MB
    Driver:   31.0.15.3129
Initialize mono
Mono path[0] = 'C:/Program Files/Unity/Hub/Editor/2022.2.11f1/Editor/Data/Managed'
Mono path[1] = 'C:/Program Files/Unity/Hub/Editor/2022.2.11f1/Editor/Data/MonoBleedingEdge/lib/mono/unityjit-win32'
Mono config path = 'C:/Program Files/Unity/Hub/Editor/2022.2.11f1/Editor/Data/MonoBleedingEdge/etc'
Using monoOptions --debugger-agent=transport=dt_socket,embedding=1,server=y,suspend=n,address=127.0.0.1:56324
Begin MonoManager ReloadAssembly
Registering precompiled unity dll's ...
Register platform support module: C:/Program Files/Unity/Hub/Editor/2022.2.11f1/Editor/Data/PlaybackEngines/WebGLSupport/UnityEditor.WebGL.Extensions.dll
Register platform support module: C:/Program Files/Unity/Hub/Editor/2022.2.11f1/Editor/Data/PlaybackEngines/AndroidPlayer/UnityEditor.Android.Extensions.dll
Register platform support module: C:/Program Files/Unity/Hub/Editor/2022.2.11f1/Editor/Data/PlaybackEngines/WindowsStandaloneSupport/UnityEditor.WindowsStandalone.Extensions.dll
Registered in 0.012019 seconds.
- Loaded All Assemblies, in  0.274 seconds
Native extension for WindowsStandalone target not found
Native extension for Android target not found
Android Extension - Scanning For ADB Devices 230 ms
Native extension for WebGL target not found
Mono: successfully reloaded assembly
- Finished resetting the current domain, in  0.474 seconds
Domain Reload Profiling:
	ReloadAssembly (161ms)
		BeginReloadAssembly (71ms)
			ExecutionOrderSort (0ms)
			DisableScriptedObjects (0ms)
			BackupInstance (0ms)
			ReleaseScriptingObjects (0ms)
			CreateAndSetChildDomain (1ms)
		LoadAllAssembliesAndSetupDomain (0ms)
			LoadAssemblies (70ms)
			RebuildTransferFunctionScriptingTraits (0ms)
			SetupTypeCache (105ms)
				TypeCache.Initialize (104ms)
					TypeCache.ScanAssembly (103ms)
				ResolveRequiredComponents (0ms)
		FinalizeReload (0ms)
			ReleaseScriptCaches (0ms)
			RebuildScriptCaches (0ms)
			SetupLoadedEditorAssemblies (428ms)
				LogAssemblyErrors (0ms)
				InitializePlatformSupportModulesInManaged (302ms)
				SetLoadedEditorAssemblies (4ms)
				RefreshPlugins (0ms)
				BeforeProcessingInitializeOnLoad (1ms)
				ProcessInitializeOnLoadAttributes (85ms)
				ProcessInitializeOnLoadMethodAttributes (36ms)
				AfterProcessingInitializeOnLoad (0ms)
				EditorAssembliesLoaded (0ms)
			ExecutionOrderSort2 (0ms)
			AwakeInstancesAfterBackupRestoration (0ms)
========================================================================
Worker process is ready to serve import requests
Begin MonoManager ReloadAssembly
Symbol file LoadedFromMemory doesn't match image C:\Users\PC\Desktop\jamCase\jam33\My project\Library\PackageCache\com.unity.visualscripting@1.8.0\Editor\VisualScripting.Core\Dependencies\YamlDotNet\Unity.VisualScripting.YamlDotNet.dll
Symbol file LoadedFromMemory doesn't match image C:\Users\PC\Desktop\jamCase\jam33\My project\Library\PackageCache\com.unity.visualscripting@1.8.0\Editor\VisualScripting.Core\Dependencies\DotNetZip\Unity.VisualScripting.IonicZip.dll
- Loaded All Assemblies, in  0.592 seconds
Refreshing native plugins compatible for Editor in 2.98 ms, found 3 plugins.
Native extension for WindowsStandalone target not found
Native extension for Android target not found
Native extension for WebGL target not found
Mono: successfully reloaded assembly
- Finished resetting the current domain, in  0.423 seconds
Domain Reload Profiling:
	ReloadAssembly (181ms)
		BeginReloadAssembly (109ms)
			ExecutionOrderSort (0ms)
			DisableScriptedObjects (4ms)
			BackupInstance (0ms)
			ReleaseScriptingObjects (0ms)
			CreateAndSetChildDomain (21ms)
		LoadAllAssembliesAndSetupDomain (409ms)
			LoadAssemblies (227ms)
			RebuildTransferFunctionScriptingTraits (0ms)
			SetupTypeCache (232ms)
				TypeCache.Initialize (217ms)
					TypeCache.ScanAssembly (212ms)
				ResolveRequiredComponents (4ms)
		FinalizeReload (0ms)
			ReleaseScriptCaches (0ms)
			RebuildScriptCaches (0ms)
			SetupLoadedEditorAssemblies (301ms)
				LogAssemblyErrors (0ms)
				InitializePlatformSupportModulesInManaged (20ms)
				SetLoadedEditorAssemblies (3ms)
				RefreshPlugins (0ms)
				BeforeProcessingInitializeOnLoad (58ms)
				ProcessInitializeOnLoadAttributes (197ms)
				ProcessInitializeOnLoadMethodAttributes (15ms)
				AfterProcessingInitializeOnLoad (8ms)
				EditorAssembliesLoaded (0ms)
			ExecutionOrderSort2 (0ms)
			AwakeInstancesAfterBackupRestoration (5ms)
Launched and connected shader compiler UnityShaderCompiler.exe after 0.03 seconds
Refreshing native plugins compatible for Editor in 2.96 ms, found 3 plugins.
Preloading 0 native plugins for Editor in 0.00 ms.
Unloading 3147 Unused Serialized files (Serialized files now loaded: 0)
Unloading 34 unused Assets / (66.3 KB). Loaded Objects now: 3617.
Memory consumption went from 110.7 MB to 110.6 MB.
Total: 2.726200 ms (FindLiveObjects: 0.211200 ms CreateObjectMapping: 0.153800 ms MarkObjects: 2.271300 ms  DeleteObjects: 0.088900 ms)

AssetImportParameters requested are different than current active one (requested -> active):
  custom:container-demuxer-ogg: 62fdf1f143b41e24485cea50d1cbac27 -> 
  custom:video-decoder-ogg-theora: a1e56fd34408186e4bbccfd4996cb3dc -> 
  custom:framework-win-MediaFoundation: 216162199b28c13a410421893ffa2e32 -> 
  custom:container-demuxer-webm: 4f35f7cbe854078d1ac9338744f61a02 -> 
  custom:container-muxer-webm: aa71ff27fc2769a1b78a27578f13a17b -> 
  custom:video-decoder-webm-vp8: 9c59270c3fd7afecdb556c50c9e8de78 -> 
  custom:AudioImporter_EditorPlatform: d09bf68614088b80899f8185d706f6e7 -> 
  custom:video-encoder-webm-vp8: eb34c28f22e8b96e1ab97ce403110664 -> 
  custom:audio-decoder-ogg-vorbis: bf7c407c2cedff20999df2af8eb42d56 -> 
  custom:audio-encoder-webm-vorbis: bf7c407c2cedff20999df2af8eb42d56 -> 
========================================================================
Received Import Request.
  Time since last request: 2170803.052162 seconds.
  path: Assets/Textures/+ 1.png
  artifactKey: Guid(5fae9d8fe7814d04b9cc8112612c6ebf) Importer(815301076,1909f56bfc062723c751e8b465ee728b)
Start importing Assets/Textures/+ 1.png using Guid(5fae9d8fe7814d04b9cc8112612c6ebf) Importer(815301076,1909f56bfc062723c751e8b465ee728b)  -> (artifact id: '2925ddae7a7db98f87531657beb0816f') in 0.044923 seconds 
Number of updated asset objects reloaded before import = 0
Number of asset objects unloaded after import = 2
========================================================================
Received Import Request.
  Time since last request: 0.000025 seconds.
  path: Assets/Textures/6874.5_01c91ebc_custom-19a59dc2b8d087677aaed0ebf4055fc5e11a1f80-s800-c85 2.png
  artifactKey: Guid(d9892918fe753d14c84359d207f6a004) Importer(815301076,1909f56bfc062723c751e8b465ee728b)
Start importing Assets/Textures/6874.5_01c91ebc_custom-19a59dc2b8d087677aaed0ebf4055fc5e11a1f80-s800-c85 2.png using Guid(d9892918fe753d14c84359d207f6a004) Importer(815301076,1909f56bfc062723c751e8b465ee728b)  -> (artifact id: 'e9a225dddc2b6f6524bfe7495e973ee6') in 0.011881 seconds 
Number of updated asset objects reloaded before import = 0
Number of asset objects unloaded after import = 2
========================================================================
Received Import Request.
  Time since last request: 163.325790 seconds.
  path: Assets/Materials/Materials/gun3.mat
  artifactKey: Guid(025b3390a0c828b468ca6accc651dd64) Importer(815301076,1909f56bfc062723c751e8b465ee728b)
Start importing Assets/Materials/Materials/gun3.mat using Guid(025b3390a0c828b468ca6accc651dd64) Importer(815301076,1909f56bfc062723c751e8b465ee728b)  -> (artifact id: '7cad247491ef3a1affd4e989c1bb01a3') in 0.070722 seconds 
Number of updated asset objects reloaded before import = 0
Number of asset objects unloaded after import = 2
========================================================================
Received Import Request.
  Time since last request: 319.924745 seconds.
  path: Assets/Materials/Materials/floor
  artifactKey: Guid(61f45a9e61439804a9ce6daa3e2fcc2c) Importer(815301076,1909f56bfc062723c751e8b465ee728b)
Start importing Assets/Materials/Materials/floor using Guid(61f45a9e61439804a9ce6daa3e2fcc2c) Importer(815301076,1909f56bfc062723c751e8b465ee728b)  -> (artifact id: 'a91604351b1fc6bd3a709d3bc98598ce') in 0.000520 seconds 
Number of updated asset objects reloaded before import = 0
Number of asset objects unloaded after import = 0
========================================================================
Received Import Request.
  Time since last request: 30.398637 seconds.
  path: Assets/Materials
  artifactKey: Guid(25d56d70d745eb441862d5aa0fe48f8b) Importer(815301076,1909f56bfc062723c751e8b465ee728b)
Start importing Assets/Materials using Guid(25d56d70d745eb441862d5aa0fe48f8b) Importer(815301076,1909f56bfc062723c751e8b465ee728b)  -> (artifact id: 'c7a6c65737f7768833e8810a47d93dd8') in 0.000471 seconds 
Number of updated asset objects reloaded before import = 0
Number of asset objects unloaded after import = 0
========================================================================
Received Import Request.
  Time since last request: 62.841983 seconds.
  path: Assets/diskmap2.fbx
  artifactKey: Guid(e9988438f469338429022fe1bc6b5078) Importer(815301076,1909f56bfc062723c751e8b465ee728b)
Start importing Assets/diskmap2.fbx using Guid(e9988438f469338429022fe1bc6b5078) Importer(815301076,1909f56bfc062723c751e8b465ee728b)  -> (artifact id: '80fcf456d05bbfe4cca02ff716e1fb08') in 1.478410 seconds 
Number of updated asset objects reloaded before import = 0
Number of asset objects unloaded after import = 1970
========================================================================
Received Import Request.
  Time since last request: 2.415390 seconds.
  path: Assets/Scenes/Level1.unity
  artifactKey: Guid(72b5043edd5dfd340ba5e1d503e21801) Importer(815301076,1909f56bfc062723c751e8b465ee728b)
Start importing Assets/Scenes/Level1.unity using Guid(72b5043edd5dfd340ba5e1d503e21801) Importer(815301076,1909f56bfc062723c751e8b465ee728b)  -> (artifact id: 'c08575d96f7c5a172d9d5d6673c34a8c') in 0.000490 seconds 
Number of updated asset objects reloaded before import = 0
Number of asset objects unloaded after import = 0
========================================================================
Received Import Request.
  Time since last request: 23.626462 seconds.
  path: Assets/Sound
  artifactKey: Guid(b5e646c450ad0eb48a0e45e04d7c27b8) Importer(815301076,1909f56bfc062723c751e8b465ee728b)
Start importing Assets/Sound using Guid(b5e646c450ad0eb48a0e45e04d7c27b8) Importer(815301076,1909f56bfc062723c751e8b465ee728b)  -> (artifact id: 'e9935b0cf1b876a89bf1cf3fe7de6a71') in 0.000492 seconds 
Number of updated asset objects reloaded before import = 0
Number of asset objects unloaded after import = 0
========================================================================
Received Import Request.
  Time since last request: 0.069835 seconds.
  path: Assets/Sound/01_icin_virus_sesi.mp3
  artifactKey: Guid(c204761bac4998c409eedd4615ba3f9d) Importer(815301076,1909f56bfc062723c751e8b465ee728b)
Start importing Assets/Sound/01_icin_virus_sesi.mp3 using Guid(c204761bac4998c409eedd4615ba3f9d) Importer(815301076,1909f56bfc062723c751e8b465ee728b)  -> (artifact id: 'e28cfb7f8004225045a1a30cd82e2054') in 0.040664 seconds 
Number of updated asset objects reloaded before import = 0
Number of asset objects unloaded after import = 2
========================================================================
Received Import Request.
  Time since last request: 0.000018 seconds.
  path: Assets/Sound/wrong.mp3
  artifactKey: Guid(67e3bdefd6ad1c64ab2358b312c9caeb) Importer(815301076,1909f56bfc062723c751e8b465ee728b)
Start importing Assets/Sound/wrong.mp3 using Guid(67e3bdefd6ad1c64ab2358b312c9caeb) Importer(815301076,1909f56bfc062723c751e8b465ee728b)  -> (artifact id: 'ba43974da78c57f7d5ed0d3b769e7af2') in 0.014782 seconds 
Number of updated asset objects reloaded before import = 0
Number of asset objects unloaded after import = 2
========================================================================
Received Import Request.
  Time since last request: 0.000018 seconds.
  path: Assets/Sound/success.wav
  artifactKey: Guid(ef6abcf27de61fd4882aafc64af24154) Importer(815301076,1909f56bfc062723c751e8b465ee728b)
Start importing Assets/Sound/success.wav using Guid(ef6abcf27de61fd4882aafc64af24154) Importer(815301076,1909f56bfc062723c751e8b465ee728b)  -> (artifact id: 'c16ebf25c4d6c9e1ed8d22a47dc11f85') in 0.039846 seconds 
Number of updated asset objects reloaded before import = 0
Number of asset objects unloaded after import = 2
========================================================================
Received Import Request.
  Time since last request: 0.000017 seconds.
  path: Assets/Sound/219196__airborne80__infected-by-a-virus.mp3
  artifactKey: Guid(09b5fbc6bf6e77648863a6ecea005aca) Importer(815301076,1909f56bfc062723c751e8b465ee728b)
Start importing Assets/Sound/219196__airborne80__infected-by-a-virus.mp3 using Guid(09b5fbc6bf6e77648863a6ecea005aca) Importer(815301076,1909f56bfc062723c751e8b465ee728b)  -> (artifact id: '525ccbf85e23e30f48c3d93f3172fac3') in 0.074892 seconds 
Number of updated asset objects reloaded before import = 0
Number of asset objects unloaded after import = 2
========================================================================
Received Import Request.
  Time since last request: 0.000023 seconds.
  path: Assets/Sound/mermi_sesi.wav
  artifactKey: Guid(9560738809956e543be87c29dd9a07b8) Importer(815301076,1909f56bfc062723c751e8b465ee728b)
Start importing Assets/Sound/mermi_sesi.wav using Guid(9560738809956e543be87c29dd9a07b8) Importer(815301076,1909f56bfc062723c751e8b465ee728b)  -> (artifact id: '62445688713bb633749f7ed36235faea') in 0.025753 seconds 
Number of updated asset objects reloaded before import = 0
Number of asset objects unloaded after import = 2
========================================================================
Received Import Request.
  Time since last request: 18.921568 seconds.
  path: Assets/Sound/Giris_Sesi_2.wav
  artifactKey: Guid(c381563fb51afbe46b2e63faf92c00ab) Importer(815301076,1909f56bfc062723c751e8b465ee728b)
Start importing Assets/Sound/Giris_Sesi_2.wav using Guid(c381563fb51afbe46b2e63faf92c00ab) Importer(815301076,1909f56bfc062723c751e8b465ee728b)  -> (artifact id: '66d2105a5498f8eba35b2b7e092b10b6') in 0.011132 seconds 
Number of updated asset objects reloaded before import = 0
Number of asset objects unloaded after import = 2
========================================================================
Received Import Request.
  Time since last request: 40.777673 seconds.
  path: Assets/Scenes/Level2.unity
  artifactKey: Guid(9fc0d4010bbf28b4594072e72b8655ab) Importer(815301076,1909f56bfc062723c751e8b465ee728b)
Start importing Assets/Scenes/Level2.unity using Guid(9fc0d4010bbf28b4594072e72b8655ab) Importer(815301076,1909f56bfc062723c751e8b465ee728b)  -> (artifact id: '79709b70804053afb3e187f4c6084121') in 0.000560 seconds 
Number of updated asset objects reloaded before import = 0
Number of asset objects unloaded after import = 0
========================================================================
Received Import Request.
  Time since last request: 2.333303 seconds.
  path: Assets/Scenes/StartLevel.unity
  artifactKey: Guid(bd28f160a76b13648ae69b8580c6ed50) Importer(815301076,1909f56bfc062723c751e8b465ee728b)
Start importing Assets/Scenes/StartLevel.unity using Guid(bd28f160a76b13648ae69b8580c6ed50) Importer(815301076,1909f56bfc062723c751e8b465ee728b)  -> (artifact id: '080cff38b29122e8e05da7ae9a13a4ef') in 0.000469 seconds 
Number of updated asset objects reloaded before import = 0
Number of asset objects unloaded after import = 0
========================================================================
Received Import Request.
  Time since last request: 25.228149 seconds.
  path: Assets/Videos/Giris_Animasyon.mp4
  artifactKey: Guid(bfe6615a8d1055144a9d1a6e5dc8a397) Importer(815301076,1909f56bfc062723c751e8b465ee728b)
Start importing Assets/Videos/Giris_Animasyon.mp4 using Guid(bfe6615a8d1055144a9d1a6e5dc8a397) Importer(815301076,1909f56bfc062723c751e8b465ee728b)  -> (artifact id: '35ec260709cb13cdbd8e35bab886310e') in 0.001441 seconds 
Number of updated asset objects reloaded before import = 0
Number of asset objects unloaded after import = 1
========================================================================
Received Import Request.
  Time since last request: 0.000015 seconds.
  path: Assets/Videos/video2.mov
  artifactKey: Guid(97c93f7ca5aa7d6439e4a238e82cb54a) Importer(815301076,1909f56bfc062723c751e8b465ee728b)
Start importing Assets/Videos/video2.mov using Guid(97c93f7ca5aa7d6439e4a238e82cb54a) Importer(815301076,1909f56bfc062723c751e8b465ee728b)  -> (artifact id: '996b712bda2ba0f4baf328b0255facc0') in 0.000969 seconds 
Number of updated asset objects reloaded before import = 0
Number of asset objects unloaded after import = 1
========================================================================
Received Import Request.
  Time since last request: 0.000011 seconds.
  path: Assets/Videos/Video2.renderTexture
  artifactKey: Guid(44f3337eec7bcaa449082c7f40b09688) Importer(815301076,1909f56bfc062723c751e8b465ee728b)
Start importing Assets/Videos/Video2.renderTexture using Guid(44f3337eec7bcaa449082c7f40b09688) Importer(815301076,1909f56bfc062723c751e8b465ee728b)  -> (artifact id: '87220defb495b707bbfeb3e9784de7a4') in 0.020875 seconds 
Number of updated asset objects reloaded before import = 0
Number of asset objects unloaded after import = 2
========================================================================
Received Import Request.
  Time since last request: 0.647633 seconds.
  path: Assets/Videos
  artifactKey: Guid(69fdfc671689c3a4c99ff7198013ce71) Importer(815301076,1909f56bfc062723c751e8b465ee728b)
Start importing Assets/Videos using Guid(69fdfc671689c3a4c99ff7198013ce71) Importer(815301076,1909f56bfc062723c751e8b465ee728b)  -> (artifact id: '331385f6e72c5037d87021668ca976f3') in 0.000485 seconds 
Number of updated asset objects reloaded before import = 0
Number of asset objects unloaded after import = 0
========================================================================
Received Import Request.
  Time since last request: 51.032988 seconds.
  path: Assets/Videos/video3.renderTexture
  artifactKey: Guid(80fa58b30b65f8c478fc15b133bb1cb3) Importer(815301076,1909f56bfc062723c751e8b465ee728b)
Start importing Assets/Videos/video3.renderTexture using Guid(80fa58b30b65f8c478fc15b133bb1cb3) Importer(815301076,1909f56bfc062723c751e8b465ee728b)  -> (artifact id: '554ecab17db484ee7d0b2076b1cf8e05') in 0.007606 seconds 
Number of updated asset objects reloaded before import = 0
Number of asset objects unloaded after import = 2
========================================================================
Received Import Request.
  Time since last request: 59.071872 seconds.
  path: Assets/Materials/Arm.002 1.mat
  artifactKey: Guid(81307a126d2b67641854eff4c9cf3e2d) Importer(815301076,1909f56bfc062723c751e8b465ee728b)
Start importing Assets/Materials/Arm.002 1.mat using Guid(81307a126d2b67641854eff4c9cf3e2d) Importer(815301076,1909f56bfc062723c751e8b465ee728b)  -> (artifact id: 'cb93740dc287ea039b2f1d129747c383') in 0.011259 seconds 
Number of updated asset objects reloaded before import = 0
Number of asset objects unloaded after import = 3
========================================================================
Received Import Request.
  Time since last request: 0.000014 seconds.
  path: Assets/Materials/Arm_platine.004 1.mat
  artifactKey: Guid(026ce857f7b796442a4708121f765df8) Importer(815301076,1909f56bfc062723c751e8b465ee728b)
Start importing Assets/Materials/Arm_platine.004 1.mat using Guid(026ce857f7b796442a4708121f765df8) Importer(815301076,1909f56bfc062723c751e8b465ee728b)  -> (artifact id: '4fbbc545e0929bc3db6b6128d67507c1') in 0.011029 seconds 
Number of updated asset objects reloaded before import = 0
Number of asset objects unloaded after import = 4
========================================================================
Received Import Request.
  Time since last request: 19.421352 seconds.
  path: Assets/Materials/blinn6SG.mat
  artifactKey: Guid(a2701cf8b1c3e38478b9ee8b7301d2c7) Importer(815301076,1909f56bfc062723c751e8b465ee728b)
Start importing Assets/Materials/blinn6SG.mat using Guid(a2701cf8b1c3e38478b9ee8b7301d2c7) Importer(815301076,1909f56bfc062723c751e8b465ee728b)  -> (artifact id: '3fb7522533ace416adea5ad5e9f86f29') in 0.009964 seconds 
Number of updated asset objects reloaded before import = 0
Number of asset objects unloaded after import = 4
========================================================================
Received Import Request.
  Time since last request: 0.020980 seconds.
  path: Assets/Materials/blinn14SG.mat
  artifactKey: Guid(826690e3109fd804a8e6aa7728703e58) Importer(815301076,1909f56bfc062723c751e8b465ee728b)
Start importing Assets/Materials/blinn14SG.mat using Guid(826690e3109fd804a8e6aa7728703e58) Importer(815301076,1909f56bfc062723c751e8b465ee728b)  -> (artifact id: '071a16aea7d0799b5b6036f122dcb6f6') in 0.010435 seconds 
Number of updated asset objects reloaded before import = 0
Number of asset objects unloaded after import = 2
========================================================================
Received Import Request.
  Time since last request: 3.763591 seconds.
  path: Assets/Materials/Disk.002.mat
  artifactKey: Guid(26a706acf935350469560a8a0dd07489) Importer(815301076,1909f56bfc062723c751e8b465ee728b)
Start importing Assets/Materials/Disk.002.mat using Guid(26a706acf935350469560a8a0dd07489) Importer(815301076,1909f56bfc062723c751e8b465ee728b)  -> (artifact id: '1d0f5f63e510dca911858488a7f52368') in 0.014801 seconds 
Number of updated asset objects reloaded before import = 0
Number of asset objects unloaded after import = 4
========================================================================
Received Import Request.
  Time since last request: 15.274397 seconds.
  path: Assets/Materials/Image.mat
  artifactKey: Guid(112e3f29dca1a0345b5ea25a236de792) Importer(815301076,1909f56bfc062723c751e8b465ee728b)
Start importing Assets/Materials/Image.mat using Guid(112e3f29dca1a0345b5ea25a236de792) Importer(815301076,1909f56bfc062723c751e8b465ee728b)  -> (artifact id: '85f48dd3032b31b0d6c27b6e20af8fac') in 0.014255 seconds 
Number of updated asset objects reloaded before import = 0
Number of asset objects unloaded after import = 7
========================================================================
Received Import Request.
  Time since last request: 0.474627 seconds.
  path: Assets/Materials/Lot.001 1.mat
  artifactKey: Guid(9e6ba258cffad01468d6d1cb75c54542) Importer(815301076,1909f56bfc062723c751e8b465ee728b)
Start importing Assets/Materials/Lot.001 1.mat using Guid(9e6ba258cffad01468d6d1cb75c54542) Importer(815301076,1909f56bfc062723c751e8b465ee728b)  -> (artifact id: '0529d5466786f39806775191ec8c7f0a') in 0.011460 seconds 
Number of updated asset objects reloaded before import = 0
Number of asset objects unloaded after import = 3
========================================================================
Received Import Request.
  Time since last request: 122.397218 seconds.
  path: Assets/Materials/Materials/enemy.mat
  artifactKey: Guid(65fc6e100bc75464da9943fbcd0cf1ba) Importer(815301076,1909f56bfc062723c751e8b465ee728b)
Start importing Assets/Materials/Materials/enemy.mat using Guid(65fc6e100bc75464da9943fbcd0cf1ba) Importer(815301076,1909f56bfc062723c751e8b465ee728b)  -> (artifact id: 'd972e787a88e2d3b5308809c5c4af53f') in 0.017327 seconds 
Number of updated asset objects reloaded before import = 0
Number of asset objects unloaded after import = 6
========================================================================
Received Import Request.
  Time since last request: 9.947158 seconds.
  path: Assets/Materials/Materials/floor/ucujddrn_2K_Albedo.jpg
  artifactKey: Guid(2c0a584294e989244a05102f008ff467) Importer(815301076,1909f56bfc062723c751e8b465ee728b)
Start importing Assets/Materials/Materials/floor/ucujddrn_2K_Albedo.jpg using Guid(2c0a584294e989244a05102f008ff467) Importer(815301076,1909f56bfc062723c751e8b465ee728b)  -> (artifact id: '8b40a35fdc0db978dc11e5721d4fce98') in 0.013796 seconds 
Number of updated asset objects reloaded before import = 0
Number of asset objects unloaded after import = 2
========================================================================
Received Import Request.
  Time since last request: 0.000021 seconds.
  path: Assets/Materials/Materials/floor/ucujddrn_2K_Normal.jpg
  artifactKey: Guid(037f4614c90c77549a822a098ed19ebd) Importer(815301076,1909f56bfc062723c751e8b465ee728b)
Start importing Assets/Materials/Materials/floor/ucujddrn_2K_Normal.jpg using Guid(037f4614c90c77549a822a098ed19ebd) Importer(815301076,1909f56bfc062723c751e8b465ee728b)  -> (artifact id: '3270bcc7863a2e024d595bf524575dab') in 0.012819 seconds 
Number of updated asset objects reloaded before import = 0
Number of asset objects unloaded after import = 2
========================================================================
Received Import Request.
  Time since last request: 8.775785 seconds.
  path: Assets/Materials/Materials/floor/New Material.mat
  artifactKey: Guid(d10acfe69d3c4394d85beb8c6c70fd0a) Importer(815301076,1909f56bfc062723c751e8b465ee728b)
Start importing Assets/Materials/Materials/floor/New Material.mat using Guid(d10acfe69d3c4394d85beb8c6c70fd0a) Importer(815301076,1909f56bfc062723c751e8b465ee728b)  -> (artifact id: '3ac35b4229beff6d0154a004682f67d3') in 0.011956 seconds 
Number of updated asset objects reloaded before import = 0
Number of asset objects unloaded after import = 1
========================================================================
Received Import Request.
  Time since last request: 6.090957 seconds.
  path: Assets/Materials/Materials/floor/grnd.mat
  artifactKey: Guid(d10acfe69d3c4394d85beb8c6c70fd0a) Importer(815301076,1909f56bfc062723c751e8b465ee728b)
Start importing Assets/Materials/Materials/floor/grnd.mat using Guid(d10acfe69d3c4394d85beb8c6c70fd0a) Importer(815301076,1909f56bfc062723c751e8b465ee728b)  -> (artifact id: '473368a8678e817ddd90d716425fc7a0') in 0.012884 seconds 
Number of updated asset objects reloaded before import = 0
Number of asset objects unloaded after import = 1
========================================================================
Received Import Request.
  Time since last request: 221.959822 seconds.
  path: Assets/UI/1403474.png
  artifactKey: Guid(3f0202d2d7086984b9ff335fa809b6a1) Importer(815301076,1909f56bfc062723c751e8b465ee728b)
Start importing Assets/UI/1403474.png using Guid(3f0202d2d7086984b9ff335fa809b6a1) Importer(815301076,1909f56bfc062723c751e8b465ee728b)  -> (artifact id: '49f71873a279c1cdc643fc6e987d6e44') in 0.049249 seconds 
Number of updated asset objects reloaded before import = 0
Number of asset objects unloaded after import = 3
========================================================================
Received Import Request.
  Time since last request: 0.000015 seconds.
  path: Assets/UI/BASLANGIC_YAZISI.png
  artifactKey: Guid(508203fcd9e661e47aceead756ec554b) Importer(815301076,1909f56bfc062723c751e8b465ee728b)
Start importing Assets/UI/BASLANGIC_YAZISI.png using Guid(508203fcd9e661e47aceead756ec554b) Importer(815301076,1909f56bfc062723c751e8b465ee728b)  -> (artifact id: 'ba5138c49fb7dca8576e8d31db6ce3ae') in 0.045324 seconds 
Number of updated asset objects reloaded before import = 0
Number of asset objects unloaded after import = 3
========================================================================
Received Import Request.
  Time since last request: 0.000019 seconds.
  path: Assets/UI/canvas.png
  artifactKey: Guid(00dad76e6a8c3c349baeb30b3ac4571a) Importer(815301076,1909f56bfc062723c751e8b465ee728b)
Start importing Assets/UI/canvas.png using Guid(00dad76e6a8c3c349baeb30b3ac4571a) Importer(815301076,1909f56bfc062723c751e8b465ee728b)  -> (artifact id: 'aceec7183b1742dc5fa5b7fd9e227363') in 0.023176 seconds 
Number of updated asset objects reloaded before import = 0
Number of asset objects unloaded after import = 3
========================================================================
Received Import Request.
  Time since last request: 0.000017 seconds.
  path: Assets/UI/v748-toon-131.jpg
  artifactKey: Guid(4e84594927eabb74aa580a266428f348) Importer(815301076,1909f56bfc062723c751e8b465ee728b)
Start importing Assets/UI/v748-toon-131.jpg using Guid(4e84594927eabb74aa580a266428f348) Importer(815301076,1909f56bfc062723c751e8b465ee728b)  -> (artifact id: '57b6756dd1ccf673dffc0fcef3aa5b7d') in 0.013145 seconds 
Number of updated asset objects reloaded before import = 0
Number of asset objects unloaded after import = 3
========================================================================
Received Import Request.
  Time since last request: 97.955607 seconds.
  path: Assets/diskmap2.fbx
  artifactKey: Guid(e9988438f469338429022fe1bc6b5078) Importer(815301076,1909f56bfc062723c751e8b465ee728b)
Start importing Assets/diskmap2.fbx using Guid(e9988438f469338429022fe1bc6b5078) Importer(815301076,1909f56bfc062723c751e8b465ee728b)  -> (artifact id: '313bf490640c90406092f1c1eb1b6edf') in 1.412987 seconds 
Number of updated asset objects reloaded before import = 0
Number of asset objects unloaded after import = 1970
