Using pre-set license
Built from '2022.2/staging' branch; Version is '2022.2.11f1 (621cd60d08fd) revision 6429910'; Using compiler version '192829333'; Build Type 'Release'
OS: 'Windows 10  (10.0.19045) 64bit Professional' Language: 'tr' Physical Memory: 16177 MB
BatchMode: 1, IsHumanControllingUs: 0, StartBugReporterOnCrash: 0, Is64bit: 1, IsPro: 1

COMMAND LINE ARGUMENTS:
C:\Program Files\Unity\Hub\Editor\2022.2.11f1\Editor\Unity.exe
-adb2
-batchMode
-noUpm
-name
AssetImportWorker3
-projectPath
C:/Users/PC/Desktop/jamCase/jam33/My project
-logFile
Logs/AssetImportWorker3.log
-srvPort
59914
Successfully changed project path to: C:/Users/PC/Desktop/jamCase/jam33/My project
C:/Users/PC/Desktop/jamCase/jam33/My project
[UnityMemory] Configuration Parameters - Can be set up in boot.config
    "memorysetup-bucket-allocator-granularity=16"
    "memorysetup-bucket-allocator-bucket-count=8"
    "memorysetup-bucket-allocator-block-size=33554432"
    "memorysetup-bucket-allocator-block-count=8"
    "memorysetup-main-allocator-block-size=16777216"
    "memorysetup-thread-allocator-block-size=16777216"
    "memorysetup-gfx-main-allocator-block-size=16777216"
    "memorysetup-gfx-thread-allocator-block-size=16777216"
    "memorysetup-cache-allocator-block-size=4194304"
    "memorysetup-typetree-allocator-block-size=2097152"
    "memorysetup-profiler-bucket-allocator-granularity=16"
    "memorysetup-profiler-bucket-allocator-bucket-count=8"
    "memorysetup-profiler-bucket-allocator-block-size=33554432"
    "memorysetup-profiler-bucket-allocator-block-count=8"
    "memorysetup-profiler-allocator-block-size=16777216"
    "memorysetup-profiler-editor-allocator-block-size=1048576"
    "memorysetup-temp-allocator-size-main=16777216"
    "memorysetup-job-temp-allocator-block-size=2097152"
    "memorysetup-job-temp-allocator-block-size-background=1048576"
    "memorysetup-job-temp-allocator-reduction-small-platforms=262144"
    "memorysetup-temp-allocator-size-background-worker=32768"
    "memorysetup-temp-allocator-size-job-worker=262144"
    "memorysetup-temp-allocator-size-preload-manager=33554432"
    "memorysetup-temp-allocator-size-nav-mesh-worker=65536"
    "memorysetup-temp-allocator-size-audio-worker=65536"
    "memorysetup-temp-allocator-size-cloud-worker=32768"
    "memorysetup-temp-allocator-size-gi-baking-worker=262144"
    "memorysetup-temp-allocator-size-gfx=262144"
Player connection [20172] Host "[IP] 192.168.1.4 [Port] 0 [Flags] 2 [Guid] 2287157117 [EditorId] 2287157117 [Version] 1048832 [Id] WindowsEditor(7,DESKTOP-ETJUP5C) [Debug] 1 [PackageName] WindowsEditor [ProjectName] Editor" joined multi-casting on [225.0.0.222:54997]...

Player connection [20172] Host "[IP] 192.168.1.4 [Port] 0 [Flags] 2 [Guid] 2287157117 [EditorId] 2287157117 [Version] 1048832 [Id] WindowsEditor(7,DESKTOP-ETJUP5C) [Debug] 1 [PackageName] WindowsEditor [ProjectName] Editor" joined alternative multi-casting on [225.0.0.222:34997]...

Refreshing native plugins compatible for Editor in 8.07 ms, found 3 plugins.
Preloading 0 native plugins for Editor in 0.00 ms.
Initialize engine version: 2022.2.11f1 (621cd60d08fd)
[Subsystems] Discovering subsystems at path C:/Program Files/Unity/Hub/Editor/2022.2.11f1/Editor/Data/Resources/UnitySubsystems
[Subsystems] Discovering subsystems at path C:/Users/PC/Desktop/jamCase/jam33/My project/Assets
GfxDevice: creating device client; threaded=0; jobified=0
Direct3D:
    Version:  Direct3D 11.0 [level 11.1]
    Renderer: NVIDIA GeForce RTX 3060 (ID=0x2487)
    Vendor:   NVIDIA
    VRAM:     12124 MB
    Driver:   31.0.15.3129
Initialize mono
Mono path[0] = 'C:/Program Files/Unity/Hub/Editor/2022.2.11f1/Editor/Data/Managed'
Mono path[1] = 'C:/Program Files/Unity/Hub/Editor/2022.2.11f1/Editor/Data/MonoBleedingEdge/lib/mono/unityjit-win32'
Mono config path = 'C:/Program Files/Unity/Hub/Editor/2022.2.11f1/Editor/Data/MonoBleedingEdge/etc'
Using monoOptions --debugger-agent=transport=dt_socket,embedding=1,server=y,suspend=n,address=127.0.0.1:56036
Begin MonoManager ReloadAssembly
Registering precompiled unity dll's ...
Register platform support module: C:/Program Files/Unity/Hub/Editor/2022.2.11f1/Editor/Data/PlaybackEngines/WebGLSupport/UnityEditor.WebGL.Extensions.dll
Register platform support module: C:/Program Files/Unity/Hub/Editor/2022.2.11f1/Editor/Data/PlaybackEngines/AndroidPlayer/UnityEditor.Android.Extensions.dll
Register platform support module: C:/Program Files/Unity/Hub/Editor/2022.2.11f1/Editor/Data/PlaybackEngines/WindowsStandaloneSupport/UnityEditor.WindowsStandalone.Extensions.dll
Registered in 0.014043 seconds.
- Loaded All Assemblies, in  0.311 seconds
Native extension for WindowsStandalone target not found
Native extension for Android target not found
Android Extension - Scanning For ADB Devices 236 ms
Native extension for WebGL target not found
Mono: successfully reloaded assembly
- Finished resetting the current domain, in  0.502 seconds
Domain Reload Profiling:
	ReloadAssembly (181ms)
		BeginReloadAssembly (81ms)
			ExecutionOrderSort (0ms)
			DisableScriptedObjects (0ms)
			BackupInstance (0ms)
			ReleaseScriptingObjects (0ms)
			CreateAndSetChildDomain (1ms)
		LoadAllAssembliesAndSetupDomain (0ms)
			LoadAssemblies (79ms)
			RebuildTransferFunctionScriptingTraits (0ms)
			SetupTypeCache (120ms)
				TypeCache.Initialize (119ms)
					TypeCache.ScanAssembly (118ms)
				ResolveRequiredComponents (0ms)
		FinalizeReload (0ms)
			ReleaseScriptCaches (0ms)
			RebuildScriptCaches (0ms)
			SetupLoadedEditorAssemblies (451ms)
				LogAssemblyErrors (0ms)
				InitializePlatformSupportModulesInManaged (319ms)
				SetLoadedEditorAssemblies (4ms)
				RefreshPlugins (0ms)
				BeforeProcessingInitializeOnLoad (1ms)
				ProcessInitializeOnLoadAttributes (91ms)
				ProcessInitializeOnLoadMethodAttributes (36ms)
				AfterProcessingInitializeOnLoad (0ms)
				EditorAssembliesLoaded (0ms)
			ExecutionOrderSort2 (0ms)
			AwakeInstancesAfterBackupRestoration (0ms)
========================================================================
Worker process is ready to serve import requests
Begin MonoManager ReloadAssembly
Symbol file LoadedFromMemory doesn't match image C:\Users\PC\Desktop\jamCase\jam33\My project\Library\PackageCache\com.unity.visualscripting@1.8.0\Editor\VisualScripting.Core\Dependencies\YamlDotNet\Unity.VisualScripting.YamlDotNet.dll
Symbol file LoadedFromMemory doesn't match image C:\Users\PC\Desktop\jamCase\jam33\My project\Library\PackageCache\com.unity.visualscripting@1.8.0\Editor\VisualScripting.Core\Dependencies\DotNetZip\Unity.VisualScripting.IonicZip.dll
- Loaded All Assemblies, in  0.626 seconds
Refreshing native plugins compatible for Editor in 3.17 ms, found 3 plugins.
Native extension for WindowsStandalone target not found
Native extension for Android target not found
Native extension for WebGL target not found
Mono: successfully reloaded assembly
- Finished resetting the current domain, in  0.443 seconds
Domain Reload Profiling:
	ReloadAssembly (186ms)
		BeginReloadAssembly (113ms)
			ExecutionOrderSort (0ms)
			DisableScriptedObjects (5ms)
			BackupInstance (0ms)
			ReleaseScriptingObjects (0ms)
			CreateAndSetChildDomain (20ms)
		LoadAllAssembliesAndSetupDomain (437ms)
			LoadAssemblies (243ms)
			RebuildTransferFunctionScriptingTraits (0ms)
			SetupTypeCache (246ms)
				TypeCache.Initialize (230ms)
					TypeCache.ScanAssembly (226ms)
				ResolveRequiredComponents (4ms)
		FinalizeReload (0ms)
			ReleaseScriptCaches (0ms)
			RebuildScriptCaches (0ms)
			SetupLoadedEditorAssemblies (314ms)
				LogAssemblyErrors (0ms)
				InitializePlatformSupportModulesInManaged (21ms)
				SetLoadedEditorAssemblies (4ms)
				RefreshPlugins (0ms)
				BeforeProcessingInitializeOnLoad (57ms)
				ProcessInitializeOnLoadAttributes (207ms)
				ProcessInitializeOnLoadMethodAttributes (16ms)
				AfterProcessingInitializeOnLoad (8ms)
				EditorAssembliesLoaded (0ms)
			ExecutionOrderSort2 (0ms)
			AwakeInstancesAfterBackupRestoration (5ms)
Launched and connected shader compiler UnityShaderCompiler.exe after 0.04 seconds
Refreshing native plugins compatible for Editor in 3.04 ms, found 3 plugins.
Preloading 0 native plugins for Editor in 0.00 ms.
Unloading 3147 Unused Serialized files (Serialized files now loaded: 0)
Unloading 34 unused Assets / (66.6 KB). Loaded Objects now: 3617.
Memory consumption went from 111.0 MB to 110.9 MB.
Total: 2.769500 ms (FindLiveObjects: 0.196200 ms CreateObjectMapping: 0.150700 ms MarkObjects: 2.289500 ms  DeleteObjects: 0.131900 ms)

AssetImportParameters requested are different than current active one (requested -> active):
  custom:container-demuxer-ogg: 62fdf1f143b41e24485cea50d1cbac27 -> 
  custom:video-decoder-ogg-theora: a1e56fd34408186e4bbccfd4996cb3dc -> 
  custom:framework-win-MediaFoundation: 216162199b28c13a410421893ffa2e32 -> 
  custom:container-demuxer-webm: 4f35f7cbe854078d1ac9338744f61a02 -> 
  custom:container-muxer-webm: aa71ff27fc2769a1b78a27578f13a17b -> 
  custom:video-decoder-webm-vp8: 9c59270c3fd7afecdb556c50c9e8de78 -> 
  custom:AudioImporter_EditorPlatform: d09bf68614088b80899f8185d706f6e7 -> 
  custom:video-encoder-webm-vp8: eb34c28f22e8b96e1ab97ce403110664 -> 
  custom:audio-decoder-ogg-vorbis: bf7c407c2cedff20999df2af8eb42d56 -> 
  custom:audio-encoder-webm-vorbis: bf7c407c2cedff20999df2af8eb42d56 -> 
========================================================================
Received Import Request.
  Time since last request: 137020.839556 seconds.
  path: Assets/Materials/Front_Texture.mat
  artifactKey: Guid(d62bb570037b415449bdcb71415808e2) Importer(815301076,1909f56bfc062723c751e8b465ee728b)
Start importing Assets/Materials/Front_Texture.mat using Guid(d62bb570037b415449bdcb71415808e2) Importer(815301076,1909f56bfc062723c751e8b465ee728b)  -> (artifact id: '98b31e322b6cd669a4a62dcc11d5ac62') in 0.089858 seconds 
Number of updated asset objects reloaded before import = 0
Number of asset objects unloaded after import = 2
========================================================================
Received Import Request.
  Time since last request: 0.102116 seconds.
  path: Assets/Materials/GlowBlack 2.mat
  artifactKey: Guid(8f70827f2428ab64bbde832679a6bb3b) Importer(815301076,1909f56bfc062723c751e8b465ee728b)
Start importing Assets/Materials/GlowBlack 2.mat using Guid(8f70827f2428ab64bbde832679a6bb3b) Importer(815301076,1909f56bfc062723c751e8b465ee728b)  -> (artifact id: '701da90f622783f6f56b933472c85362') in 0.014370 seconds 
Number of updated asset objects reloaded before import = 0
Number of asset objects unloaded after import = 1
========================================================================
Received Import Request.
  Time since last request: 0.426744 seconds.
  path: Assets/Materials/Gumi.002.mat
  artifactKey: Guid(d46f4e53e96d24844a2dc119d15d00e2) Importer(815301076,1909f56bfc062723c751e8b465ee728b)
Start importing Assets/Materials/Gumi.002.mat using Guid(d46f4e53e96d24844a2dc119d15d00e2) Importer(815301076,1909f56bfc062723c751e8b465ee728b)  -> (artifact id: 'de863f626d999d59210b338ae8f2540b') in 0.009069 seconds 
Number of updated asset objects reloaded before import = 0
Number of asset objects unloaded after import = 1
========================================================================
Received Import Request.
  Time since last request: 0.036041 seconds.
  path: Assets/Materials/gun2.png
  artifactKey: Guid(5a1c5d7fae23a26428ef22e2cc45b612) Importer(815301076,1909f56bfc062723c751e8b465ee728b)
Start importing Assets/Materials/gun2.png using Guid(5a1c5d7fae23a26428ef22e2cc45b612) Importer(815301076,1909f56bfc062723c751e8b465ee728b)  -> (artifact id: '10572a9c80da149ed3038d17e046c85b') in 0.019677 seconds 
Number of updated asset objects reloaded before import = 0
Number of asset objects unloaded after import = 2
========================================================================
Received Import Request.
  Time since last request: 0.369716 seconds.
  path: Assets/Materials/IMref4_kopf01.001.mat
  artifactKey: Guid(9914b07e8eea4714c82e45dc9db2747c) Importer(815301076,1909f56bfc062723c751e8b465ee728b)
Start importing Assets/Materials/IMref4_kopf01.001.mat using Guid(9914b07e8eea4714c82e45dc9db2747c) Importer(815301076,1909f56bfc062723c751e8b465ee728b)  -> (artifact id: 'ddffa09a5f3dc7dcf4b4be90b3e47773') in 0.015386 seconds 
Number of updated asset objects reloaded before import = 0
Number of asset objects unloaded after import = 2
========================================================================
Received Import Request.
  Time since last request: 0.027283 seconds.
  path: Assets/Materials/lambert1 1.mat
  artifactKey: Guid(d8a88a909a409774592b4753043302f8) Importer(815301076,1909f56bfc062723c751e8b465ee728b)
Start importing Assets/Materials/lambert1 1.mat using Guid(d8a88a909a409774592b4753043302f8) Importer(815301076,1909f56bfc062723c751e8b465ee728b)  -> (artifact id: '4268928e45daa15aa5bcc31f2be3e907') in 0.012020 seconds 
Number of updated asset objects reloaded before import = 0
Number of asset objects unloaded after import = 1
========================================================================
Received Import Request.
  Time since last request: 1.373032 seconds.
  path: Assets/Materials/Material.mat
  artifactKey: Guid(7c5bf093ee1ed814c9611b0e2af55e55) Importer(815301076,1909f56bfc062723c751e8b465ee728b)
Start importing Assets/Materials/Material.mat using Guid(7c5bf093ee1ed814c9611b0e2af55e55) Importer(815301076,1909f56bfc062723c751e8b465ee728b)  -> (artifact id: 'aa70b8c2bb84951ce1d00de9bf81a5fb') in 0.011209 seconds 
Number of updated asset objects reloaded before import = 0
Number of asset objects unloaded after import = 1
========================================================================
Received Import Request.
  Time since last request: 0.021465 seconds.
  path: Assets/Materials/Material.002.mat
  artifactKey: Guid(70106a418839c5042a12aaa61c31321d) Importer(815301076,1909f56bfc062723c751e8b465ee728b)
Start importing Assets/Materials/Material.002.mat using Guid(70106a418839c5042a12aaa61c31321d) Importer(815301076,1909f56bfc062723c751e8b465ee728b)  -> (artifact id: '6c011c9bb90994dda2a20a0bb1d68144') in 0.017675 seconds 
Number of updated asset objects reloaded before import = 0
Number of asset objects unloaded after import = 1
========================================================================
Received Import Request.
  Time since last request: 0.571269 seconds.
  path: Assets/Materials/Material.006.mat
  artifactKey: Guid(22150ad7d909f7943848f64fde8e34e3) Importer(815301076,1909f56bfc062723c751e8b465ee728b)
Start importing Assets/Materials/Material.006.mat using Guid(22150ad7d909f7943848f64fde8e34e3) Importer(815301076,1909f56bfc062723c751e8b465ee728b)  -> (artifact id: '7b4a1b9291f7a3e11d3c85369068a0c6') in 0.010476 seconds 
Number of updated asset objects reloaded before import = 0
Number of asset objects unloaded after import = 2
========================================================================
Received Import Request.
  Time since last request: 0.029748 seconds.
  path: Assets/Materials/Material.010.mat
  artifactKey: Guid(8da882242f499ae4586736c42832de61) Importer(815301076,1909f56bfc062723c751e8b465ee728b)
Start importing Assets/Materials/Material.010.mat using Guid(8da882242f499ae4586736c42832de61) Importer(815301076,1909f56bfc062723c751e8b465ee728b)  -> (artifact id: '9bd45e2adcbea847990210e4f1993c16') in 0.010941 seconds 
Number of updated asset objects reloaded before import = 0
Number of asset objects unloaded after import = 1
========================================================================
Received Import Request.
  Time since last request: 0.081448 seconds.
  path: Assets/Materials/Material.011 1.mat
  artifactKey: Guid(85ee416f13ac41642a1074310ea0e270) Importer(815301076,1909f56bfc062723c751e8b465ee728b)
Start importing Assets/Materials/Material.011 1.mat using Guid(85ee416f13ac41642a1074310ea0e270) Importer(815301076,1909f56bfc062723c751e8b465ee728b)  -> (artifact id: '344f539635de454e7bb062993284cb5d') in 0.009486 seconds 
Number of updated asset objects reloaded before import = 0
Number of asset objects unloaded after import = 1
========================================================================
Received Import Request.
  Time since last request: 0.912960 seconds.
  path: Assets/Materials/Material.012 2.mat
  artifactKey: Guid(f5dc524c2a947804286f09a45510ca80) Importer(815301076,1909f56bfc062723c751e8b465ee728b)
Start importing Assets/Materials/Material.012 2.mat using Guid(f5dc524c2a947804286f09a45510ca80) Importer(815301076,1909f56bfc062723c751e8b465ee728b)  -> (artifact id: '3f8dbcd8c36219d7f13109f9d25de59a') in 0.010802 seconds 
Number of updated asset objects reloaded before import = 0
Number of asset objects unloaded after import = 1
========================================================================
Received Import Request.
  Time since last request: 0.517266 seconds.
  path: Assets/Materials/Material.017.mat
  artifactKey: Guid(9effa14468775574db45b9ad91e9a97b) Importer(815301076,1909f56bfc062723c751e8b465ee728b)
Start importing Assets/Materials/Material.017.mat using Guid(9effa14468775574db45b9ad91e9a97b) Importer(815301076,1909f56bfc062723c751e8b465ee728b)  -> (artifact id: 'ac4aa0b88c199fad09f071497c0d7b79') in 0.011211 seconds 
Number of updated asset objects reloaded before import = 0
Number of asset objects unloaded after import = 2
========================================================================
Received Import Request.
  Time since last request: 0.033065 seconds.
  path: Assets/Materials/Material.022.mat
  artifactKey: Guid(63a5ad2a79afa004783664adc31486fd) Importer(815301076,1909f56bfc062723c751e8b465ee728b)
Start importing Assets/Materials/Material.022.mat using Guid(63a5ad2a79afa004783664adc31486fd) Importer(815301076,1909f56bfc062723c751e8b465ee728b)  -> (artifact id: 'e8018db90a15cd884379ba5f0e0d813b') in 0.010455 seconds 
Number of updated asset objects reloaded before import = 0
Number of asset objects unloaded after import = 2
========================================================================
Received Import Request.
  Time since last request: 0.470574 seconds.
  path: Assets/Materials/Material.024 2.mat
  artifactKey: Guid(b4cc896587db43f438ee9a3d93f54f2d) Importer(815301076,1909f56bfc062723c751e8b465ee728b)
Start importing Assets/Materials/Material.024 2.mat using Guid(b4cc896587db43f438ee9a3d93f54f2d) Importer(815301076,1909f56bfc062723c751e8b465ee728b)  -> (artifact id: '97400dfe35d3ec2181c4d3f1fc5b79d3') in 0.010778 seconds 
Number of updated asset objects reloaded before import = 0
Number of asset objects unloaded after import = 1
========================================================================
Received Import Request.
  Time since last request: 0.000017 seconds.
  path: Assets/Materials/Material.025.mat
  artifactKey: Guid(20f40acf3265d4a4b8cc794425d177b4) Importer(815301076,1909f56bfc062723c751e8b465ee728b)
Start importing Assets/Materials/Material.025.mat using Guid(20f40acf3265d4a4b8cc794425d177b4) Importer(815301076,1909f56bfc062723c751e8b465ee728b)  -> (artifact id: '229be02d351db7a4715fb61c3ef472e8') in 0.010148 seconds 
Number of updated asset objects reloaded before import = 0
Number of asset objects unloaded after import = 2
========================================================================
Received Import Request.
  Time since last request: 0.012211 seconds.
  path: Assets/Materials/Material.026.mat
  artifactKey: Guid(aece9fe5472bfd14ca04b002dc0e3941) Importer(815301076,1909f56bfc062723c751e8b465ee728b)
Start importing Assets/Materials/Material.026.mat using Guid(aece9fe5472bfd14ca04b002dc0e3941) Importer(815301076,1909f56bfc062723c751e8b465ee728b)  -> (artifact id: '6918b54979ecd5419feecbc4b01f4d28') in 0.009572 seconds 
Number of updated asset objects reloaded before import = 0
Number of asset objects unloaded after import = 2
========================================================================
Received Import Request.
  Time since last request: 0.000017 seconds.
  path: Assets/Materials/Material.026 1.mat
  artifactKey: Guid(6cc35cbd370aef24c865c1a9a4bec24c) Importer(815301076,1909f56bfc062723c751e8b465ee728b)
Start importing Assets/Materials/Material.026 1.mat using Guid(6cc35cbd370aef24c865c1a9a4bec24c) Importer(815301076,1909f56bfc062723c751e8b465ee728b)  -> (artifact id: '26b9cc39096f52f9c65ac42e127eee72') in 0.009799 seconds 
Number of updated asset objects reloaded before import = 0
Number of asset objects unloaded after import = 1
========================================================================
Received Import Request.
  Time since last request: 0.467786 seconds.
  path: Assets/Materials/Material.027 1.mat
  artifactKey: Guid(63b00bcabe932e841bd1189db0c7052f) Importer(815301076,1909f56bfc062723c751e8b465ee728b)
Start importing Assets/Materials/Material.027 1.mat using Guid(63b00bcabe932e841bd1189db0c7052f) Importer(815301076,1909f56bfc062723c751e8b465ee728b)  -> (artifact id: '07108574dff87e18d8a4e2d06968c079') in 0.009846 seconds 
Number of updated asset objects reloaded before import = 0
Number of asset objects unloaded after import = 1
========================================================================
Received Import Request.
  Time since last request: 0.023797 seconds.
  path: Assets/Materials/Material.028 2.mat
  artifactKey: Guid(64b1df7e9bc3b4249b6bbce5fc88029d) Importer(815301076,1909f56bfc062723c751e8b465ee728b)
Start importing Assets/Materials/Material.028 2.mat using Guid(64b1df7e9bc3b4249b6bbce5fc88029d) Importer(815301076,1909f56bfc062723c751e8b465ee728b)  -> (artifact id: '731fecaa52bfa7e667bf48a61b50beb1') in 0.010996 seconds 
Number of updated asset objects reloaded before import = 0
Number of asset objects unloaded after import = 1
========================================================================
Received Import Request.
  Time since last request: 0.060115 seconds.
  path: Assets/Materials/Material.030.mat
  artifactKey: Guid(2e3aba92865492949a0b2536ac501422) Importer(815301076,1909f56bfc062723c751e8b465ee728b)
Start importing Assets/Materials/Material.030.mat using Guid(2e3aba92865492949a0b2536ac501422) Importer(815301076,1909f56bfc062723c751e8b465ee728b)  -> (artifact id: '071546a933939193eebfb8cbd6fbf919') in 0.009757 seconds 
Number of updated asset objects reloaded before import = 0
Number of asset objects unloaded after import = 2
========================================================================
Received Import Request.
  Time since last request: 0.244023 seconds.
  path: Assets/Materials/Material.031 1.mat
  artifactKey: Guid(252ab39061e562e4691bd8e12c481811) Importer(815301076,1909f56bfc062723c751e8b465ee728b)
Start importing Assets/Materials/Material.031 1.mat using Guid(252ab39061e562e4691bd8e12c481811) Importer(815301076,1909f56bfc062723c751e8b465ee728b)  -> (artifact id: '68721898ae6023a636c901fdf550e8d2') in 0.011320 seconds 
Number of updated asset objects reloaded before import = 0
Number of asset objects unloaded after import = 2
========================================================================
Received Import Request.
  Time since last request: 0.025633 seconds.
  path: Assets/Materials/Material.032 2.mat
  artifactKey: Guid(0f93fc4acb40b664485975ac26dbb0f2) Importer(815301076,1909f56bfc062723c751e8b465ee728b)
Start importing Assets/Materials/Material.032 2.mat using Guid(0f93fc4acb40b664485975ac26dbb0f2) Importer(815301076,1909f56bfc062723c751e8b465ee728b)  -> (artifact id: '063d08ef05284c1466e8f462f86f3350') in 0.009142 seconds 
Number of updated asset objects reloaded before import = 0
Number of asset objects unloaded after import = 1
========================================================================
Received Import Request.
  Time since last request: 0.021380 seconds.
  path: Assets/Materials/Material.034.mat
  artifactKey: Guid(926e7eb8b25586b47b65a18c125eff93) Importer(815301076,1909f56bfc062723c751e8b465ee728b)
Start importing Assets/Materials/Material.034.mat using Guid(926e7eb8b25586b47b65a18c125eff93) Importer(815301076,1909f56bfc062723c751e8b465ee728b)  -> (artifact id: '9eec8cb484e401bbccd79d66bc28e489') in 0.010618 seconds 
Number of updated asset objects reloaded before import = 0
Number of asset objects unloaded after import = 1
========================================================================
Received Import Request.
  Time since last request: 0.295942 seconds.
  path: Assets/Materials/Material.035 1.mat
  artifactKey: Guid(9894a295288ff1b429e2f23febe348c2) Importer(815301076,1909f56bfc062723c751e8b465ee728b)
Start importing Assets/Materials/Material.035 1.mat using Guid(9894a295288ff1b429e2f23febe348c2) Importer(815301076,1909f56bfc062723c751e8b465ee728b)  -> (artifact id: '91ab4e496ce7f2e19646e0cd0ea95411') in 0.009489 seconds 
Number of updated asset objects reloaded before import = 0
Number of asset objects unloaded after import = 2
========================================================================
Received Import Request.
  Time since last request: 0.007376 seconds.
  path: Assets/Materials/Material.036 1.mat
  artifactKey: Guid(7c9b10286ea2dda41867e92073f7a92b) Importer(815301076,1909f56bfc062723c751e8b465ee728b)
Start importing Assets/Materials/Material.036 1.mat using Guid(7c9b10286ea2dda41867e92073f7a92b) Importer(815301076,1909f56bfc062723c751e8b465ee728b)  -> (artifact id: 'ef81cef6bc6792cae4249870a0803617') in 0.011608 seconds 
Number of updated asset objects reloaded before import = 0
Number of asset objects unloaded after import = 2
========================================================================
Received Import Request.
  Time since last request: 0.312770 seconds.
  path: Assets/Materials/Material.038.mat
  artifactKey: Guid(00468d5588ed8d44db08138a3ea7bba2) Importer(815301076,1909f56bfc062723c751e8b465ee728b)
Start importing Assets/Materials/Material.038.mat using Guid(00468d5588ed8d44db08138a3ea7bba2) Importer(815301076,1909f56bfc062723c751e8b465ee728b)  -> (artifact id: 'b893d3aea8854bee8546cf4e23f3ca19') in 0.009699 seconds 
Number of updated asset objects reloaded before import = 0
Number of asset objects unloaded after import = 1
========================================================================
Received Import Request.
  Time since last request: 0.023156 seconds.
  path: Assets/Materials/Material.039 1.mat
  artifactKey: Guid(ebc517346e0524d4e936f33dc44af1c3) Importer(815301076,1909f56bfc062723c751e8b465ee728b)
Start importing Assets/Materials/Material.039 1.mat using Guid(ebc517346e0524d4e936f33dc44af1c3) Importer(815301076,1909f56bfc062723c751e8b465ee728b)  -> (artifact id: '7053ac3c5d9334b3bb1967fe87ac5b5a') in 0.017981 seconds 
Number of updated asset objects reloaded before import = 0
Number of asset objects unloaded after import = 2
========================================================================
Received Import Request.
  Time since last request: 0.000013 seconds.
  path: Assets/Materials/Material.039 2.mat
  artifactKey: Guid(abb546ea9d87b334798593f0cbe4d95a) Importer(815301076,1909f56bfc062723c751e8b465ee728b)
Start importing Assets/Materials/Material.039 2.mat using Guid(abb546ea9d87b334798593f0cbe4d95a) Importer(815301076,1909f56bfc062723c751e8b465ee728b)  -> (artifact id: 'a47b1e662a7e1554d9af7fe53fc59697') in 0.012179 seconds 
Number of updated asset objects reloaded before import = 0
Number of asset objects unloaded after import = 2
========================================================================
Received Import Request.
  Time since last request: 0.008028 seconds.
  path: Assets/Materials/Material.040 2.mat
  artifactKey: Guid(08516299377c05740b8c7e83b3968634) Importer(815301076,1909f56bfc062723c751e8b465ee728b)
Start importing Assets/Materials/Material.040 2.mat using Guid(08516299377c05740b8c7e83b3968634) Importer(815301076,1909f56bfc062723c751e8b465ee728b)  -> (artifact id: 'b642dafa6f29cf0287964b2e6bc72e9c') in 0.016627 seconds 
Number of updated asset objects reloaded before import = 0
Number of asset objects unloaded after import = 2
========================================================================
Received Import Request.
  Time since last request: 0.307917 seconds.
  path: Assets/Materials/Material.042 2.mat
  artifactKey: Guid(d13a9f497754f4c48b6f2eaf4fd34038) Importer(815301076,1909f56bfc062723c751e8b465ee728b)
Start importing Assets/Materials/Material.042 2.mat using Guid(d13a9f497754f4c48b6f2eaf4fd34038) Importer(815301076,1909f56bfc062723c751e8b465ee728b)  -> (artifact id: '209c4b4afbc3594a0fdfdd65d0cae67d') in 0.014449 seconds 
Number of updated asset objects reloaded before import = 0
Number of asset objects unloaded after import = 2
========================================================================
Received Import Request.
  Time since last request: 0.021757 seconds.
  path: Assets/Materials/Material.044.mat
  artifactKey: Guid(3167891532774a7459af62bbabbc54b6) Importer(815301076,1909f56bfc062723c751e8b465ee728b)
Start importing Assets/Materials/Material.044.mat using Guid(3167891532774a7459af62bbabbc54b6) Importer(815301076,1909f56bfc062723c751e8b465ee728b)  -> (artifact id: '18f803b39216865bc23cb6648e6122c6') in 0.012642 seconds 
Number of updated asset objects reloaded before import = 0
Number of asset objects unloaded after import = 1
========================================================================
Received Import Request.
  Time since last request: 0.036847 seconds.
  path: Assets/Materials/Material.045 1.mat
  artifactKey: Guid(c0d6bfa290939594cb000b68f5ee6977) Importer(815301076,1909f56bfc062723c751e8b465ee728b)
Start importing Assets/Materials/Material.045 1.mat using Guid(c0d6bfa290939594cb000b68f5ee6977) Importer(815301076,1909f56bfc062723c751e8b465ee728b)  -> (artifact id: '68907b4d39acc9834ad9d1d76db7cd0a') in 0.010328 seconds 
Number of updated asset objects reloaded before import = 0
Number of asset objects unloaded after import = 2
========================================================================
Received Import Request.
  Time since last request: 0.543117 seconds.
  path: Assets/Materials/Material.047.mat
  artifactKey: Guid(87c2d613f0b4142419560c170f9462ad) Importer(815301076,1909f56bfc062723c751e8b465ee728b)
Start importing Assets/Materials/Material.047.mat using Guid(87c2d613f0b4142419560c170f9462ad) Importer(815301076,1909f56bfc062723c751e8b465ee728b)  -> (artifact id: 'ec1b7e7206182f685a0ef098bb24bca7') in 0.009875 seconds 
Number of updated asset objects reloaded before import = 0
Number of asset objects unloaded after import = 1
========================================================================
Received Import Request.
  Time since last request: 0.000015 seconds.
  path: Assets/Materials/Material.047 1.mat
  artifactKey: Guid(80abcbc6932809f4e9a46cf9b3494565) Importer(815301076,1909f56bfc062723c751e8b465ee728b)
Start importing Assets/Materials/Material.047 1.mat using Guid(80abcbc6932809f4e9a46cf9b3494565) Importer(815301076,1909f56bfc062723c751e8b465ee728b)  -> (artifact id: 'a2af2e3b68abf3fdddb9bb41d6bc56ec') in 0.010470 seconds 
Number of updated asset objects reloaded before import = 0
Number of asset objects unloaded after import = 1
========================================================================
Received Import Request.
  Time since last request: 0.000013 seconds.
  path: Assets/Materials/Material.049 1.mat
  artifactKey: Guid(e2a5d8452b5b48949bd6c12b14c2423c) Importer(815301076,1909f56bfc062723c751e8b465ee728b)
Start importing Assets/Materials/Material.049 1.mat using Guid(e2a5d8452b5b48949bd6c12b14c2423c) Importer(815301076,1909f56bfc062723c751e8b465ee728b)  -> (artifact id: 'd9ff57ab676201b46e7e79c5b2159326') in 0.011985 seconds 
Number of updated asset objects reloaded before import = 0
Number of asset objects unloaded after import = 1
========================================================================
Received Import Request.
  Time since last request: 0.050665 seconds.
  path: Assets/Materials/Material.051.mat
  artifactKey: Guid(a8d82383ee0d5e748981bcbfe19cc6e1) Importer(815301076,1909f56bfc062723c751e8b465ee728b)
Start importing Assets/Materials/Material.051.mat using Guid(a8d82383ee0d5e748981bcbfe19cc6e1) Importer(815301076,1909f56bfc062723c751e8b465ee728b)  -> (artifact id: '7716d82fd87245c6410625ef19efaeb1') in 0.008894 seconds 
Number of updated asset objects reloaded before import = 0
Number of asset objects unloaded after import = 1
========================================================================
Received Import Request.
  Time since last request: 0.252452 seconds.
  path: Assets/Materials/Material.057.mat
  artifactKey: Guid(980647f7ab7e26e41b023ce2c8e2439b) Importer(815301076,1909f56bfc062723c751e8b465ee728b)
Start importing Assets/Materials/Material.057.mat using Guid(980647f7ab7e26e41b023ce2c8e2439b) Importer(815301076,1909f56bfc062723c751e8b465ee728b)  -> (artifact id: 'dfbc9a215bc650bc3191969a1fe1ea1e') in 0.010632 seconds 
Number of updated asset objects reloaded before import = 0
Number of asset objects unloaded after import = 1
========================================================================
Received Import Request.
  Time since last request: 0.041415 seconds.
  path: Assets/Materials/Material.059.mat
  artifactKey: Guid(6e5a324840315814a807b83d53abab15) Importer(815301076,1909f56bfc062723c751e8b465ee728b)
Start importing Assets/Materials/Material.059.mat using Guid(6e5a324840315814a807b83d53abab15) Importer(815301076,1909f56bfc062723c751e8b465ee728b)  -> (artifact id: '37687bca58166046f585e1de78e94fa7') in 0.009521 seconds 
Number of updated asset objects reloaded before import = 0
Number of asset objects unloaded after import = 1
========================================================================
Received Import Request.
  Time since last request: 0.041856 seconds.
  path: Assets/Materials/Material.061.mat
  artifactKey: Guid(608d1b96184b824479387ee3520a0e79) Importer(815301076,1909f56bfc062723c751e8b465ee728b)
Start importing Assets/Materials/Material.061.mat using Guid(608d1b96184b824479387ee3520a0e79) Importer(815301076,1909f56bfc062723c751e8b465ee728b)  -> (artifact id: 'e7ae8365466a8924c2d467bba774d044') in 0.009211 seconds 
Number of updated asset objects reloaded before import = 0
Number of asset objects unloaded after import = 1
========================================================================
Received Import Request.
  Time since last request: 0.979462 seconds.
  path: Assets/Materials/Material.063.mat
  artifactKey: Guid(2b389c789912a764a9b11c514c47476f) Importer(815301076,1909f56bfc062723c751e8b465ee728b)
Start importing Assets/Materials/Material.063.mat using Guid(2b389c789912a764a9b11c514c47476f) Importer(815301076,1909f56bfc062723c751e8b465ee728b)  -> (artifact id: '264d2376c027ea38649d5c7e852ad5c3') in 0.009123 seconds 
Number of updated asset objects reloaded before import = 0
Number of asset objects unloaded after import = 1
========================================================================
Received Import Request.
  Time since last request: 0.023133 seconds.
  path: Assets/Materials/Material.065.mat
  artifactKey: Guid(8247848616cc510469c4ee348ffbb211) Importer(815301076,1909f56bfc062723c751e8b465ee728b)
Start importing Assets/Materials/Material.065.mat using Guid(8247848616cc510469c4ee348ffbb211) Importer(815301076,1909f56bfc062723c751e8b465ee728b)  -> (artifact id: '0e9842597f9136863019a8c3305bf4e8') in 0.009194 seconds 
Number of updated asset objects reloaded before import = 0
Number of asset objects unloaded after import = 1
========================================================================
Received Import Request.
  Time since last request: 0.023341 seconds.
  path: Assets/Materials/Material.067.mat
  artifactKey: Guid(078336d3d17c40b4a88254b3c7f87f35) Importer(815301076,1909f56bfc062723c751e8b465ee728b)
Start importing Assets/Materials/Material.067.mat using Guid(078336d3d17c40b4a88254b3c7f87f35) Importer(815301076,1909f56bfc062723c751e8b465ee728b)  -> (artifact id: '36102019c0fd0b34486ad8fb501947a9') in 0.009132 seconds 
Number of updated asset objects reloaded before import = 0
Number of asset objects unloaded after import = 1
========================================================================
Received Import Request.
  Time since last request: 0.007735 seconds.
  path: Assets/Materials/Material.068 1.mat
  artifactKey: Guid(9bb9b32b3b4836540bc8588ebf1f2055) Importer(815301076,1909f56bfc062723c751e8b465ee728b)
Start importing Assets/Materials/Material.068 1.mat using Guid(9bb9b32b3b4836540bc8588ebf1f2055) Importer(815301076,1909f56bfc062723c751e8b465ee728b)  -> (artifact id: '0c608d67a92c84beb39f968a77fe926a') in 0.009480 seconds 
Number of updated asset objects reloaded before import = 0
Number of asset objects unloaded after import = 1
========================================================================
Received Import Request.
  Time since last request: 0.009135 seconds.
  path: Assets/Materials/Material.070 1.mat
  artifactKey: Guid(b748b36f59d66074a8c883f6595aa1fa) Importer(815301076,1909f56bfc062723c751e8b465ee728b)
Start importing Assets/Materials/Material.070 1.mat using Guid(b748b36f59d66074a8c883f6595aa1fa) Importer(815301076,1909f56bfc062723c751e8b465ee728b)  -> (artifact id: '3f01f3e794c3a93c4b2bbdc2b060755d') in 0.010173 seconds 
Number of updated asset objects reloaded before import = 0
Number of asset objects unloaded after import = 1
========================================================================
Received Import Request.
  Time since last request: 0.020773 seconds.
  path: Assets/Materials/Material.073.mat
  artifactKey: Guid(1ddba29fd002c3a4fba939176126ff0b) Importer(815301076,1909f56bfc062723c751e8b465ee728b)
Start importing Assets/Materials/Material.073.mat using Guid(1ddba29fd002c3a4fba939176126ff0b) Importer(815301076,1909f56bfc062723c751e8b465ee728b)  -> (artifact id: 'f8f77ed7d35a87843cc768cb4173b206') in 0.009930 seconds 
Number of updated asset objects reloaded before import = 0
Number of asset objects unloaded after import = 1
========================================================================
Received Import Request.
  Time since last request: 0.020911 seconds.
  path: Assets/Materials/Material.119.mat
  artifactKey: Guid(c493fa7f463177a45913e89e2f9278c2) Importer(815301076,1909f56bfc062723c751e8b465ee728b)
Start importing Assets/Materials/Material.119.mat using Guid(c493fa7f463177a45913e89e2f9278c2) Importer(815301076,1909f56bfc062723c751e8b465ee728b)  -> (artifact id: 'f9611fcd61273a669ed56ef0f81d48bb') in 0.009932 seconds 
Number of updated asset objects reloaded before import = 0
Number of asset objects unloaded after import = 1
========================================================================
Received Import Request.
  Time since last request: 0.060184 seconds.
  path: Assets/Materials/Material.124.mat
  artifactKey: Guid(72526e9c0d4b7204fbca5541ff410772) Importer(815301076,1909f56bfc062723c751e8b465ee728b)
Start importing Assets/Materials/Material.124.mat using Guid(72526e9c0d4b7204fbca5541ff410772) Importer(815301076,1909f56bfc062723c751e8b465ee728b)  -> (artifact id: '8df26f6ea29bb66842b972c0391d1df8') in 0.009501 seconds 
Number of updated asset objects reloaded before import = 0
Number of asset objects unloaded after import = 1
========================================================================
Received Import Request.
  Time since last request: 0.041399 seconds.
  path: Assets/Materials/Material.128.mat
  artifactKey: Guid(7dab165f762f22b42bf9e96653c98e5e) Importer(815301076,1909f56bfc062723c751e8b465ee728b)
Start importing Assets/Materials/Material.128.mat using Guid(7dab165f762f22b42bf9e96653c98e5e) Importer(815301076,1909f56bfc062723c751e8b465ee728b)  -> (artifact id: '4da04e4dcc8d40ad9b21749efd187e0a') in 0.010194 seconds 
Number of updated asset objects reloaded before import = 0
Number of asset objects unloaded after import = 2
========================================================================
Received Import Request.
  Time since last request: 0.032402 seconds.
  path: Assets/Materials/Material.132.mat
  artifactKey: Guid(09e7c8ba192f3db478b1bef29ca62096) Importer(815301076,1909f56bfc062723c751e8b465ee728b)
Start importing Assets/Materials/Material.132.mat using Guid(09e7c8ba192f3db478b1bef29ca62096) Importer(815301076,1909f56bfc062723c751e8b465ee728b)  -> (artifact id: '6a14d82d055b52c5e47e401a5cb6e321') in 0.010095 seconds 
Number of updated asset objects reloaded before import = 0
Number of asset objects unloaded after import = 2
========================================================================
Received Import Request.
  Time since last request: 0.020327 seconds.
  path: Assets/Materials/Material.136.mat
  artifactKey: Guid(6487c3137f1bb7544b9bfb234ce6252f) Importer(815301076,1909f56bfc062723c751e8b465ee728b)
Start importing Assets/Materials/Material.136.mat using Guid(6487c3137f1bb7544b9bfb234ce6252f) Importer(815301076,1909f56bfc062723c751e8b465ee728b)  -> (artifact id: '1b5f31769c9a939d5893085e5adc5b6c') in 0.010222 seconds 
Number of updated asset objects reloaded before import = 0
Number of asset objects unloaded after import = 2
========================================================================
Received Import Request.
  Time since last request: 0.021070 seconds.
  path: Assets/Materials/Material.140.mat
  artifactKey: Guid(1f5714ada0d723543b635ef78b038519) Importer(815301076,1909f56bfc062723c751e8b465ee728b)
Start importing Assets/Materials/Material.140.mat using Guid(1f5714ada0d723543b635ef78b038519) Importer(815301076,1909f56bfc062723c751e8b465ee728b)  -> (artifact id: 'ea8d43e96147e5085a807543ebc32b38') in 0.013007 seconds 
Number of updated asset objects reloaded before import = 0
Number of asset objects unloaded after import = 2
========================================================================
Received Import Request.
  Time since last request: 0.034293 seconds.
  path: Assets/Materials/Material.144.mat
  artifactKey: Guid(ef0ee65c9a5b7bf41958f21c08fa7210) Importer(815301076,1909f56bfc062723c751e8b465ee728b)
Start importing Assets/Materials/Material.144.mat using Guid(ef0ee65c9a5b7bf41958f21c08fa7210) Importer(815301076,1909f56bfc062723c751e8b465ee728b)  -> (artifact id: '8ae824fcd776189c1041a8724bf9c2d0') in 0.009887 seconds 
Number of updated asset objects reloaded before import = 0
Number of asset objects unloaded after import = 2
========================================================================
Received Import Request.
  Time since last request: 0.000015 seconds.
  path: Assets/Materials/Material.145.mat
  artifactKey: Guid(7b98c25e2cee0a74484700c85e4293bb) Importer(815301076,1909f56bfc062723c751e8b465ee728b)
Start importing Assets/Materials/Material.145.mat using Guid(7b98c25e2cee0a74484700c85e4293bb) Importer(815301076,1909f56bfc062723c751e8b465ee728b)  -> (artifact id: '053371175e780df02626ac46fa30fc28') in 0.010364 seconds 
Number of updated asset objects reloaded before import = 0
Number of asset objects unloaded after import = 2
========================================================================
Received Import Request.
  Time since last request: 0.035347 seconds.
  path: Assets/Materials/Material.148.mat
  artifactKey: Guid(21d68ea29c5a678478dc344ec71991e3) Importer(815301076,1909f56bfc062723c751e8b465ee728b)
Start importing Assets/Materials/Material.148.mat using Guid(21d68ea29c5a678478dc344ec71991e3) Importer(815301076,1909f56bfc062723c751e8b465ee728b)  -> (artifact id: 'fe1db81253bf5e81269debf74735d8e4') in 0.009468 seconds 
Number of updated asset objects reloaded before import = 0
Number of asset objects unloaded after import = 2
========================================================================
Received Import Request.
  Time since last request: 0.031985 seconds.
  path: Assets/Materials/Material.152.mat
  artifactKey: Guid(a8b3fe5349d9004449be66f5858bc9fa) Importer(815301076,1909f56bfc062723c751e8b465ee728b)
Start importing Assets/Materials/Material.152.mat using Guid(a8b3fe5349d9004449be66f5858bc9fa) Importer(815301076,1909f56bfc062723c751e8b465ee728b)  -> (artifact id: 'b8950d2d5f79399507497bb42c79d85b') in 0.009845 seconds 
Number of updated asset objects reloaded before import = 0
Number of asset objects unloaded after import = 2
========================================================================
Received Import Request.
  Time since last request: 0.000014 seconds.
  path: Assets/Materials/Material.153.mat
  artifactKey: Guid(965ac36bf8baef447849a16dd6528b82) Importer(815301076,1909f56bfc062723c751e8b465ee728b)
Start importing Assets/Materials/Material.153.mat using Guid(965ac36bf8baef447849a16dd6528b82) Importer(815301076,1909f56bfc062723c751e8b465ee728b)  -> (artifact id: '8a9a883b0bb6f834bc5cc665c0794fd2') in 0.010346 seconds 
Number of updated asset objects reloaded before import = 0
Number of asset objects unloaded after import = 2
========================================================================
Received Import Request.
  Time since last request: 0.000016 seconds.
  path: Assets/Materials/Material.156.mat
  artifactKey: Guid(4d3f70707cbfd824c923096ca0f052a9) Importer(815301076,1909f56bfc062723c751e8b465ee728b)
Start importing Assets/Materials/Material.156.mat using Guid(4d3f70707cbfd824c923096ca0f052a9) Importer(815301076,1909f56bfc062723c751e8b465ee728b)  -> (artifact id: '2550f87b2d7cae0265a8b130c042878e') in 0.010057 seconds 
Number of updated asset objects reloaded before import = 0
Number of asset objects unloaded after import = 2
========================================================================
Received Import Request.
  Time since last request: 0.007986 seconds.
  path: Assets/Materials/Material.160.mat
  artifactKey: Guid(47cf921b96f10c24a80084f6866b412d) Importer(815301076,1909f56bfc062723c751e8b465ee728b)
Start importing Assets/Materials/Material.160.mat using Guid(47cf921b96f10c24a80084f6866b412d) Importer(815301076,1909f56bfc062723c751e8b465ee728b)  -> (artifact id: '494af801c7ab56aefac5a7a5b632cc6c') in 0.011142 seconds 
Number of updated asset objects reloaded before import = 0
Number of asset objects unloaded after import = 2
========================================================================
Received Import Request.
  Time since last request: 0.032282 seconds.
  path: Assets/Materials/monitor_body texture.001.mat
  artifactKey: Guid(9e6ee88dc080c3347a1af2a666f6d5cf) Importer(815301076,1909f56bfc062723c751e8b465ee728b)
Start importing Assets/Materials/monitor_body texture.001.mat using Guid(9e6ee88dc080c3347a1af2a666f6d5cf) Importer(815301076,1909f56bfc062723c751e8b465ee728b)  -> (artifact id: '2ecf3aeaeb567f7cec0c29fcb65bf0e1') in 0.009228 seconds 
Number of updated asset objects reloaded before import = 0
Number of asset objects unloaded after import = 1
========================================================================
Received Import Request.
  Time since last request: 0.000015 seconds.
  path: Assets/Materials/monitor_buttons.001.mat
  artifactKey: Guid(c9a9011776219c34d999c47d326d2849) Importer(815301076,1909f56bfc062723c751e8b465ee728b)
Start importing Assets/Materials/monitor_buttons.001.mat using Guid(c9a9011776219c34d999c47d326d2849) Importer(815301076,1909f56bfc062723c751e8b465ee728b)  -> (artifact id: 'b16e2b161114906661a188cf590de940') in 0.009479 seconds 
Number of updated asset objects reloaded before import = 0
Number of asset objects unloaded after import = 1
========================================================================
Received Import Request.
  Time since last request: 0.217027 seconds.
  path: Assets/Materials/monitor_metal white.001.mat
  artifactKey: Guid(ba6cfb430e40b1248a8adaaf3dae2aaf) Importer(815301076,1909f56bfc062723c751e8b465ee728b)
Start importing Assets/Materials/monitor_metal white.001.mat using Guid(ba6cfb430e40b1248a8adaaf3dae2aaf) Importer(815301076,1909f56bfc062723c751e8b465ee728b)  -> (artifact id: '9895ac49002fb3b27a59d289fbe41b13') in 0.010932 seconds 
Number of updated asset objects reloaded before import = 0
Number of asset objects unloaded after import = 1
========================================================================
Received Import Request.
  Time since last request: 0.040217 seconds.
  path: Assets/Materials/mOTOR123_.002 1.mat
  artifactKey: Guid(23849e1284a53494f990b4970b5f02a6) Importer(815301076,1909f56bfc062723c751e8b465ee728b)
Start importing Assets/Materials/mOTOR123_.002 1.mat using Guid(23849e1284a53494f990b4970b5f02a6) Importer(815301076,1909f56bfc062723c751e8b465ee728b)  -> (artifact id: '5f2218383e5d73299adce4c181acc164') in 0.010216 seconds 
Number of updated asset objects reloaded before import = 0
Number of asset objects unloaded after import = 1
========================================================================
Received Import Request.
  Time since last request: 0.051650 seconds.
  path: Assets/Materials/Motor_schwarz.003 1.mat
  artifactKey: Guid(bba3ad925b15fdf4cbb3e9408341fe12) Importer(815301076,1909f56bfc062723c751e8b465ee728b)
Start importing Assets/Materials/Motor_schwarz.003 1.mat using Guid(bba3ad925b15fdf4cbb3e9408341fe12) Importer(815301076,1909f56bfc062723c751e8b465ee728b)  -> (artifact id: '86fa5252ee965ba9f2afcf2f1399e558') in 0.022288 seconds 
Number of updated asset objects reloaded before import = 0
Number of asset objects unloaded after import = 2
========================================================================
Received Import Request.
  Time since last request: 0.024304 seconds.
  path: Assets/Materials/mönitör.mat
  artifactKey: Guid(a02a47f03eaa0e747a66ca397c70fc01) Importer(815301076,1909f56bfc062723c751e8b465ee728b)
Start importing Assets/Materials/mönitör.mat using Guid(a02a47f03eaa0e747a66ca397c70fc01) Importer(815301076,1909f56bfc062723c751e8b465ee728b)  -> (artifact id: 'b37acc80552e99097bc04ef8e8dcd279') in 0.009849 seconds 
Number of updated asset objects reloaded before import = 0
Number of asset objects unloaded after import = 1
========================================================================
Received Import Request.
  Time since last request: 0.022646 seconds.
  path: Assets/Materials/Parken.002 1.mat
  artifactKey: Guid(bcdc8275dd60db04aaa6d991fff4bd8f) Importer(815301076,1909f56bfc062723c751e8b465ee728b)
Start importing Assets/Materials/Parken.002 1.mat using Guid(bcdc8275dd60db04aaa6d991fff4bd8f) Importer(815301076,1909f56bfc062723c751e8b465ee728b)  -> (artifact id: '7e1a4e4f5e1f5586182328995a3b3bac') in 0.013632 seconds 
Number of updated asset objects reloaded before import = 0
Number of asset objects unloaded after import = 1
========================================================================
Received Import Request.
  Time since last request: 0.003515 seconds.
  path: Assets/Materials/Player.mat
  artifactKey: Guid(a462e14e6acddf14a935695960aa39ad) Importer(815301076,1909f56bfc062723c751e8b465ee728b)
Start importing Assets/Materials/Player.mat using Guid(a462e14e6acddf14a935695960aa39ad) Importer(815301076,1909f56bfc062723c751e8b465ee728b)  -> (artifact id: '7c9aa95495ebd17370a14075a20fb7d2') in 0.021728 seconds 
Number of updated asset objects reloaded before import = 0
Number of asset objects unloaded after import = 1
========================================================================
Received Import Request.
  Time since last request: 0.020027 seconds.
  path: Assets/Materials/ref4_hinten.001 1.mat
  artifactKey: Guid(833f6e68e54b14749b84b67393a14bbf) Importer(815301076,1909f56bfc062723c751e8b465ee728b)
Start importing Assets/Materials/ref4_hinten.001 1.mat using Guid(833f6e68e54b14749b84b67393a14bbf) Importer(815301076,1909f56bfc062723c751e8b465ee728b)  -> (artifact id: '75b83f542610488167db62978133b2c6') in 0.013111 seconds 
Number of updated asset objects reloaded before import = 0
Number of asset objects unloaded after import = 1
========================================================================
Received Import Request.
  Time since last request: 0.022838 seconds.
  path: Assets/Materials/ref4_hinten.003 1.mat
  artifactKey: Guid(02d6bcc69f450f648bcb562c42d57598) Importer(815301076,1909f56bfc062723c751e8b465ee728b)
Start importing Assets/Materials/ref4_hinten.003 1.mat using Guid(02d6bcc69f450f648bcb562c42d57598) Importer(815301076,1909f56bfc062723c751e8b465ee728b)  -> (artifact id: 'bf00454f330020864b70ec3146f3015f') in 0.013864 seconds 
Number of updated asset objects reloaded before import = 0
Number of asset objects unloaded after import = 1
========================================================================
Received Import Request.
  Time since last request: 0.030700 seconds.
  path: Assets/Materials/ref4_lehr_vorne.003 1.mat
  artifactKey: Guid(ad28f186908b09f47b2d861c1ade2a01) Importer(815301076,1909f56bfc062723c751e8b465ee728b)
Start importing Assets/Materials/ref4_lehr_vorne.003 1.mat using Guid(ad28f186908b09f47b2d861c1ade2a01) Importer(815301076,1909f56bfc062723c751e8b465ee728b)  -> (artifact id: '85a8561131a810544e7eb56a355afa4d') in 0.009752 seconds 
Number of updated asset objects reloaded before import = 0
Number of asset objects unloaded after import = 1
========================================================================
Received Import Request.
  Time since last request: 0.023584 seconds.
  path: Assets/Materials/Rubber 1.mat
  artifactKey: Guid(7bbe1f70ad69e8842bd85460f9da71fd) Importer(815301076,1909f56bfc062723c751e8b465ee728b)
Start importing Assets/Materials/Rubber 1.mat using Guid(7bbe1f70ad69e8842bd85460f9da71fd) Importer(815301076,1909f56bfc062723c751e8b465ee728b)  -> (artifact id: '5f981b1173ff49590a63a15ff16fe6f4') in 0.013583 seconds 
Number of updated asset objects reloaded before import = 0
Number of asset objects unloaded after import = 1
========================================================================
Received Import Request.
  Time since last request: 0.003222 seconds.
  path: Assets/Materials/Shade.mat
  artifactKey: Guid(f10258c7719e96c4eadb4d1a228e2b06) Importer(815301076,1909f56bfc062723c751e8b465ee728b)
Start importing Assets/Materials/Shade.mat using Guid(f10258c7719e96c4eadb4d1a228e2b06) Importer(815301076,1909f56bfc062723c751e8b465ee728b)  -> (artifact id: '43e8626b9d8cde03c8c25d7bb4078bfb') in 0.010042 seconds 
Number of updated asset objects reloaded before import = 0
Number of asset objects unloaded after import = 1
========================================================================
Received Import Request.
  Time since last request: 0.034618 seconds.
  path: Assets/Materials/çerçeve 1.mat
  artifactKey: Guid(59860ef1d5592e04e9bb13dc554b142d) Importer(815301076,1909f56bfc062723c751e8b465ee728b)
Start importing Assets/Materials/çerçeve 1.mat using Guid(59860ef1d5592e04e9bb13dc554b142d) Importer(815301076,1909f56bfc062723c751e8b465ee728b)  -> (artifact id: '2be286bdde58cc2f930582c414ded330') in 0.009121 seconds 
Number of updated asset objects reloaded before import = 0
Number of asset objects unloaded after import = 1
========================================================================
Received Import Request.
  Time since last request: 1.594919 seconds.
  path: Assets/Materials/blinn5SG.mat
  artifactKey: Guid(6af8c48b426cbb7489f709ffd7c387d7) Importer(815301076,1909f56bfc062723c751e8b465ee728b)
Start importing Assets/Materials/blinn5SG.mat using Guid(6af8c48b426cbb7489f709ffd7c387d7) Importer(815301076,1909f56bfc062723c751e8b465ee728b)  -> (artifact id: '6c723f5ffca4404671ddd214a9f235e2') in 0.009635 seconds 
Number of updated asset objects reloaded before import = 0
Number of asset objects unloaded after import = 1
========================================================================
Received Import Request.
  Time since last request: 0.117053 seconds.
  path: Assets/Materials/blinn1SG.mat
  artifactKey: Guid(4710d875ac8d9e341a58feccafdb823f) Importer(815301076,1909f56bfc062723c751e8b465ee728b)
Start importing Assets/Materials/blinn1SG.mat using Guid(4710d875ac8d9e341a58feccafdb823f) Importer(815301076,1909f56bfc062723c751e8b465ee728b)  -> (artifact id: '8a46fed2901281135d76eb149c6da6cc') in 0.009881 seconds 
Number of updated asset objects reloaded before import = 0
Number of asset objects unloaded after import = 2
========================================================================
Received Import Request.
  Time since last request: 0.054993 seconds.
  path: Assets/Materials/Automotive led lights.001 1.mat
  artifactKey: Guid(8c594309ab287724fb0974e4eb119fb6) Importer(815301076,1909f56bfc062723c751e8b465ee728b)
Start importing Assets/Materials/Automotive led lights.001 1.mat using Guid(8c594309ab287724fb0974e4eb119fb6) Importer(815301076,1909f56bfc062723c751e8b465ee728b)  -> (artifact id: '4876bdccfa35aa8e8fe1d59aa0754cfa') in 0.009839 seconds 
Number of updated asset objects reloaded before import = 0
Number of asset objects unloaded after import = 1
========================================================================
Received Import Request.
  Time since last request: 0.000016 seconds.
  path: Assets/Materials/Back.mat
  artifactKey: Guid(362b739c2b7d1e14584f23e89932d718) Importer(815301076,1909f56bfc062723c751e8b465ee728b)
Start importing Assets/Materials/Back.mat using Guid(362b739c2b7d1e14584f23e89932d718) Importer(815301076,1909f56bfc062723c751e8b465ee728b)  -> (artifact id: '45c978acd399e0208ac8a628e0a413e4') in 0.010182 seconds 
Number of updated asset objects reloaded before import = 0
Number of asset objects unloaded after import = 1
========================================================================
Received Import Request.
  Time since last request: 0.043964 seconds.
  path: Assets/Materials/Arm_platine.004.mat
  artifactKey: Guid(3d452a94bfbe99f4d912e8bcc01ce75e) Importer(815301076,1909f56bfc062723c751e8b465ee728b)
Start importing Assets/Materials/Arm_platine.004.mat using Guid(3d452a94bfbe99f4d912e8bcc01ce75e) Importer(815301076,1909f56bfc062723c751e8b465ee728b)  -> (artifact id: '9a81ac0213e634ed3c2168a4d85b9aca') in 0.010192 seconds 
Number of updated asset objects reloaded before import = 0
Number of asset objects unloaded after import = 2
========================================================================
Received Import Request.
  Time since last request: 0.000016 seconds.
  path: Assets/Materials/Arm_platine.004 1.mat
  artifactKey: Guid(026ce857f7b796442a4708121f765df8) Importer(815301076,1909f56bfc062723c751e8b465ee728b)
Start importing Assets/Materials/Arm_platine.004 1.mat using Guid(026ce857f7b796442a4708121f765df8) Importer(815301076,1909f56bfc062723c751e8b465ee728b)  -> (artifact id: '4fbbc545e0929bc3db6b6128d67507c1') in 0.010384 seconds 
Number of updated asset objects reloaded before import = 0
Number of asset objects unloaded after import = 4
========================================================================
Received Import Request.
  Time since last request: 0.033432 seconds.
  path: Assets/Materials/Arm.003.mat
  artifactKey: Guid(5a231a5c25e3eed4489a8e9ee5ade317) Importer(815301076,1909f56bfc062723c751e8b465ee728b)
Start importing Assets/Materials/Arm.003.mat using Guid(5a231a5c25e3eed4489a8e9ee5ade317) Importer(815301076,1909f56bfc062723c751e8b465ee728b)  -> (artifact id: '80192874f623e0e227e3ef65fe4fd927') in 0.009290 seconds 
Number of updated asset objects reloaded before import = 0
Number of asset objects unloaded after import = 1
========================================================================
Received Import Request.
  Time since last request: 0.055201 seconds.
  path: Assets/Materials/aNSCHLUSS_PLATINE_VORN_Platine.004.mat
  artifactKey: Guid(478c634816ed4334f97b294ad1f05e7a) Importer(815301076,1909f56bfc062723c751e8b465ee728b)
Start importing Assets/Materials/aNSCHLUSS_PLATINE_VORN_Platine.004.mat using Guid(478c634816ed4334f97b294ad1f05e7a) Importer(815301076,1909f56bfc062723c751e8b465ee728b)  -> (artifact id: '4a2c53248564236092fac07aff1b94fe') in 0.009182 seconds 
Number of updated asset objects reloaded before import = 0
Number of asset objects unloaded after import = 2
========================================================================
Received Import Request.
  Time since last request: 0.000014 seconds.
  path: Assets/Materials/aNSCHLUSS_PLATINE_VORN_Platine.004 1.mat
  artifactKey: Guid(8473466fe2307d544ab0181c50d3a21e) Importer(815301076,1909f56bfc062723c751e8b465ee728b)
Start importing Assets/Materials/aNSCHLUSS_PLATINE_VORN_Platine.004 1.mat using Guid(8473466fe2307d544ab0181c50d3a21e) Importer(815301076,1909f56bfc062723c751e8b465ee728b)  -> (artifact id: '7a47f1c73340ee61ac93eb5ec7e4e95b') in 0.017751 seconds 
Number of updated asset objects reloaded before import = 0
Number of asset objects unloaded after import = 2
========================================================================
Received Import Request.
  Time since last request: 0.130253 seconds.
  path: Assets/Materials/Alu.004.mat
  artifactKey: Guid(71e8ab1449feadb4794b14fc51c4fdce) Importer(815301076,1909f56bfc062723c751e8b465ee728b)
Start importing Assets/Materials/Alu.004.mat using Guid(71e8ab1449feadb4794b14fc51c4fdce) Importer(815301076,1909f56bfc062723c751e8b465ee728b)  -> (artifact id: '8ae6ecdab070471526c2aa785ebf3675') in 0.009169 seconds 
Number of updated asset objects reloaded before import = 0
Number of asset objects unloaded after import = 1
========================================================================
Received Import Request.
  Time since last request: 0.054406 seconds.
  path: Assets/Materials/acero_pulido.mat
  artifactKey: Guid(50b25e7069f74ba49954e23344eed553) Importer(815301076,1909f56bfc062723c751e8b465ee728b)
Start importing Assets/Materials/acero_pulido.mat using Guid(50b25e7069f74ba49954e23344eed553) Importer(815301076,1909f56bfc062723c751e8b465ee728b)  -> (artifact id: '896ec23d71eb1928481f81568750eaa2') in 0.009340 seconds 
Number of updated asset objects reloaded before import = 0
Number of asset objects unloaded after import = 1
========================================================================
Received Import Request.
  Time since last request: 12.052933 seconds.
  path: Assets/Materials/Materials/gun3.mat
  artifactKey: Guid(025b3390a0c828b468ca6accc651dd64) Importer(815301076,1909f56bfc062723c751e8b465ee728b)
Start importing Assets/Materials/Materials/gun3.mat using Guid(025b3390a0c828b468ca6accc651dd64) Importer(815301076,1909f56bfc062723c751e8b465ee728b)  -> (artifact id: '7cad247491ef3a1affd4e989c1bb01a3') in 0.013390 seconds 
Number of updated asset objects reloaded before import = 0
Number of asset objects unloaded after import = 2
========================================================================
Received Import Request.
  Time since last request: 0.000016 seconds.
  path: Assets/Materials/Materials/TexturesCom_SolarCells_2K_albedo.tif
  artifactKey: Guid(808d4f51d0cb1114b9d798c32ffe3825) Importer(815301076,1909f56bfc062723c751e8b465ee728b)
Start importing Assets/Materials/Materials/TexturesCom_SolarCells_2K_albedo.tif using Guid(808d4f51d0cb1114b9d798c32ffe3825) Importer(815301076,1909f56bfc062723c751e8b465ee728b)  -> (artifact id: '631c29561ae205a791a6e3820e0f7404') in 0.011154 seconds 
Number of updated asset objects reloaded before import = 0
Number of asset objects unloaded after import = 2
========================================================================
Received Import Request.
  Time since last request: 0.000017 seconds.
  path: Assets/Materials/Materials/TexturesCom_SolarCells_2K_normal (1).tif
  artifactKey: Guid(c26d3529abb58c24e90ab0a0696a42a6) Importer(815301076,1909f56bfc062723c751e8b465ee728b)
Start importing Assets/Materials/Materials/TexturesCom_SolarCells_2K_normal (1).tif using Guid(c26d3529abb58c24e90ab0a0696a42a6) Importer(815301076,1909f56bfc062723c751e8b465ee728b)  -> (artifact id: '14fab15da8782ae40fe5f1c1c173227e') in 0.007083 seconds 
Number of updated asset objects reloaded before import = 0
Number of asset objects unloaded after import = 2
Editor requested this worker to shutdown with reason: Scaling down because of idle timeout
TcpMessagingSession - receive error: operation aborted. errorcode: 995, details: Bir i parac k veya bir uygulama istei nedeniyle G/ ilemi iptal edildi.
AssetImportWorker is now disconnected from the server
Process exiting
Exiting without the bug reporter. Application will terminate with return code 0